<?xml version="1.0" encoding="UTF-8"?>
<!-- Generated by org.testng.reporters.JUnitReportReporter -->
<testsuite skipped="0" hostname="CNL-4JVB6J3" name="BackOffice.LiveRoomProductActivity_TestSet001" tests="22" failures="0" timestamp="31 八月 2023 03:47:14 GMT" time="36.000" errors="0">
  <testcase name="test006_校验直播券" time="0.000" classname="BackOffice.LiveRoomProductActivity_TestSet001"/>
  <testcase name="test006_校验直播券" time="0.000" classname="BackOffice.LiveRoomProductActivity_TestSet001"/>
  <testcase name="test006_校验直播券" time="0.000" classname="BackOffice.LiveRoomProductActivity_TestSet001"/>
  <testcase name="test006_校验直播券" time="0.000" classname="BackOffice.LiveRoomProductActivity_TestSet001"/>
  <testcase name="test006_校验直播券" time="0.000" classname="BackOffice.LiveRoomProductActivity_TestSet001"/>
  <testcase name="test006_校验直播券" time="0.000" classname="BackOffice.LiveRoomProductActivity_TestSet001"/>
  <testcase name="test006_校验直播券" time="0.000" classname="BackOffice.LiveRoomProductActivity_TestSet001"/>
  <testcase name="test003_创建直播券" time="16.554" classname="BackOffice.LiveRoomProductActivity_TestSet001"/>
  <testcase name="test006_校验直播券" time="0.000" classname="BackOffice.LiveRoomProductActivity_TestSet001"/>
  <testcase name="test006_校验直播券" time="0.001" classname="BackOffice.LiveRoomProductActivity_TestSet001"/>
  <testcase name="test006_校验直播券" time="0.000" classname="BackOffice.LiveRoomProductActivity_TestSet001"/>
  <testcase name="test006_校验直播券" time="0.000" classname="BackOffice.LiveRoomProductActivity_TestSet001"/>
  <testcase name="test002_创建活动页面" time="7.528" classname="BackOffice.LiveRoomProductActivity_TestSet001"/>
  <testcase name="test006_校验直播券" time="0.000" classname="BackOffice.LiveRoomProductActivity_TestSet001"/>
  <testcase name="test006_校验直播券" time="0.000" classname="BackOffice.LiveRoomProductActivity_TestSet001"/>
  <testcase name="test005_校验直播券" time="0.000" classname="BackOffice.LiveRoomProductActivity_TestSet001"/>
  <testcase name="test006_校验直播券" time="0.000" classname="BackOffice.LiveRoomProductActivity_TestSet001"/>
  <testcase name="test006_校验直播券" time="0.000" classname="BackOffice.LiveRoomProductActivity_TestSet001"/>
  <testcase name="test006_校验直播券" time="0.000" classname="BackOffice.LiveRoomProductActivity_TestSet001"/>
  <testcase name="test006_校验直播券" time="0.000" classname="BackOffice.LiveRoomProductActivity_TestSet001"/>
  <testcase name="test001_启动后台" time="9.474" classname="BackOffice.LiveRoomProductActivity_TestSet001"/>
  <testcase name="test004_直播券页面获取" time="2.443" classname="BackOffice.LiveRoomProductActivity_TestSet001"/>
</testsuite> <!-- BackOffice.LiveRoomProductActivity_TestSet001 -->
