<?xml version="1.0" encoding="UTF-8"?>
<!-- Generated by org.testng.reporters.JUnitReportReporter -->
<testsuite skipped="0" hostname="CNL-4JVB6J3" name="EasyPromo.OnlineCoupon_DistributeChannelDCN_UseChannelDCN" tests="65" failures="0" timestamp="28 五月 2024 03:58:54 GMT" time="534.421" errors="0">
  <testcase name="TC011_loggedUserReceiveCoupon" time="0.696" classname="EasyPromo.OnlineCoupon_DistributeChannelDCN_UseChannelDCN"/>
  <testcase name="test039_DCNQueryUserCoupon" time="53.231" classname="EasyPromo.OnlineCoupon_DistributeChannelDCN_UseChannelDCN"/>
  <testcase name="TC004_queryFlowID" time="7.028" classname="EasyPromo.OnlineCoupon_DistributeChannelDCN_UseChannelDCN"/>
  <testcase name="test025_promotionDetails_003" time="0.000" classname="EasyPromo.OnlineCoupon_DistributeChannelDCN_UseChannelDCN"/>
  <testcase name="TC002_queryStockID" time="8.516" classname="EasyPromo.OnlineCoupon_DistributeChannelDCN_UseChannelDCN"/>
  <testcase name="test026_redeemCoupon" time="10.349" classname="EasyPromo.OnlineCoupon_DistributeChannelDCN_UseChannelDCN"/>
  <testcase name="test031_loggedUserReceiveCoupon" time="1.229" classname="EasyPromo.OnlineCoupon_DistributeChannelDCN_UseChannelDCN"/>
  <testcase name="test038_DCNUserAvailableCoupon" time="11.168" classname="EasyPromo.OnlineCoupon_DistributeChannelDCN_UseChannelDCN"/>
  <testcase name="test025_promotionDetails_003" time="0.000" classname="EasyPromo.OnlineCoupon_DistributeChannelDCN_UseChannelDCN"/>
  <testcase name="test025_promotionDetails_004" time="0.000" classname="EasyPromo.OnlineCoupon_DistributeChannelDCN_UseChannelDCN"/>
  <testcase name="init" time="0.005" classname="EasyPromo.OnlineCoupon_DistributeChannelDCN_UseChannelDCN"/>
  <testcase name="test025_promotionDetails_004" time="0.000" classname="EasyPromo.OnlineCoupon_DistributeChannelDCN_UseChannelDCN"/>
  <testcase name="test040_DCNUserAvailableCoupon" time="0.952" classname="EasyPromo.OnlineCoupon_DistributeChannelDCN_UseChannelDCN"/>
  <testcase name="TC012_getStockApproveStatus" time="60.559" classname="EasyPromo.OnlineCoupon_DistributeChannelDCN_UseChannelDCN"/>
  <testcase name="TC033_queryDCNUserCoupon" time="0.644" classname="EasyPromo.OnlineCoupon_DistributeChannelDCN_UseChannelDCN"/>
  <testcase name="TC014_getStockActiveStatus" time="180.416" classname="EasyPromo.OnlineCoupon_DistributeChannelDCN_UseChannelDCN"/>
  <testcase name="test028_MPMQueryUserCoupon" time="1.411" classname="EasyPromo.OnlineCoupon_DistributeChannelDCN_UseChannelDCN"/>
  <testcase name="test022_applyPromotionPlans" time="9.059" classname="EasyPromo.OnlineCoupon_DistributeChannelDCN_UseChannelDCN"/>
  <testcase name="test029_MPMUserAvailableCoupon" time="10.728" classname="EasyPromo.OnlineCoupon_DistributeChannelDCN_UseChannelDCN"/>
  <testcase name="TC006_managerAuditTask" time="0.398" classname="EasyPromo.OnlineCoupon_DistributeChannelDCN_UseChannelDCN"/>
  <testcase name="test018_MPMQueryUserCoupon" time="0.850" classname="EasyPromo.OnlineCoupon_DistributeChannelDCN_UseChannelDCN"/>
  <testcase name="test015_MPMQueryUserCoupon" time="1.301" classname="EasyPromo.OnlineCoupon_DistributeChannelDCN_UseChannelDCN"/>
  <testcase name="test016_MPMUserAvailableCoupon" time="10.656" classname="EasyPromo.OnlineCoupon_DistributeChannelDCN_UseChannelDCN"/>
  <testcase name="test025_promotionDetails_003" time="0.000" classname="EasyPromo.OnlineCoupon_DistributeChannelDCN_UseChannelDCN"/>
  <testcase name="test025_promotionDetails_003" time="0.000" classname="EasyPromo.OnlineCoupon_DistributeChannelDCN_UseChannelDCN"/>
  <testcase name="test025_promotionDetails_003" time="0.000" classname="EasyPromo.OnlineCoupon_DistributeChannelDCN_UseChannelDCN"/>
  <testcase name="test020_plans" time="0.751" classname="EasyPromo.OnlineCoupon_DistributeChannelDCN_UseChannelDCN"/>
  <testcase name="test025_promotionDetails_002" time="0.001" classname="EasyPromo.OnlineCoupon_DistributeChannelDCN_UseChannelDCN"/>
  <testcase name="TC001_createStock" time="0.468" classname="EasyPromo.OnlineCoupon_DistributeChannelDCN_UseChannelDCN"/>
  <testcase name="test025_promotionDetails_002" time="0.000" classname="EasyPromo.OnlineCoupon_DistributeChannelDCN_UseChannelDCN"/>
  <testcase name="test025_promotionDetails_002" time="0.000" classname="EasyPromo.OnlineCoupon_DistributeChannelDCN_UseChannelDCN"/>
  <testcase name="TC034_DCNUserAvailableCoupon" time="0.684" classname="EasyPromo.OnlineCoupon_DistributeChannelDCN_UseChannelDCN"/>
  <testcase name="test041_DCNQueryUserCoupon" time="0.695" classname="EasyPromo.OnlineCoupon_DistributeChannelDCN_UseChannelDCN"/>
  <testcase name="test025_promotionDetails_004" time="0.000" classname="EasyPromo.OnlineCoupon_DistributeChannelDCN_UseChannelDCN"/>
  <testcase name="test027_refundCoupon" time="13.636" classname="EasyPromo.OnlineCoupon_DistributeChannelDCN_UseChannelDCN"/>
  <testcase name="test025_promotionDetails_003" time="0.000" classname="EasyPromo.OnlineCoupon_DistributeChannelDCN_UseChannelDCN"/>
  <testcase name="test043_DCNUserAvailableCoupon" time="0.716" classname="EasyPromo.OnlineCoupon_DistributeChannelDCN_UseChannelDCN"/>
  <testcase name="test032_MPMUserAvailableCoupon" time="0.852" classname="EasyPromo.OnlineCoupon_DistributeChannelDCN_UseChannelDCN"/>
  <testcase name="test021_repricing" time="0.411" classname="EasyPromo.OnlineCoupon_DistributeChannelDCN_UseChannelDCN"/>
  <testcase name="test025_promotionDetails_003" time="0.001" classname="EasyPromo.OnlineCoupon_DistributeChannelDCN_UseChannelDCN"/>
  <testcase name="test035_DCNQueryUserCoupon" time="0.677" classname="EasyPromo.OnlineCoupon_DistributeChannelDCN_UseChannelDCN"/>
  <testcase name="TC008_BUAuditTask" time="0.393" classname="EasyPromo.OnlineCoupon_DistributeChannelDCN_UseChannelDCN"/>
  <testcase name="test023_MPMQueryUserCoupon" time="55.707" classname="EasyPromo.OnlineCoupon_DistributeChannelDCN_UseChannelDCN"/>
  <testcase name="test025_promotionDetails_003" time="0.000" classname="EasyPromo.OnlineCoupon_DistributeChannelDCN_UseChannelDCN"/>
  <testcase name="test019_MPMUserAvailableCoupon" time="10.800" classname="EasyPromo.OnlineCoupon_DistributeChannelDCN_UseChannelDCN"/>
  <testcase name="test025_promotionDetails_001" time="0.602" classname="EasyPromo.OnlineCoupon_DistributeChannelDCN_UseChannelDCN"/>
  <testcase name="TC007_queryManagerAuditApproveStatus" time="24.748" classname="EasyPromo.OnlineCoupon_DistributeChannelDCN_UseChannelDCN"/>
  <testcase name="test025_promotionDetails_002" time="0.000" classname="EasyPromo.OnlineCoupon_DistributeChannelDCN_UseChannelDCN"/>
  <testcase name="TC005_queryApproveStatus" time="9.568" classname="EasyPromo.OnlineCoupon_DistributeChannelDCN_UseChannelDCN"/>
  <testcase name="TC003_getStockInitialStatus" time="0.433" classname="EasyPromo.OnlineCoupon_DistributeChannelDCN_UseChannelDCN"/>
  <testcase name="test030_全场券活动关闭" time="9.439" classname="EasyPromo.OnlineCoupon_DistributeChannelDCN_UseChannelDCN"/>
  <testcase name="test025_promotionDetails_004" time="0.001" classname="EasyPromo.OnlineCoupon_DistributeChannelDCN_UseChannelDCN"/>
  <testcase name="test025_promotionDetails_003" time="0.000" classname="EasyPromo.OnlineCoupon_DistributeChannelDCN_UseChannelDCN"/>
  <testcase name="test024_MPMUserAvailableCoupon" time="0.733" classname="EasyPromo.OnlineCoupon_DistributeChannelDCN_UseChannelDCN"/>
  <testcase name="test036_DCNUserAvailableCoupon" time="10.979" classname="EasyPromo.OnlineCoupon_DistributeChannelDCN_UseChannelDCN"/>
  <testcase name="test025_promotionDetails_002" time="0.001" classname="EasyPromo.OnlineCoupon_DistributeChannelDCN_UseChannelDCN"/>
  <testcase name="test025_promotionDetails_002" time="0.000" classname="EasyPromo.OnlineCoupon_DistributeChannelDCN_UseChannelDCN"/>
  <testcase name="test025_promotionDetails_003" time="0.000" classname="EasyPromo.OnlineCoupon_DistributeChannelDCN_UseChannelDCN"/>
  <testcase name="TC009_queryMPMUserCoupon" time="1.476" classname="EasyPromo.OnlineCoupon_DistributeChannelDCN_UseChannelDCN"/>
  <testcase name="TC013_queryBUAuditApproveStatus" time="8.234" classname="EasyPromo.OnlineCoupon_DistributeChannelDCN_UseChannelDCN"/>
  <testcase name="test037_DCNQueryUserCoupon" time="1.083" classname="EasyPromo.OnlineCoupon_DistributeChannelDCN_UseChannelDCN"/>
  <testcase name="test042_DCNUserAvailableCoupon" time="10.710" classname="EasyPromo.OnlineCoupon_DistributeChannelDCN_UseChannelDCN"/>
  <testcase name="test017_loggedUserReceiveCoupon" time="0.714" classname="EasyPromo.OnlineCoupon_DistributeChannelDCN_UseChannelDCN"/>
  <testcase name="test025_promotionDetails_002" time="0.000" classname="EasyPromo.OnlineCoupon_DistributeChannelDCN_UseChannelDCN"/>
  <testcase name="TC010_MPMUserAvailableCoupon" time="0.712" classname="EasyPromo.OnlineCoupon_DistributeChannelDCN_UseChannelDCN"/>
</testsuite> <!-- EasyPromo.OnlineCoupon_DistributeChannelDCN_UseChannelDCN -->
