<?xml version="1.0" encoding="UTF-8"?>
<!-- Generated by org.testng.reporters.JUnitReportReporter -->
<testsuite skipped="0" hostname="CNL-4JVB6J3" name="EasyPromo.OfflineCoupon_DistributeChannelH5_UseChannelWebPos" tests="59" failures="0" timestamp="28 五月 2024 03:58:54 GMT" time="441.479" errors="0">
  <testcase name="TC013_queryBUAuditApproveStatus" time="7.203" classname="EasyPromo.OfflineCoupon_DistributeChannelH5_UseChannelWebPos"/>
  <testcase name="TC036_H5DistributeChannel" time="0.814" classname="EasyPromo.OfflineCoupon_DistributeChannelH5_UseChannelWebPos"/>
  <testcase name="test028_queryUserCoupon" time="1.371" classname="EasyPromo.OfflineCoupon_DistributeChannelH5_UseChannelWebPos"/>
  <testcase name="TC007_queryManagerAuditApproveStatus" time="24.395" classname="EasyPromo.OfflineCoupon_DistributeChannelH5_UseChannelWebPos"/>
  <testcase name="test027_refundCoupon" time="8.204" classname="EasyPromo.OfflineCoupon_DistributeChannelH5_UseChannelWebPos"/>
  <testcase name="test024_userAvailableCoupon" time="1.021" classname="EasyPromo.OfflineCoupon_DistributeChannelH5_UseChannelWebPos"/>
  <testcase name="test017_loggedUserReceiveCoupon" time="0.811" classname="EasyPromo.OfflineCoupon_DistributeChannelH5_UseChannelWebPos"/>
  <testcase name="test030_全场券活动关闭" time="8.014" classname="EasyPromo.OfflineCoupon_DistributeChannelH5_UseChannelWebPos"/>
  <testcase name="TC001_createStock" time="0.750" classname="EasyPromo.OfflineCoupon_DistributeChannelH5_UseChannelWebPos"/>
  <testcase name="test025_promotionDetails_003" time="0.000" classname="EasyPromo.OfflineCoupon_DistributeChannelH5_UseChannelWebPos"/>
  <testcase name="TC009_queryUserCoupon" time="1.365" classname="EasyPromo.OfflineCoupon_DistributeChannelH5_UseChannelWebPos"/>
  <testcase name="test025_promotionDetails_003" time="0.000" classname="EasyPromo.OfflineCoupon_DistributeChannelH5_UseChannelWebPos"/>
  <testcase name="test022_confirmPromotionPlans" time="9.368" classname="EasyPromo.OfflineCoupon_DistributeChannelH5_UseChannelWebPos"/>
  <testcase name="TC006_managerAuditTask" time="0.394" classname="EasyPromo.OfflineCoupon_DistributeChannelH5_UseChannelWebPos"/>
  <testcase name="test025_promotionDetails_004" time="0.001" classname="EasyPromo.OfflineCoupon_DistributeChannelH5_UseChannelWebPos"/>
  <testcase name="test025_promotionDetails_003" time="0.000" classname="EasyPromo.OfflineCoupon_DistributeChannelH5_UseChannelWebPos"/>
  <testcase name="test025_promotionDetails_003" time="0.000" classname="EasyPromo.OfflineCoupon_DistributeChannelH5_UseChannelWebPos"/>
  <testcase name="TC038_H5DistributeChannel" time="0.679" classname="EasyPromo.OfflineCoupon_DistributeChannelH5_UseChannelWebPos"/>
  <testcase name="test025_promotionDetails_002" time="0.000" classname="EasyPromo.OfflineCoupon_DistributeChannelH5_UseChannelWebPos"/>
  <testcase name="TC012_getStockApproveStatus" time="60.381" classname="EasyPromo.OfflineCoupon_DistributeChannelH5_UseChannelWebPos"/>
  <testcase name="test025_promotionDetails_002" time="0.001" classname="EasyPromo.OfflineCoupon_DistributeChannelH5_UseChannelWebPos"/>
  <testcase name="TC004_queryFlowID" time="7.830" classname="EasyPromo.OfflineCoupon_DistributeChannelH5_UseChannelWebPos"/>
  <testcase name="test025_promotionDetails_002" time="0.000" classname="EasyPromo.OfflineCoupon_DistributeChannelH5_UseChannelWebPos"/>
  <testcase name="TC011_loggedUserReceiveCoupon" time="0.846" classname="EasyPromo.OfflineCoupon_DistributeChannelH5_UseChannelWebPos"/>
  <testcase name="test020_webPosPlans" time="0.819" classname="EasyPromo.OfflineCoupon_DistributeChannelH5_UseChannelWebPos"/>
  <testcase name="test025_promotionDetails_003" time="0.000" classname="EasyPromo.OfflineCoupon_DistributeChannelH5_UseChannelWebPos"/>
  <testcase name="test031_loggedUserReceiveCoupon" time="0.820" classname="EasyPromo.OfflineCoupon_DistributeChannelH5_UseChannelWebPos"/>
  <testcase name="TC008_BUAuditTask" time="0.449" classname="EasyPromo.OfflineCoupon_DistributeChannelH5_UseChannelWebPos"/>
  <testcase name="test032_userAvailableCoupon" time="0.718" classname="EasyPromo.OfflineCoupon_DistributeChannelH5_UseChannelWebPos"/>
  <testcase name="test026_redeemCoupon" time="9.757" classname="EasyPromo.OfflineCoupon_DistributeChannelH5_UseChannelWebPos"/>
  <testcase name="test025_promotionDetails_003" time="0.000" classname="EasyPromo.OfflineCoupon_DistributeChannelH5_UseChannelWebPos"/>
  <testcase name="TC005_queryApproveStatus" time="8.544" classname="EasyPromo.OfflineCoupon_DistributeChannelH5_UseChannelWebPos"/>
  <testcase name="test019_userAvailableCoupon" time="11.117" classname="EasyPromo.OfflineCoupon_DistributeChannelH5_UseChannelWebPos"/>
  <testcase name="test015_queryUserCoupon" time="1.332" classname="EasyPromo.OfflineCoupon_DistributeChannelH5_UseChannelWebPos"/>
  <testcase name="TC034_H5DistributeChannel" time="0.899" classname="EasyPromo.OfflineCoupon_DistributeChannelH5_UseChannelWebPos"/>
  <testcase name="test025_promotionDetails_001" time="0.420" classname="EasyPromo.OfflineCoupon_DistributeChannelH5_UseChannelWebPos"/>
  <testcase name="test018_queryUserCoupon" time="0.862" classname="EasyPromo.OfflineCoupon_DistributeChannelH5_UseChannelWebPos"/>
  <testcase name="TC003_getStockInitialStatus" time="0.394" classname="EasyPromo.OfflineCoupon_DistributeChannelH5_UseChannelWebPos"/>
  <testcase name="test025_promotionDetails_003" time="0.001" classname="EasyPromo.OfflineCoupon_DistributeChannelH5_UseChannelWebPos"/>
  <testcase name="test025_promotionDetails_004" time="0.000" classname="EasyPromo.OfflineCoupon_DistributeChannelH5_UseChannelWebPos"/>
  <testcase name="TC035_H5DistributeChannel" time="0.876" classname="EasyPromo.OfflineCoupon_DistributeChannelH5_UseChannelWebPos"/>
  <testcase name="test025_promotionDetails_003" time="0.001" classname="EasyPromo.OfflineCoupon_DistributeChannelH5_UseChannelWebPos"/>
  <testcase name="test029_userAvailableCoupon" time="10.719" classname="EasyPromo.OfflineCoupon_DistributeChannelH5_UseChannelWebPos"/>
  <testcase name="init" time="0.139" classname="EasyPromo.OfflineCoupon_DistributeChannelH5_UseChannelWebPos"/>
  <testcase name="test025_promotionDetails_004" time="0.000" classname="EasyPromo.OfflineCoupon_DistributeChannelH5_UseChannelWebPos"/>
  <testcase name="test016_userAvailableCoupon" time="10.741" classname="EasyPromo.OfflineCoupon_DistributeChannelH5_UseChannelWebPos"/>
  <testcase name="TC014_getStockActiveStatus" time="180.473" classname="EasyPromo.OfflineCoupon_DistributeChannelH5_UseChannelWebPos"/>
  <testcase name="test023_queryUserCoupon" time="58.797" classname="EasyPromo.OfflineCoupon_DistributeChannelH5_UseChannelWebPos"/>
  <testcase name="TC037_H5DistributeChannel" time="0.621" classname="EasyPromo.OfflineCoupon_DistributeChannelH5_UseChannelWebPos"/>
  <testcase name="test025_promotionDetails_002" time="0.000" classname="EasyPromo.OfflineCoupon_DistributeChannelH5_UseChannelWebPos"/>
  <testcase name="test025_promotionDetails_003" time="0.000" classname="EasyPromo.OfflineCoupon_DistributeChannelH5_UseChannelWebPos"/>
  <testcase name="test025_promotionDetails_002" time="0.001" classname="EasyPromo.OfflineCoupon_DistributeChannelH5_UseChannelWebPos"/>
  <testcase name="test025_promotionDetails_003" time="0.000" classname="EasyPromo.OfflineCoupon_DistributeChannelH5_UseChannelWebPos"/>
  <testcase name="TC002_queryStockID" time="7.991" classname="EasyPromo.OfflineCoupon_DistributeChannelH5_UseChannelWebPos"/>
  <testcase name="test025_promotionDetails_002" time="0.000" classname="EasyPromo.OfflineCoupon_DistributeChannelH5_UseChannelWebPos"/>
  <testcase name="TC010_userAvailableCoupon" time="0.784" classname="EasyPromo.OfflineCoupon_DistributeChannelH5_UseChannelWebPos"/>
  <testcase name="test025_promotionDetails_002" time="0.000" classname="EasyPromo.OfflineCoupon_DistributeChannelH5_UseChannelWebPos"/>
  <testcase name="TC033_H5DistributeChannel" time="0.756" classname="EasyPromo.OfflineCoupon_DistributeChannelH5_UseChannelWebPos"/>
  <testcase name="test025_promotionDetails_004" time="0.000" classname="EasyPromo.OfflineCoupon_DistributeChannelH5_UseChannelWebPos"/>
</testsuite> <!-- EasyPromo.OfflineCoupon_DistributeChannelH5_UseChannelWebPos -->
