<?xml version="1.0" encoding="UTF-8"?>
<!-- Generated by org.testng.reporters.JUnitReportReporter -->
<testsuite skipped="0" hostname="CNL-4JVB6J3" name="NewBackOffice.createOnlineCoupon" tests="54" failures="0" timestamp="01 四月 2024 08:20:51 GMT" time="570.940" errors="0">
  <testcase name="test025_promotionDetails_002" time="0.000" classname="NewBackOffice.createOnlineCoupon"/>
  <testcase name="test024_userAvailableCoupon" time="0.659" classname="NewBackOffice.createOnlineCoupon"/>
  <testcase name="test027_refundCoupon" time="23.460" classname="NewBackOffice.createOnlineCoupon"/>
  <testcase name="TC009_queryUserCoupon" time="1.507" classname="NewBackOffice.createOnlineCoupon"/>
  <testcase name="test020_plans" time="0.674" classname="NewBackOffice.createOnlineCoupon"/>
  <testcase name="test023_queryUserCoupon" time="45.932" classname="NewBackOffice.createOnlineCoupon"/>
  <testcase name="test025_promotionDetails_003" time="0.000" classname="NewBackOffice.createOnlineCoupon"/>
  <testcase name="test016_userAvailableCoupon" time="10.685" classname="NewBackOffice.createOnlineCoupon"/>
  <testcase name="TC002_queryStockID" time="22.910" classname="NewBackOffice.createOnlineCoupon"/>
  <testcase name="init" time="0.118" classname="NewBackOffice.createOnlineCoupon"/>
  <testcase name="test019_userAvailableCoupon" time="11.221" classname="NewBackOffice.createOnlineCoupon"/>
  <testcase name="test028_queryUserCoupon" time="1.630" classname="NewBackOffice.createOnlineCoupon"/>
  <testcase name="test025_promotionDetails_003" time="0.000" classname="NewBackOffice.createOnlineCoupon"/>
  <testcase name="test025_promotionDetails_003" time="0.000" classname="NewBackOffice.createOnlineCoupon"/>
  <testcase name="test025_promotionDetails_001" time="0.440" classname="NewBackOffice.createOnlineCoupon"/>
  <testcase name="test025_promotionDetails_003" time="0.000" classname="NewBackOffice.createOnlineCoupon"/>
  <testcase name="test032_userAvailableCoupon" time="0.717" classname="NewBackOffice.createOnlineCoupon"/>
  <testcase name="test025_promotionDetails_002" time="0.000" classname="NewBackOffice.createOnlineCoupon"/>
  <testcase name="TC008_BUAuditTask" time="0.472" classname="NewBackOffice.createOnlineCoupon"/>
  <testcase name="TC001_createStock" time="0.768" classname="NewBackOffice.createOnlineCoupon"/>
  <testcase name="TC004_queryFlowID" time="23.837" classname="NewBackOffice.createOnlineCoupon"/>
  <testcase name="TC012_getStockApproveStatus" time="60.369" classname="NewBackOffice.createOnlineCoupon"/>
  <testcase name="TC006_managerAuditTask" time="0.472" classname="NewBackOffice.createOnlineCoupon"/>
  <testcase name="test015_queryUserCoupon" time="1.714" classname="NewBackOffice.createOnlineCoupon"/>
  <testcase name="test025_promotionDetails_002" time="0.000" classname="NewBackOffice.createOnlineCoupon"/>
  <testcase name="test025_promotionDetails_002" time="0.000" classname="NewBackOffice.createOnlineCoupon"/>
  <testcase name="test029_userAvailableCoupon" time="10.658" classname="NewBackOffice.createOnlineCoupon"/>
  <testcase name="test017_loggedUserReceiveCoupon" time="0.674" classname="NewBackOffice.createOnlineCoupon"/>
  <testcase name="test018_queryUserCoupon" time="0.801" classname="NewBackOffice.createOnlineCoupon"/>
  <testcase name="test025_promotionDetails_004" time="0.000" classname="NewBackOffice.createOnlineCoupon"/>
  <testcase name="TC013_queryBUAuditApproveStatus" time="23.773" classname="NewBackOffice.createOnlineCoupon"/>
  <testcase name="TC010_userAvailableCoupon" time="0.706" classname="NewBackOffice.createOnlineCoupon"/>
  <testcase name="test025_promotionDetails_003" time="0.000" classname="NewBackOffice.createOnlineCoupon"/>
  <testcase name="test025_promotionDetails_003" time="0.000" classname="NewBackOffice.createOnlineCoupon"/>
  <testcase name="test025_promotionDetails_003" time="0.000" classname="NewBackOffice.createOnlineCoupon"/>
  <testcase name="TC003_getStockInitialStatus" time="0.424" classname="NewBackOffice.createOnlineCoupon"/>
  <testcase name="test025_promotionDetails_002" time="0.000" classname="NewBackOffice.createOnlineCoupon"/>
  <testcase name="TC011_loggedUserReceiveCoupon" time="0.658" classname="NewBackOffice.createOnlineCoupon"/>
  <testcase name="TC014_getStockActiveStatus" time="180.413" classname="NewBackOffice.createOnlineCoupon"/>
  <testcase name="test021_repricing" time="0.378" classname="NewBackOffice.createOnlineCoupon"/>
  <testcase name="test025_promotionDetails_002" time="0.000" classname="NewBackOffice.createOnlineCoupon"/>
  <testcase name="test025_promotionDetails_003" time="0.000" classname="NewBackOffice.createOnlineCoupon"/>
  <testcase name="test025_promotionDetails_004" time="0.000" classname="NewBackOffice.createOnlineCoupon"/>
  <testcase name="test025_promotionDetails_003" time="0.000" classname="NewBackOffice.createOnlineCoupon"/>
  <testcase name="test025_promotionDetails_004" time="0.000" classname="NewBackOffice.createOnlineCoupon"/>
  <testcase name="test025_promotionDetails_003" time="0.000" classname="NewBackOffice.createOnlineCoupon"/>
  <testcase name="test030_全场券活动关闭" time="23.600" classname="NewBackOffice.createOnlineCoupon"/>
  <testcase name="test025_promotionDetails_002" time="0.000" classname="NewBackOffice.createOnlineCoupon"/>
  <testcase name="test025_promotionDetails_004" time="0.000" classname="NewBackOffice.createOnlineCoupon"/>
  <testcase name="test026_redeemCoupon" time="24.526" classname="NewBackOffice.createOnlineCoupon"/>
  <testcase name="TC007_queryManagerAuditApproveStatus" time="49.930" classname="NewBackOffice.createOnlineCoupon"/>
  <testcase name="TC005_queryApproveStatus" time="23.115" classname="NewBackOffice.createOnlineCoupon"/>
  <testcase name="test031_loggedUserReceiveCoupon" time="0.774" classname="NewBackOffice.createOnlineCoupon"/>
  <testcase name="test022_applyPromotionPlans" time="22.925" classname="NewBackOffice.createOnlineCoupon"/>
</testsuite> <!-- NewBackOffice.createOnlineCoupon -->
