<?xml version="1.0" encoding="UTF-8"?>
<!-- Generated by org.testng.reporters.JUnitReportReporter -->
<testsuite skipped="0" hostname="CNL-4JVB6J3" name="E2E.TestSet_MPMSTORE_008" tests="75" failures="0" timestamp="06 十二月 2023 07:16:28 GMT" time="278.893" errors="0">
  <testcase name="test022_redeemCoupon" time="4.742" classname="E2E.TestSet_MPMSTORE_008"/>
  <testcase name="test031_userAvailableCoupon" time="0.497" classname="E2E.TestSet_MPMSTORE_008"/>
  <testcase name="test006_校验黑名单全场券" time="0.000" classname="E2E.TestSet_MPMSTORE_008"/>
  <testcase name="test006_校验黑名单全场券" time="0.000" classname="E2E.TestSet_MPMSTORE_008"/>
  <testcase name="test006_校验黑名单全场券" time="0.000" classname="E2E.TestSet_MPMSTORE_008"/>
  <testcase name="test023_refundCoupon" time="4.181" classname="E2E.TestSet_MPMSTORE_008"/>
  <testcase name="test017_promotionDetails_002" time="0.000" classname="E2E.TestSet_MPMSTORE_008"/>
  <testcase name="test017_promotionDetails_004" time="0.000" classname="E2E.TestSet_MPMSTORE_008"/>
  <testcase name="test018_queryUserCoupon" time="1.177" classname="E2E.TestSet_MPMSTORE_008"/>
  <testcase name="test006_校验黑名单全场券" time="0.000" classname="E2E.TestSet_MPMSTORE_008"/>
  <testcase name="test014_plans" time="0.655" classname="E2E.TestSet_MPMSTORE_008"/>
  <testcase name="test006_校验黑名单全场券" time="0.001" classname="E2E.TestSet_MPMSTORE_008"/>
  <testcase name="test009_全场券页面获取" time="122.461" classname="E2E.TestSet_MPMSTORE_008"/>
  <testcase name="test017_promotionDetails_003" time="0.000" classname="E2E.TestSet_MPMSTORE_008"/>
  <testcase name="test015_repricing" time="0.378" classname="E2E.TestSet_MPMSTORE_008"/>
  <testcase name="test017_promotionDetails_003" time="0.000" classname="E2E.TestSet_MPMSTORE_008"/>
  <testcase name="test006_校验黑名单全场券" time="0.000" classname="E2E.TestSet_MPMSTORE_008"/>
  <testcase name="test017_promotionDetails_004" time="0.000" classname="E2E.TestSet_MPMSTORE_008"/>
  <testcase name="test017_promotionDetails_002" time="0.000" classname="E2E.TestSet_MPMSTORE_008"/>
  <testcase name="test005_校验黑名单全场券" time="0.001" classname="E2E.TestSet_MPMSTORE_008"/>
  <testcase name="test017_promotionDetails_002" time="0.000" classname="E2E.TestSet_MPMSTORE_008"/>
  <testcase name="test006_校验黑名单全场券" time="0.000" classname="E2E.TestSet_MPMSTORE_008"/>
  <testcase name="test004_黑名单全场券页面获取" time="2.567" classname="E2E.TestSet_MPMSTORE_008"/>
  <testcase name="test017_promotionDetails_003" time="0.000" classname="E2E.TestSet_MPMSTORE_008"/>
  <testcase name="test006_校验黑名单全场券" time="0.001" classname="E2E.TestSet_MPMSTORE_008"/>
  <testcase name="test017_promotionDetails_003" time="0.000" classname="E2E.TestSet_MPMSTORE_008"/>
  <testcase name="test028_userAvailableCoupon" time="0.606" classname="E2E.TestSet_MPMSTORE_008"/>
  <testcase name="test006_校验黑名单全场券" time="0.000" classname="E2E.TestSet_MPMSTORE_008"/>
  <testcase name="test008_userAvailableCoupon" time="0.557" classname="E2E.TestSet_MPMSTORE_008"/>
  <testcase name="test002_创建活动页面" time="7.569" classname="E2E.TestSet_MPMSTORE_008"/>
  <testcase name="test021_userAvailableCoupon" time="0.732" classname="E2E.TestSet_MPMSTORE_008"/>
  <testcase name="test017_promotionDetails_001" time="0.497" classname="E2E.TestSet_MPMSTORE_008"/>
  <testcase name="test006_校验黑名单全场券" time="0.000" classname="E2E.TestSet_MPMSTORE_008"/>
  <testcase name="test001_启动后台" time="10.473" classname="E2E.TestSet_MPMSTORE_008"/>
  <testcase name="test019_userAvailableCoupon" time="10.525" classname="E2E.TestSet_MPMSTORE_008"/>
  <testcase name="test017_promotionDetails_003" time="0.000" classname="E2E.TestSet_MPMSTORE_008"/>
  <testcase name="test006_校验黑名单全场券" time="0.001" classname="E2E.TestSet_MPMSTORE_008"/>
  <testcase name="test006_校验黑名单全场券" time="0.000" classname="E2E.TestSet_MPMSTORE_008"/>
  <testcase name="test030_userAvailableCoupon" time="0.525" classname="E2E.TestSet_MPMSTORE_008"/>
  <testcase name="test006_校验黑名单全场券" time="0.000" classname="E2E.TestSet_MPMSTORE_008"/>
  <testcase name="test032_plans" time="0.742" classname="E2E.TestSet_MPMSTORE_008"/>
  <testcase name="test013_loggedUserReceiveCoupon" time="0.481" classname="E2E.TestSet_MPMSTORE_008"/>
  <testcase name="test017_promotionDetails_003" time="0.000" classname="E2E.TestSet_MPMSTORE_008"/>
  <testcase name="test025_userAvailableCoupon" time="0.467" classname="E2E.TestSet_MPMSTORE_008"/>
  <testcase name="test007_queryUserCoupon" time="1.687" classname="E2E.TestSet_MPMSTORE_008"/>
  <testcase name="test017_promotionDetails_002" time="0.000" classname="E2E.TestSet_MPMSTORE_008"/>
  <testcase name="test034_userAvailableCoupon" time="10.807" classname="E2E.TestSet_MPMSTORE_008"/>
  <testcase name="test029_userAvailableCoupon" time="10.497" classname="E2E.TestSet_MPMSTORE_008"/>
  <testcase name="test024_queryUserCoupon" time="1.619" classname="E2E.TestSet_MPMSTORE_008"/>
  <testcase name="test006_校验黑名单全场券" time="0.000" classname="E2E.TestSet_MPMSTORE_008"/>
  <testcase name="test006_校验黑名单全场券" time="0.000" classname="E2E.TestSet_MPMSTORE_008"/>
  <testcase name="test029_黑名单券活动关闭" time="6.492" classname="E2E.TestSet_MPMSTORE_008"/>
  <testcase name="test006_校验黑名单全场券" time="0.000" classname="E2E.TestSet_MPMSTORE_008"/>
  <testcase name="test017_promotionDetails_002" time="0.000" classname="E2E.TestSet_MPMSTORE_008"/>
  <testcase name="test003_创建黑名单全场券" time="13.798" classname="E2E.TestSet_MPMSTORE_008"/>
  <testcase name="test017_promotionDetails_004" time="0.000" classname="E2E.TestSet_MPMSTORE_008"/>
  <testcase name="test017_promotionDetails_003" time="0.000" classname="E2E.TestSet_MPMSTORE_008"/>
  <testcase name="test017_promotionDetails_003" time="0.000" classname="E2E.TestSet_MPMSTORE_008"/>
  <testcase name="test010_queryUserCoupon" time="1.620" classname="E2E.TestSet_MPMSTORE_008"/>
  <testcase name="test006_校验黑名单全场券" time="0.000" classname="E2E.TestSet_MPMSTORE_008"/>
  <testcase name="test017_promotionDetails_002" time="0.000" classname="E2E.TestSet_MPMSTORE_008"/>
  <testcase name="test006_校验黑名单全场券" time="0.000" classname="E2E.TestSet_MPMSTORE_008"/>
  <testcase name="test006_校验黑名单全场券" time="0.000" classname="E2E.TestSet_MPMSTORE_008"/>
  <testcase name="test017_promotionDetails_002" time="0.000" classname="E2E.TestSet_MPMSTORE_008"/>
  <testcase name="test020_queryUserCoupon" time="26.943" classname="E2E.TestSet_MPMSTORE_008"/>
  <testcase name="test026_loggedUserReceiveCoupon" time="0.535" classname="E2E.TestSet_MPMSTORE_008"/>
  <testcase name="test017_promotionDetails_003" time="0.000" classname="E2E.TestSet_MPMSTORE_008"/>
  <testcase name="test006_校验黑名单全场券" time="0.000" classname="E2E.TestSet_MPMSTORE_008"/>
  <testcase name="test017_promotionDetails_004" time="0.000" classname="E2E.TestSet_MPMSTORE_008"/>
  <testcase name="test006_校验黑名单全场券" time="0.000" classname="E2E.TestSet_MPMSTORE_008"/>
  <testcase name="test033_plans" time="0.625" classname="E2E.TestSet_MPMSTORE_008"/>
  <testcase name="test011_userAvailableCoupon" time="10.833" classname="E2E.TestSet_MPMSTORE_008"/>
  <testcase name="test016_applyPromotionPlans" time="23.118" classname="E2E.TestSet_MPMSTORE_008"/>
  <testcase name="test012_loggedUserReceiveCoupon" time="0.483" classname="E2E.TestSet_MPMSTORE_008"/>
  <testcase name="test017_promotionDetails_003" time="0.000" classname="E2E.TestSet_MPMSTORE_008"/>
</testsuite> <!-- E2E.TestSet_MPMSTORE_008 -->
