<?xml version="1.0" encoding="UTF-8"?>
<!-- Generated by org.testng.reporters.JUnitReportReporter -->
<testsuite skipped="0" hostname="CNL-4JVB6J3" name="BackOffice.ProductActivity_TestSet001" tests="22" failures="0" timestamp="27 十月 2023 08:33:30 GMT" time="35.662" errors="0">
  <testcase name="test006_校验单品券" time="0.000" classname="BackOffice.ProductActivity_TestSet001"/>
  <testcase name="test006_校验单品券" time="0.002" classname="BackOffice.ProductActivity_TestSet001"/>
  <testcase name="test004_单品券页面获取" time="2.718" classname="BackOffice.ProductActivity_TestSet001"/>
  <testcase name="test006_校验单品券" time="0.000" classname="BackOffice.ProductActivity_TestSet001"/>
  <testcase name="test006_校验单品券" time="0.000" classname="BackOffice.ProductActivity_TestSet001"/>
  <testcase name="test006_校验单品券" time="0.000" classname="BackOffice.ProductActivity_TestSet001"/>
  <testcase name="test006_校验单品券" time="0.000" classname="BackOffice.ProductActivity_TestSet001"/>
  <testcase name="test006_校验单品券" time="0.000" classname="BackOffice.ProductActivity_TestSet001"/>
  <testcase name="test006_校验单品券" time="0.000" classname="BackOffice.ProductActivity_TestSet001"/>
  <testcase name="test006_校验单品券" time="0.000" classname="BackOffice.ProductActivity_TestSet001"/>
  <testcase name="test006_校验单品券" time="0.000" classname="BackOffice.ProductActivity_TestSet001"/>
  <testcase name="test002_创建活动页面" time="7.662" classname="BackOffice.ProductActivity_TestSet001"/>
  <testcase name="test006_校验单品券" time="0.000" classname="BackOffice.ProductActivity_TestSet001"/>
  <testcase name="test006_校验单品券" time="0.000" classname="BackOffice.ProductActivity_TestSet001"/>
  <testcase name="test006_校验单品券" time="0.000" classname="BackOffice.ProductActivity_TestSet001"/>
  <testcase name="test003_创建单品券" time="12.429" classname="BackOffice.ProductActivity_TestSet001"/>
  <testcase name="test005_校验单品券" time="0.001" classname="BackOffice.ProductActivity_TestSet001"/>
  <testcase name="test006_校验单品券" time="0.000" classname="BackOffice.ProductActivity_TestSet001"/>
  <testcase name="test006_校验单品券" time="0.000" classname="BackOffice.ProductActivity_TestSet001"/>
  <testcase name="test006_校验单品券" time="0.000" classname="BackOffice.ProductActivity_TestSet001"/>
  <testcase name="test001_启动后台" time="12.849" classname="BackOffice.ProductActivity_TestSet001"/>
  <testcase name="test006_校验单品券" time="0.001" classname="BackOffice.ProductActivity_TestSet001"/>
</testsuite> <!-- BackOffice.ProductActivity_TestSet001 -->
