<?xml version="1.0" encoding="UTF-8"?>
<!-- Generated by org.testng.reporters.JUnitReportReporter -->
<testsuite skipped="0" hostname="CNL-4JVB6J3" name="BackOffice.NormalActivityStackingProduct_TestSet001" tests="23" failures="0" timestamp="31 八月 2023 03:47:14 GMT" time="30.372" errors="0">
  <testcase name="test006_校验全场券" time="0.000" classname="BackOffice.NormalActivityStackingProduct_TestSet001"/>
  <testcase name="test006_校验全场券" time="0.000" classname="BackOffice.NormalActivityStackingProduct_TestSet001"/>
  <testcase name="test006_校验全场券" time="0.000" classname="BackOffice.NormalActivityStackingProduct_TestSet001"/>
  <testcase name="test006_校验全场券" time="0.000" classname="BackOffice.NormalActivityStackingProduct_TestSet001"/>
  <testcase name="test006_校验全场券" time="0.000" classname="BackOffice.NormalActivityStackingProduct_TestSet001"/>
  <testcase name="test006_校验全场券" time="0.000" classname="BackOffice.NormalActivityStackingProduct_TestSet001"/>
  <testcase name="test001_启动后台" time="10.708" classname="BackOffice.NormalActivityStackingProduct_TestSet001"/>
  <testcase name="test006_校验全场券" time="0.000" classname="BackOffice.NormalActivityStackingProduct_TestSet001"/>
  <testcase name="test006_校验全场券" time="0.000" classname="BackOffice.NormalActivityStackingProduct_TestSet001"/>
  <testcase name="test006_校验全场券" time="0.000" classname="BackOffice.NormalActivityStackingProduct_TestSet001"/>
  <testcase name="test006_校验全场券" time="0.000" classname="BackOffice.NormalActivityStackingProduct_TestSet001"/>
  <testcase name="test006_校验全场券" time="0.000" classname="BackOffice.NormalActivityStackingProduct_TestSet001"/>
  <testcase name="test002_创建活动页面" time="7.569" classname="BackOffice.NormalActivityStackingProduct_TestSet001"/>
  <testcase name="test006_校验全场券" time="0.000" classname="BackOffice.NormalActivityStackingProduct_TestSet001"/>
  <testcase name="test006_校验全场券" time="0.000" classname="BackOffice.NormalActivityStackingProduct_TestSet001"/>
  <testcase name="test006_校验全场券" time="0.000" classname="BackOffice.NormalActivityStackingProduct_TestSet001"/>
  <testcase name="test006_校验全场券" time="0.000" classname="BackOffice.NormalActivityStackingProduct_TestSet001"/>
  <testcase name="test005_校验全场券" time="0.000" classname="BackOffice.NormalActivityStackingProduct_TestSet001"/>
  <testcase name="test004_全场券页面获取" time="2.408" classname="BackOffice.NormalActivityStackingProduct_TestSet001"/>
  <testcase name="test006_校验全场券" time="0.001" classname="BackOffice.NormalActivityStackingProduct_TestSet001"/>
  <testcase name="test003_创建全场券" time="9.686" classname="BackOffice.NormalActivityStackingProduct_TestSet001"/>
  <testcase name="test006_校验全场券" time="0.000" classname="BackOffice.NormalActivityStackingProduct_TestSet001"/>
  <testcase name="test006_校验全场券" time="0.000" classname="BackOffice.NormalActivityStackingProduct_TestSet001"/>
</testsuite> <!-- BackOffice.NormalActivityStackingProduct_TestSet001 -->
