<?xml version="1.0" encoding="UTF-8"?>
<!-- Generated by org.testng.reporters.JUnitReportReporter -->
<testsuite skipped="0" hostname="CNL-4JVB6J3" name="testWeb" tests="1" failures="0" timestamp="20 九月 2023 01:43:03 GMT" time="23.159" errors="0">
  <testcase name="test1" time="23.159" classname="testWeb"/>
</testsuite> <!-- testWeb -->
