<?xml version="1.0" encoding="UTF-8"?>
<!-- Generated by org.testng.reporters.JUnitReportReporter -->
<testsuite skipped="0" hostname="CNL-4JVB6J3" name="BackOffice.H5NormalActivity_TestSet001" tests="23" failures="0" timestamp="29 十一月 2023 06:57:59 GMT" time="27.419" errors="0">
  <testcase name="test006_校验活动页全场券" time="0.000" classname="BackOffice.H5NormalActivity_TestSet001"/>
  <testcase name="test006_校验活动页全场券" time="0.000" classname="BackOffice.H5NormalActivity_TestSet001"/>
  <testcase name="test006_校验活动页全场券" time="0.000" classname="BackOffice.H5NormalActivity_TestSet001"/>
  <testcase name="test006_校验活动页全场券" time="0.000" classname="BackOffice.H5NormalActivity_TestSet001"/>
  <testcase name="test006_校验活动页全场券" time="0.000" classname="BackOffice.H5NormalActivity_TestSet001"/>
  <testcase name="test002_创建活动页面" time="7.555" classname="BackOffice.H5NormalActivity_TestSet001"/>
  <testcase name="test006_校验活动页全场券" time="0.000" classname="BackOffice.H5NormalActivity_TestSet001"/>
  <testcase name="test006_校验活动页全场券" time="0.000" classname="BackOffice.H5NormalActivity_TestSet001"/>
  <testcase name="test003_创建活动页全场券" time="6.515" classname="BackOffice.H5NormalActivity_TestSet001"/>
  <testcase name="test006_校验活动页全场券" time="0.000" classname="BackOffice.H5NormalActivity_TestSet001"/>
  <testcase name="test006_校验活动页全场券" time="0.000" classname="BackOffice.H5NormalActivity_TestSet001"/>
  <testcase name="test004_活动页全场券页面获取" time="2.496" classname="BackOffice.H5NormalActivity_TestSet001"/>
  <testcase name="test005_校验活动页全场券" time="0.001" classname="BackOffice.H5NormalActivity_TestSet001"/>
  <testcase name="test006_校验活动页全场券" time="0.000" classname="BackOffice.H5NormalActivity_TestSet001"/>
  <testcase name="test001_启动后台" time="10.852" classname="BackOffice.H5NormalActivity_TestSet001"/>
  <testcase name="test006_校验活动页全场券" time="0.000" classname="BackOffice.H5NormalActivity_TestSet001"/>
  <testcase name="test006_校验活动页全场券" time="0.000" classname="BackOffice.H5NormalActivity_TestSet001"/>
  <testcase name="test006_校验活动页全场券" time="0.000" classname="BackOffice.H5NormalActivity_TestSet001"/>
  <testcase name="test006_校验活动页全场券" time="0.000" classname="BackOffice.H5NormalActivity_TestSet001"/>
  <testcase name="test006_校验活动页全场券" time="0.000" classname="BackOffice.H5NormalActivity_TestSet001"/>
  <testcase name="test006_校验活动页全场券" time="0.000" classname="BackOffice.H5NormalActivity_TestSet001"/>
  <testcase name="test006_校验活动页全场券" time="0.000" classname="BackOffice.H5NormalActivity_TestSet001"/>
  <testcase name="test006_校验活动页全场券" time="0.000" classname="BackOffice.H5NormalActivity_TestSet001"/>
</testsuite> <!-- BackOffice.H5NormalActivity_TestSet001 -->
