<?xml version="1.0" encoding="UTF-8"?>
<!-- Generated by org.testng.reporters.JUnitReportReporter -->
<testsuite skipped="0" hostname="CNL-4JVB6J3" name="BackOffice.LiveRoomNormalActivityStackingProduct_TestSet001" tests="23" failures="0" timestamp="31 八月 2023 03:47:14 GMT" time="29.419" errors="0">
  <testcase name="test001_启动后台" time="9.950" classname="BackOffice.LiveRoomNormalActivityStackingProduct_TestSet001"/>
  <testcase name="test006_校验直播券" time="0.000" classname="BackOffice.LiveRoomNormalActivityStackingProduct_TestSet001"/>
  <testcase name="test004_直播券页面获取" time="2.485" classname="BackOffice.LiveRoomNormalActivityStackingProduct_TestSet001"/>
  <testcase name="test006_校验直播券" time="0.000" classname="BackOffice.LiveRoomNormalActivityStackingProduct_TestSet001"/>
  <testcase name="test006_校验直播券" time="0.000" classname="BackOffice.LiveRoomNormalActivityStackingProduct_TestSet001"/>
  <testcase name="test006_校验直播券" time="0.000" classname="BackOffice.LiveRoomNormalActivityStackingProduct_TestSet001"/>
  <testcase name="test006_校验直播券" time="0.000" classname="BackOffice.LiveRoomNormalActivityStackingProduct_TestSet001"/>
  <testcase name="test006_校验直播券" time="0.000" classname="BackOffice.LiveRoomNormalActivityStackingProduct_TestSet001"/>
  <testcase name="test006_校验直播券" time="0.000" classname="BackOffice.LiveRoomNormalActivityStackingProduct_TestSet001"/>
  <testcase name="test006_校验直播券" time="0.000" classname="BackOffice.LiveRoomNormalActivityStackingProduct_TestSet001"/>
  <testcase name="test005_校验直播券" time="0.000" classname="BackOffice.LiveRoomNormalActivityStackingProduct_TestSet001"/>
  <testcase name="test006_校验直播券" time="0.000" classname="BackOffice.LiveRoomNormalActivityStackingProduct_TestSet001"/>
  <testcase name="test002_创建活动页面" time="7.508" classname="BackOffice.LiveRoomNormalActivityStackingProduct_TestSet001"/>
  <testcase name="test003_创建直播券" time="9.475" classname="BackOffice.LiveRoomNormalActivityStackingProduct_TestSet001"/>
  <testcase name="test006_校验直播券" time="0.000" classname="BackOffice.LiveRoomNormalActivityStackingProduct_TestSet001"/>
  <testcase name="test006_校验直播券" time="0.000" classname="BackOffice.LiveRoomNormalActivityStackingProduct_TestSet001"/>
  <testcase name="test006_校验直播券" time="0.000" classname="BackOffice.LiveRoomNormalActivityStackingProduct_TestSet001"/>
  <testcase name="test006_校验直播券" time="0.000" classname="BackOffice.LiveRoomNormalActivityStackingProduct_TestSet001"/>
  <testcase name="test006_校验直播券" time="0.001" classname="BackOffice.LiveRoomNormalActivityStackingProduct_TestSet001"/>
  <testcase name="test006_校验直播券" time="0.000" classname="BackOffice.LiveRoomNormalActivityStackingProduct_TestSet001"/>
  <testcase name="test006_校验直播券" time="0.000" classname="BackOffice.LiveRoomNormalActivityStackingProduct_TestSet001"/>
  <testcase name="test006_校验直播券" time="0.000" classname="BackOffice.LiveRoomNormalActivityStackingProduct_TestSet001"/>
  <testcase name="test006_校验直播券" time="0.000" classname="BackOffice.LiveRoomNormalActivityStackingProduct_TestSet001"/>
</testsuite> <!-- BackOffice.LiveRoomNormalActivityStackingProduct_TestSet001 -->
