<?xml version="1.0" encoding="UTF-8"?>
<!-- Generated by org.testng.reporters.JUnitReportReporter -->
<testsuite skipped="0" hostname="CNL-4JVB6J3" name="E2E.TestSet_MPMSTORE_003" tests="69" failures="0" timestamp="06 十二月 2023 03:52:26 GMT" time="305.143" errors="0">
  <testcase name="test017_promotionDetails_003" time="0.000" classname="E2E.TestSet_MPMSTORE_003"/>
  <testcase name="test028_userAvailableCoupon" time="0.578" classname="E2E.TestSet_MPMSTORE_003"/>
  <testcase name="test023_refundCoupon" time="4.035" classname="E2E.TestSet_MPMSTORE_003"/>
  <testcase name="test005_校验定向券" time="0.002" classname="E2E.TestSet_MPMSTORE_003"/>
  <testcase name="test017_promotionDetails_002" time="0.000" classname="E2E.TestSet_MPMSTORE_003"/>
  <testcase name="test024_queryDesignatedUserCoupon" time="1.721" classname="E2E.TestSet_MPMSTORE_003"/>
  <testcase name="test006_校验定向券" time="0.000" classname="E2E.TestSet_MPMSTORE_003"/>
  <testcase name="test017_promotionDetails_003" time="0.000" classname="E2E.TestSet_MPMSTORE_003"/>
  <testcase name="test016_applyPromotionPlans" time="23.306" classname="E2E.TestSet_MPMSTORE_003"/>
  <testcase name="test026_loggedUserReceiveCoupon" time="0.568" classname="E2E.TestSet_MPMSTORE_003"/>
  <testcase name="test006_校验定向券" time="0.000" classname="E2E.TestSet_MPMSTORE_003"/>
  <testcase name="test017_promotionDetails_003" time="0.000" classname="E2E.TestSet_MPMSTORE_003"/>
  <testcase name="test017_promotionDetails_003" time="0.000" classname="E2E.TestSet_MPMSTORE_003"/>
  <testcase name="test017_promotionDetails_004" time="0.000" classname="E2E.TestSet_MPMSTORE_003"/>
  <testcase name="test017_promotionDetails_003" time="0.000" classname="E2E.TestSet_MPMSTORE_003"/>
  <testcase name="test006_校验定向券" time="0.000" classname="E2E.TestSet_MPMSTORE_003"/>
  <testcase name="test020_queryDesignatedUserCoupon" time="26.802" classname="E2E.TestSet_MPMSTORE_003"/>
  <testcase name="test006_校验定向券" time="0.000" classname="E2E.TestSet_MPMSTORE_003"/>
  <testcase name="test006_校验定向券" time="0.000" classname="E2E.TestSet_MPMSTORE_003"/>
  <testcase name="test006_校验定向券" time="0.000" classname="E2E.TestSet_MPMSTORE_003"/>
  <testcase name="test012_loggedUserReceiveCoupon" time="0.447" classname="E2E.TestSet_MPMSTORE_003"/>
  <testcase name="test033_loggedUserNonDesignatedUserReceiveCoupon" time="0.454" classname="E2E.TestSet_MPMSTORE_003"/>
  <testcase name="test006_校验定向券" time="0.000" classname="E2E.TestSet_MPMSTORE_003"/>
  <testcase name="test011_userAvailableCoupon" time="0.597" classname="E2E.TestSet_MPMSTORE_003"/>
  <testcase name="test032_queryNonDesignatedUserCoupon" time="0.626" classname="E2E.TestSet_MPMSTORE_003"/>
  <testcase name="test003_创建定向券" time="9.154" classname="E2E.TestSet_MPMSTORE_003"/>
  <testcase name="test017_promotionDetails_004" time="0.000" classname="E2E.TestSet_MPMSTORE_003"/>
  <testcase name="test006_校验定向券" time="0.000" classname="E2E.TestSet_MPMSTORE_003"/>
  <testcase name="test010_queryDesignatedUserCoupon" time="52.100" classname="E2E.TestSet_MPMSTORE_003"/>
  <testcase name="test006_校验定向券" time="0.001" classname="E2E.TestSet_MPMSTORE_003"/>
  <testcase name="test006_校验定向券" time="0.000" classname="E2E.TestSet_MPMSTORE_003"/>
  <testcase name="test006_校验定向券" time="0.000" classname="E2E.TestSet_MPMSTORE_003"/>
  <testcase name="test017_promotionDetails_002" time="0.000" classname="E2E.TestSet_MPMSTORE_003"/>
  <testcase name="test015_repricing" time="0.434" classname="E2E.TestSet_MPMSTORE_003"/>
  <testcase name="test031_loggedUserNonDesignatedUserReceiveCoupon" time="0.522" classname="E2E.TestSet_MPMSTORE_003"/>
  <testcase name="test019_userAvailableCoupon" time="0.550" classname="E2E.TestSet_MPMSTORE_003"/>
  <testcase name="test017_promotionDetails_001" time="0.464" classname="E2E.TestSet_MPMSTORE_003"/>
  <testcase name="test007_queryDesignatedUserCoupon" time="1.689" classname="E2E.TestSet_MPMSTORE_003"/>
  <testcase name="test006_校验定向券" time="0.000" classname="E2E.TestSet_MPMSTORE_003"/>
  <testcase name="test022_redeemCoupon" time="4.055" classname="E2E.TestSet_MPMSTORE_003"/>
  <testcase name="test017_promotionDetails_002" time="0.000" classname="E2E.TestSet_MPMSTORE_003"/>
  <testcase name="test008_userAvailableCoupon" time="0.540" classname="E2E.TestSet_MPMSTORE_003"/>
  <testcase name="test017_promotionDetails_003" time="0.000" classname="E2E.TestSet_MPMSTORE_003"/>
  <testcase name="test025_userAvailableCoupon" time="0.492" classname="E2E.TestSet_MPMSTORE_003"/>
  <testcase name="test006_校验定向券" time="0.000" classname="E2E.TestSet_MPMSTORE_003"/>
  <testcase name="test029_全场券活动关闭" time="6.471" classname="E2E.TestSet_MPMSTORE_003"/>
  <testcase name="test030_queryNonDesignatedUserCoupon" time="0.672" classname="E2E.TestSet_MPMSTORE_003"/>
  <testcase name="test009_定向券页面获取" time="132.221" classname="E2E.TestSet_MPMSTORE_003"/>
  <testcase name="test006_校验定向券" time="0.000" classname="E2E.TestSet_MPMSTORE_003"/>
  <testcase name="test014_plans" time="0.683" classname="E2E.TestSet_MPMSTORE_003"/>
  <testcase name="test004_定向券页面获取" time="2.476" classname="E2E.TestSet_MPMSTORE_003"/>
  <testcase name="test017_promotionDetails_003" time="0.000" classname="E2E.TestSet_MPMSTORE_003"/>
  <testcase name="test002_创建活动页面" time="7.556" classname="E2E.TestSet_MPMSTORE_003"/>
  <testcase name="test017_promotionDetails_004" time="0.000" classname="E2E.TestSet_MPMSTORE_003"/>
  <testcase name="test017_promotionDetails_004" time="0.000" classname="E2E.TestSet_MPMSTORE_003"/>
  <testcase name="test017_promotionDetails_002" time="0.000" classname="E2E.TestSet_MPMSTORE_003"/>
  <testcase name="test001_启动后台" time="13.129" classname="E2E.TestSet_MPMSTORE_003"/>
  <testcase name="test006_校验定向券" time="0.000" classname="E2E.TestSet_MPMSTORE_003"/>
  <testcase name="test017_promotionDetails_002" time="0.000" classname="E2E.TestSet_MPMSTORE_003"/>
  <testcase name="test013_loggedUserReceiveCoupon" time="0.574" classname="E2E.TestSet_MPMSTORE_003"/>
  <testcase name="test006_校验定向券" time="0.000" classname="E2E.TestSet_MPMSTORE_003"/>
  <testcase name="test017_promotionDetails_003" time="0.000" classname="E2E.TestSet_MPMSTORE_003"/>
  <testcase name="test018_queryDesignatedUserCoupon" time="11.699" classname="E2E.TestSet_MPMSTORE_003"/>
  <testcase name="test017_promotionDetails_002" time="0.000" classname="E2E.TestSet_MPMSTORE_003"/>
  <testcase name="test017_promotionDetails_003" time="0.000" classname="E2E.TestSet_MPMSTORE_003"/>
  <testcase name="test021_userAvailableCoupon" time="0.525" classname="E2E.TestSet_MPMSTORE_003"/>
  <testcase name="test006_校验定向券" time="0.000" classname="E2E.TestSet_MPMSTORE_003"/>
  <testcase name="test017_promotionDetails_003" time="0.000" classname="E2E.TestSet_MPMSTORE_003"/>
  <testcase name="test017_promotionDetails_002" time="0.000" classname="E2E.TestSet_MPMSTORE_003"/>
</testsuite> <!-- E2E.TestSet_MPMSTORE_003 -->
