<?xml version="1.0" encoding="UTF-8"?>
<!-- Generated by org.testng.reporters.JUnitReportReporter -->
<testsuite skipped="0" hostname="CNL-4JVB6J3" name="EasyPromo.OnlineCoupon_DistributeChanneLH5_UseChannelMPM" tests="60" failures="0" timestamp="28 五月 2024 03:58:54 GMT" time="433.706" errors="0">
  <testcase name="TC009_queryUserCoupon" time="1.411" classname="EasyPromo.OnlineCoupon_DistributeChanneLH5_UseChannelMPM"/>
  <testcase name="test030_全场券活动关闭" time="8.775" classname="EasyPromo.OnlineCoupon_DistributeChanneLH5_UseChannelMPM"/>
  <testcase name="test016_userAvailableCoupon" time="10.842" classname="EasyPromo.OnlineCoupon_DistributeChanneLH5_UseChannelMPM"/>
  <testcase name="init" time="0.006" classname="EasyPromo.OnlineCoupon_DistributeChanneLH5_UseChannelMPM"/>
  <testcase name="test025_promotionDetails_002" time="0.000" classname="EasyPromo.OnlineCoupon_DistributeChanneLH5_UseChannelMPM"/>
  <testcase name="TC035_H5DistributeChannel" time="0.929" classname="EasyPromo.OnlineCoupon_DistributeChanneLH5_UseChannelMPM"/>
  <testcase name="test025_promotionDetails_003" time="0.000" classname="EasyPromo.OnlineCoupon_DistributeChanneLH5_UseChannelMPM"/>
  <testcase name="test025_promotionDetails_003" time="0.000" classname="EasyPromo.OnlineCoupon_DistributeChanneLH5_UseChannelMPM"/>
  <testcase name="test023_queryUserCoupon" time="53.803" classname="EasyPromo.OnlineCoupon_DistributeChanneLH5_UseChannelMPM"/>
  <testcase name="test025_promotionDetails_003" time="0.000" classname="EasyPromo.OnlineCoupon_DistributeChanneLH5_UseChannelMPM"/>
  <testcase name="test025_promotionDetails_002" time="0.000" classname="EasyPromo.OnlineCoupon_DistributeChanneLH5_UseChannelMPM"/>
  <testcase name="test025_promotionDetails_003" time="0.000" classname="EasyPromo.OnlineCoupon_DistributeChanneLH5_UseChannelMPM"/>
  <testcase name="test024_userAvailableCoupon" time="0.574" classname="EasyPromo.OnlineCoupon_DistributeChanneLH5_UseChannelMPM"/>
  <testcase name="test025_promotionDetails_002" time="0.001" classname="EasyPromo.OnlineCoupon_DistributeChanneLH5_UseChannelMPM"/>
  <testcase name="TC013_queryBUAuditApproveStatus" time="7.997" classname="EasyPromo.OnlineCoupon_DistributeChanneLH5_UseChannelMPM"/>
  <testcase name="test029_userAvailableCoupon" time="11.081" classname="EasyPromo.OnlineCoupon_DistributeChanneLH5_UseChannelMPM"/>
  <testcase name="test018_queryUserCoupon" time="0.839" classname="EasyPromo.OnlineCoupon_DistributeChanneLH5_UseChannelMPM"/>
  <testcase name="TC008_BUAuditTask" time="0.411" classname="EasyPromo.OnlineCoupon_DistributeChanneLH5_UseChannelMPM"/>
  <testcase name="test025_promotionDetails_002" time="0.000" classname="EasyPromo.OnlineCoupon_DistributeChanneLH5_UseChannelMPM"/>
  <testcase name="test028_queryUserCoupon" time="1.141" classname="EasyPromo.OnlineCoupon_DistributeChanneLH5_UseChannelMPM"/>
  <testcase name="test025_promotionDetails_004" time="0.001" classname="EasyPromo.OnlineCoupon_DistributeChanneLH5_UseChannelMPM"/>
  <testcase name="test022_applyPromotionPlans" time="9.434" classname="EasyPromo.OnlineCoupon_DistributeChanneLH5_UseChannelMPM"/>
  <testcase name="TC006_managerAuditTask" time="0.422" classname="EasyPromo.OnlineCoupon_DistributeChanneLH5_UseChannelMPM"/>
  <testcase name="TC005_queryApproveStatus" time="8.504" classname="EasyPromo.OnlineCoupon_DistributeChanneLH5_UseChannelMPM"/>
  <testcase name="TC011_loggedUserReceiveCoupon" time="0.743" classname="EasyPromo.OnlineCoupon_DistributeChanneLH5_UseChannelMPM"/>
  <testcase name="test031_loggedUserReceiveCoupon" time="0.600" classname="EasyPromo.OnlineCoupon_DistributeChanneLH5_UseChannelMPM"/>
  <testcase name="TC012_getStockApproveStatus" time="60.457" classname="EasyPromo.OnlineCoupon_DistributeChanneLH5_UseChannelMPM"/>
  <testcase name="test025_promotionDetails_001" time="0.433" classname="EasyPromo.OnlineCoupon_DistributeChanneLH5_UseChannelMPM"/>
  <testcase name="test027_refundCoupon" time="8.499" classname="EasyPromo.OnlineCoupon_DistributeChanneLH5_UseChannelMPM"/>
  <testcase name="test021_repricing" time="0.506" classname="EasyPromo.OnlineCoupon_DistributeChanneLH5_UseChannelMPM"/>
  <testcase name="test025_promotionDetails_003" time="0.000" classname="EasyPromo.OnlineCoupon_DistributeChanneLH5_UseChannelMPM"/>
  <testcase name="test032_userAvailableCoupon" time="0.821" classname="EasyPromo.OnlineCoupon_DistributeChanneLH5_UseChannelMPM"/>
  <testcase name="test025_promotionDetails_003" time="0.001" classname="EasyPromo.OnlineCoupon_DistributeChanneLH5_UseChannelMPM"/>
  <testcase name="test025_promotionDetails_004" time="0.000" classname="EasyPromo.OnlineCoupon_DistributeChanneLH5_UseChannelMPM"/>
  <testcase name="test025_promotionDetails_003" time="0.000" classname="EasyPromo.OnlineCoupon_DistributeChanneLH5_UseChannelMPM"/>
  <testcase name="TC004_queryFlowID" time="9.082" classname="EasyPromo.OnlineCoupon_DistributeChanneLH5_UseChannelMPM"/>
  <testcase name="test025_promotionDetails_002" time="0.000" classname="EasyPromo.OnlineCoupon_DistributeChanneLH5_UseChannelMPM"/>
  <testcase name="test025_promotionDetails_004" time="0.000" classname="EasyPromo.OnlineCoupon_DistributeChanneLH5_UseChannelMPM"/>
  <testcase name="TC002_queryStockID" time="8.598" classname="EasyPromo.OnlineCoupon_DistributeChanneLH5_UseChannelMPM"/>
  <testcase name="TC034_H5DistributeChannel" time="0.854" classname="EasyPromo.OnlineCoupon_DistributeChanneLH5_UseChannelMPM"/>
  <testcase name="test025_promotionDetails_003" time="0.001" classname="EasyPromo.OnlineCoupon_DistributeChanneLH5_UseChannelMPM"/>
  <testcase name="test017_loggedUserReceiveCoupon" time="0.640" classname="EasyPromo.OnlineCoupon_DistributeChanneLH5_UseChannelMPM"/>
  <testcase name="TC036_H5DistributeChannel" time="0.715" classname="EasyPromo.OnlineCoupon_DistributeChanneLH5_UseChannelMPM"/>
  <testcase name="TC007_queryManagerAuditApproveStatus" time="18.808" classname="EasyPromo.OnlineCoupon_DistributeChanneLH5_UseChannelMPM"/>
  <testcase name="TC037_H5DistributeChannel" time="0.728" classname="EasyPromo.OnlineCoupon_DistributeChanneLH5_UseChannelMPM"/>
  <testcase name="TC003_getStockInitialStatus" time="0.547" classname="EasyPromo.OnlineCoupon_DistributeChanneLH5_UseChannelMPM"/>
  <testcase name="TC033_H5DistributeChannel" time="0.689" classname="EasyPromo.OnlineCoupon_DistributeChanneLH5_UseChannelMPM"/>
  <testcase name="test025_promotionDetails_002" time="0.000" classname="EasyPromo.OnlineCoupon_DistributeChanneLH5_UseChannelMPM"/>
  <testcase name="test019_userAvailableCoupon" time="11.167" classname="EasyPromo.OnlineCoupon_DistributeChanneLH5_UseChannelMPM"/>
  <testcase name="TC001_createStock" time="0.498" classname="EasyPromo.OnlineCoupon_DistributeChanneLH5_UseChannelMPM"/>
  <testcase name="TC038_H5DistributeChannel" time="0.744" classname="EasyPromo.OnlineCoupon_DistributeChanneLH5_UseChannelMPM"/>
  <testcase name="TC014_getStockActiveStatus" time="180.484" classname="EasyPromo.OnlineCoupon_DistributeChanneLH5_UseChannelMPM"/>
  <testcase name="test020_plans" time="0.768" classname="EasyPromo.OnlineCoupon_DistributeChanneLH5_UseChannelMPM"/>
  <testcase name="TC010_userAvailableCoupon" time="0.814" classname="EasyPromo.OnlineCoupon_DistributeChanneLH5_UseChannelMPM"/>
  <testcase name="test025_promotionDetails_004" time="0.000" classname="EasyPromo.OnlineCoupon_DistributeChanneLH5_UseChannelMPM"/>
  <testcase name="test025_promotionDetails_003" time="0.000" classname="EasyPromo.OnlineCoupon_DistributeChanneLH5_UseChannelMPM"/>
  <testcase name="test026_redeemCoupon" time="8.701" classname="EasyPromo.OnlineCoupon_DistributeChanneLH5_UseChannelMPM"/>
  <testcase name="test025_promotionDetails_003" time="0.000" classname="EasyPromo.OnlineCoupon_DistributeChanneLH5_UseChannelMPM"/>
  <testcase name="test015_queryUserCoupon" time="1.637" classname="EasyPromo.OnlineCoupon_DistributeChanneLH5_UseChannelMPM"/>
  <testcase name="test025_promotionDetails_002" time="0.000" classname="EasyPromo.OnlineCoupon_DistributeChanneLH5_UseChannelMPM"/>
</testsuite> <!-- EasyPromo.OnlineCoupon_DistributeChanneLH5_UseChannelMPM -->
