<?xml version="1.0" encoding="UTF-8"?>
<!-- Generated by org.testng.reporters.JUnitReportReporter -->
<testsuite skipped="0" hostname="CNL-4JVB6J3" name="E2E.TestSet_001" tests="68" failures="0" timestamp="25 十月 2023 06:57:38 GMT" time="233.945" errors="0">
  <testcase name="test017_promotionDetails_004" time="0.000" classname="E2E.TestSet_001"/>
  <testcase name="test017_promotionDetails_002" time="0.000" classname="E2E.TestSet_001"/>
  <testcase name="test006_校验全场券" time="0.000" classname="E2E.TestSet_001"/>
  <testcase name="test025_userAvailableCoupon" time="11.033" classname="E2E.TestSet_001"/>
  <testcase name="test020_queryUserCoupon" time="20.191" classname="E2E.TestSet_001"/>
  <testcase name="test002_创建活动页面" time="7.546" classname="E2E.TestSet_001"/>
  <testcase name="test004_全场券页面获取" time="2.417" classname="E2E.TestSet_001"/>
  <testcase name="test018_queryUserCoupon" time="0.787" classname="E2E.TestSet_001"/>
  <testcase name="test016_applyPromotionPlans" time="6.650" classname="E2E.TestSet_001"/>
  <testcase name="test017_promotionDetails_003" time="0.000" classname="E2E.TestSet_001"/>
  <testcase name="test017_promotionDetails_003" time="0.000" classname="E2E.TestSet_001"/>
  <testcase name="test006_校验全场券" time="0.000" classname="E2E.TestSet_001"/>
  <testcase name="test017_promotionDetails_001" time="0.461" classname="E2E.TestSet_001"/>
  <testcase name="test001_启动后台" time="12.168" classname="E2E.TestSet_001"/>
  <testcase name="test006_校验全场券" time="0.000" classname="E2E.TestSet_001"/>
  <testcase name="test006_校验全场券" time="0.000" classname="E2E.TestSet_001"/>
  <testcase name="test017_promotionDetails_003" time="0.000" classname="E2E.TestSet_001"/>
  <testcase name="test015_repricing" time="0.366" classname="E2E.TestSet_001"/>
  <testcase name="test017_promotionDetails_004" time="0.000" classname="E2E.TestSet_001"/>
  <testcase name="test006_校验全场券" time="0.000" classname="E2E.TestSet_001"/>
  <testcase name="test021_userAvailableCoupon" time="0.401" classname="E2E.TestSet_001"/>
  <testcase name="test017_promotionDetails_003" time="0.000" classname="E2E.TestSet_001"/>
  <testcase name="test028_userAvailableCoupon" time="0.570" classname="E2E.TestSet_001"/>
  <testcase name="test017_promotionDetails_003" time="0.000" classname="E2E.TestSet_001"/>
  <testcase name="test011_userAvailableCoupon" time="10.614" classname="E2E.TestSet_001"/>
  <testcase name="test017_promotionDetails_003" time="0.000" classname="E2E.TestSet_001"/>
  <testcase name="test014_plans" time="0.574" classname="E2E.TestSet_001"/>
  <testcase name="test006_校验全场券" time="0.000" classname="E2E.TestSet_001"/>
  <testcase name="test017_promotionDetails_003" time="0.000" classname="E2E.TestSet_001"/>
  <testcase name="test017_promotionDetails_002" time="0.000" classname="E2E.TestSet_001"/>
  <testcase name="test029_全场券活动关闭" time="6.395" classname="E2E.TestSet_001"/>
  <testcase name="test010_queryUserCoupon" time="1.295" classname="E2E.TestSet_001"/>
  <testcase name="test017_promotionDetails_002" time="0.000" classname="E2E.TestSet_001"/>
  <testcase name="test024_queryUserCoupon" time="0.649" classname="E2E.TestSet_001"/>
  <testcase name="test019_userAvailableCoupon" time="10.625" classname="E2E.TestSet_001"/>
  <testcase name="test017_promotionDetails_004" time="0.000" classname="E2E.TestSet_001"/>
  <testcase name="test017_promotionDetails_004" time="0.000" classname="E2E.TestSet_001"/>
  <testcase name="test017_promotionDetails_004" time="0.000" classname="E2E.TestSet_001"/>
  <testcase name="test022_redeemCoupon" time="3.900" classname="E2E.TestSet_001"/>
  <testcase name="test006_校验全场券" time="0.000" classname="E2E.TestSet_001"/>
  <testcase name="test007_queryUserCoupon" time="1.322" classname="E2E.TestSet_001"/>
  <testcase name="test003_创建全场券" time="6.425" classname="E2E.TestSet_001"/>
  <testcase name="test009_全场券页面获取" time="122.491" classname="E2E.TestSet_001"/>
  <testcase name="test017_promotionDetails_003" time="0.000" classname="E2E.TestSet_001"/>
  <testcase name="test017_promotionDetails_004" time="0.000" classname="E2E.TestSet_001"/>
  <testcase name="test017_promotionDetails_003" time="0.000" classname="E2E.TestSet_001"/>
  <testcase name="test017_promotionDetails_003" time="0.000" classname="E2E.TestSet_001"/>
  <testcase name="test006_校验全场券" time="0.000" classname="E2E.TestSet_001"/>
  <testcase name="test006_校验全场券" time="0.000" classname="E2E.TestSet_001"/>
  <testcase name="test006_校验全场券" time="0.000" classname="E2E.TestSet_001"/>
  <testcase name="test006_校验全场券" time="0.000" classname="E2E.TestSet_001"/>
  <testcase name="test012_loggedUserReceiveCoupon" time="0.601" classname="E2E.TestSet_001"/>
  <testcase name="test026_loggedUserReceiveCoupon" time="0.628" classname="E2E.TestSet_001"/>
  <testcase name="test006_校验全场券" time="0.000" classname="E2E.TestSet_001"/>
  <testcase name="test006_校验全场券" time="0.000" classname="E2E.TestSet_001"/>
  <testcase name="test006_校验全场券" time="0.000" classname="E2E.TestSet_001"/>
  <testcase name="test017_promotionDetails_002" time="0.000" classname="E2E.TestSet_001"/>
  <testcase name="test005_校验全场券" time="0.000" classname="E2E.TestSet_001"/>
  <testcase name="test017_promotionDetails_002" time="0.000" classname="E2E.TestSet_001"/>
  <testcase name="test008_userAvailableCoupon" time="0.586" classname="E2E.TestSet_001"/>
  <testcase name="test013_loggedUserReceiveCoupon" time="0.701" classname="E2E.TestSet_001"/>
  <testcase name="test006_校验全场券" time="0.000" classname="E2E.TestSet_001"/>
  <testcase name="test006_校验全场券" time="0.000" classname="E2E.TestSet_001"/>
  <testcase name="test017_promotionDetails_002" time="0.000" classname="E2E.TestSet_001"/>
  <testcase name="test023_refundCoupon" time="4.549" classname="E2E.TestSet_001"/>
  <testcase name="test017_promotionDetails_002" time="0.000" classname="E2E.TestSet_001"/>
  <testcase name="test017_promotionDetails_004" time="0.000" classname="E2E.TestSet_001"/>
  <testcase name="test006_校验全场券" time="0.000" classname="E2E.TestSet_001"/>
</testsuite> <!-- E2E.TestSet_001 -->
