<?xml version="1.0" encoding="UTF-8"?>
<!-- Generated by org.testng.reporters.JUnitReportReporter -->
<testsuite skipped="0" hostname="CNL-4JVB6J3" name="EasyPromo.OfflineCoupon_DistributeChannelPromotionPage_UseChannelWebPos" tests="62" failures="0" timestamp="28 五月 2024 03:58:54 GMT" time="463.040" errors="0">
  <testcase name="test019_userAvailableCoupon" time="10.635" classname="EasyPromo.OfflineCoupon_DistributeChannelPromotionPage_UseChannelWebPos"/>
  <testcase name="test025_promotionDetails_002" time="0.000" classname="EasyPromo.OfflineCoupon_DistributeChannelPromotionPage_UseChannelWebPos"/>
  <testcase name="TC011_loggedUserReceiveCoupon" time="0.909" classname="EasyPromo.OfflineCoupon_DistributeChannelPromotionPage_UseChannelWebPos"/>
  <testcase name="TC036_H5DistributeChannel" time="0.580" classname="EasyPromo.OfflineCoupon_DistributeChannelPromotionPage_UseChannelWebPos"/>
  <testcase name="test025_promotionDetails_003" time="0.001" classname="EasyPromo.OfflineCoupon_DistributeChannelPromotionPage_UseChannelWebPos"/>
  <testcase name="test025_promotionDetails_004" time="0.000" classname="EasyPromo.OfflineCoupon_DistributeChannelPromotionPage_UseChannelWebPos"/>
  <testcase name="test025_promotionDetails_002" time="0.001" classname="EasyPromo.OfflineCoupon_DistributeChannelPromotionPage_UseChannelWebPos"/>
  <testcase name="test022_confirmPromotionPlans" time="9.216" classname="EasyPromo.OfflineCoupon_DistributeChannelPromotionPage_UseChannelWebPos"/>
  <testcase name="test030_全场券活动关闭" time="7.819" classname="EasyPromo.OfflineCoupon_DistributeChannelPromotionPage_UseChannelWebPos"/>
  <testcase name="TC012_getStockApproveStatus" time="60.393" classname="EasyPromo.OfflineCoupon_DistributeChannelPromotionPage_UseChannelWebPos"/>
  <testcase name="test023_queryUserCoupon" time="51.110" classname="EasyPromo.OfflineCoupon_DistributeChannelPromotionPage_UseChannelWebPos"/>
  <testcase name="test029_userAvailableCoupon" time="10.755" classname="EasyPromo.OfflineCoupon_DistributeChannelPromotionPage_UseChannelWebPos"/>
  <testcase name="TC034_H5DistributeChannel" time="0.642" classname="EasyPromo.OfflineCoupon_DistributeChannelPromotionPage_UseChannelWebPos"/>
  <testcase name="TC041_promotionInfo" time="30.430" classname="EasyPromo.OfflineCoupon_DistributeChannelPromotionPage_UseChannelWebPos"/>
  <testcase name="test025_promotionDetails_003" time="0.000" classname="EasyPromo.OfflineCoupon_DistributeChannelPromotionPage_UseChannelWebPos"/>
  <testcase name="TC039_createPromotionPage" time="0.538" classname="EasyPromo.OfflineCoupon_DistributeChannelPromotionPage_UseChannelWebPos"/>
  <testcase name="TC014_getStockActiveStatus" time="180.473" classname="EasyPromo.OfflineCoupon_DistributeChannelPromotionPage_UseChannelWebPos"/>
  <testcase name="test025_promotionDetails_002" time="0.000" classname="EasyPromo.OfflineCoupon_DistributeChannelPromotionPage_UseChannelWebPos"/>
  <testcase name="test025_promotionDetails_002" time="0.000" classname="EasyPromo.OfflineCoupon_DistributeChannelPromotionPage_UseChannelWebPos"/>
  <testcase name="test025_promotionDetails_004" time="0.000" classname="EasyPromo.OfflineCoupon_DistributeChannelPromotionPage_UseChannelWebPos"/>
  <testcase name="TC004_queryFlowID" time="8.588" classname="EasyPromo.OfflineCoupon_DistributeChannelPromotionPage_UseChannelWebPos"/>
  <testcase name="TC040_promotionInfo" time="0.405" classname="EasyPromo.OfflineCoupon_DistributeChannelPromotionPage_UseChannelWebPos"/>
  <testcase name="test025_promotionDetails_003" time="0.000" classname="EasyPromo.OfflineCoupon_DistributeChannelPromotionPage_UseChannelWebPos"/>
  <testcase name="test026_redeemCoupon" time="7.882" classname="EasyPromo.OfflineCoupon_DistributeChannelPromotionPage_UseChannelWebPos"/>
  <testcase name="test025_promotionDetails_001" time="0.401" classname="EasyPromo.OfflineCoupon_DistributeChannelPromotionPage_UseChannelWebPos"/>
  <testcase name="TC038_H5DistributeChannel" time="0.671" classname="EasyPromo.OfflineCoupon_DistributeChannelPromotionPage_UseChannelWebPos"/>
  <testcase name="test024_userAvailableCoupon" time="0.571" classname="EasyPromo.OfflineCoupon_DistributeChannelPromotionPage_UseChannelWebPos"/>
  <testcase name="TC035_H5DistributeChannel" time="0.661" classname="EasyPromo.OfflineCoupon_DistributeChannelPromotionPage_UseChannelWebPos"/>
  <testcase name="test025_promotionDetails_004" time="0.001" classname="EasyPromo.OfflineCoupon_DistributeChannelPromotionPage_UseChannelWebPos"/>
  <testcase name="TC003_getStockInitialStatus" time="0.438" classname="EasyPromo.OfflineCoupon_DistributeChannelPromotionPage_UseChannelWebPos"/>
  <testcase name="test025_promotionDetails_004" time="0.003" classname="EasyPromo.OfflineCoupon_DistributeChannelPromotionPage_UseChannelWebPos"/>
  <testcase name="test025_promotionDetails_002" time="0.000" classname="EasyPromo.OfflineCoupon_DistributeChannelPromotionPage_UseChannelWebPos"/>
  <testcase name="test025_promotionDetails_003" time="0.000" classname="EasyPromo.OfflineCoupon_DistributeChannelPromotionPage_UseChannelWebPos"/>
  <testcase name="test025_promotionDetails_002" time="0.000" classname="EasyPromo.OfflineCoupon_DistributeChannelPromotionPage_UseChannelWebPos"/>
  <testcase name="test028_queryUserCoupon" time="1.009" classname="EasyPromo.OfflineCoupon_DistributeChannelPromotionPage_UseChannelWebPos"/>
  <testcase name="test025_promotionDetails_003" time="0.000" classname="EasyPromo.OfflineCoupon_DistributeChannelPromotionPage_UseChannelWebPos"/>
  <testcase name="init" time="0.008" classname="EasyPromo.OfflineCoupon_DistributeChannelPromotionPage_UseChannelWebPos"/>
  <testcase name="test027_refundCoupon" time="8.141" classname="EasyPromo.OfflineCoupon_DistributeChannelPromotionPage_UseChannelWebPos"/>
  <testcase name="test025_promotionDetails_003" time="0.000" classname="EasyPromo.OfflineCoupon_DistributeChannelPromotionPage_UseChannelWebPos"/>
  <testcase name="test031_loggedUserReceiveCoupon" time="0.981" classname="EasyPromo.OfflineCoupon_DistributeChannelPromotionPage_UseChannelWebPos"/>
  <testcase name="TC033_H5DistributeChannel" time="0.707" classname="EasyPromo.OfflineCoupon_DistributeChannelPromotionPage_UseChannelWebPos"/>
  <testcase name="test025_promotionDetails_003" time="0.000" classname="EasyPromo.OfflineCoupon_DistributeChannelPromotionPage_UseChannelWebPos"/>
  <testcase name="test015_queryUserCoupon" time="1.158" classname="EasyPromo.OfflineCoupon_DistributeChannelPromotionPage_UseChannelWebPos"/>
  <testcase name="test025_promotionDetails_002" time="0.000" classname="EasyPromo.OfflineCoupon_DistributeChannelPromotionPage_UseChannelWebPos"/>
  <testcase name="TC006_managerAuditTask" time="0.392" classname="EasyPromo.OfflineCoupon_DistributeChannelPromotionPage_UseChannelWebPos"/>
  <testcase name="TC007_queryManagerAuditApproveStatus" time="19.197" classname="EasyPromo.OfflineCoupon_DistributeChannelPromotionPage_UseChannelWebPos"/>
  <testcase name="test025_promotionDetails_003" time="0.000" classname="EasyPromo.OfflineCoupon_DistributeChannelPromotionPage_UseChannelWebPos"/>
  <testcase name="test017_loggedUserReceiveCoupon" time="0.731" classname="EasyPromo.OfflineCoupon_DistributeChannelPromotionPage_UseChannelWebPos"/>
  <testcase name="TC001_createStock" time="0.457" classname="EasyPromo.OfflineCoupon_DistributeChannelPromotionPage_UseChannelWebPos"/>
  <testcase name="test016_userAvailableCoupon" time="10.674" classname="EasyPromo.OfflineCoupon_DistributeChannelPromotionPage_UseChannelWebPos"/>
  <testcase name="TC037_H5DistributeChannel" time="0.743" classname="EasyPromo.OfflineCoupon_DistributeChannelPromotionPage_UseChannelWebPos"/>
  <testcase name="TC013_queryBUAuditApproveStatus" time="7.293" classname="EasyPromo.OfflineCoupon_DistributeChannelPromotionPage_UseChannelWebPos"/>
  <testcase name="TC009_queryUserCoupon" time="1.178" classname="EasyPromo.OfflineCoupon_DistributeChannelPromotionPage_UseChannelWebPos"/>
  <testcase name="test032_userAvailableCoupon" time="0.642" classname="EasyPromo.OfflineCoupon_DistributeChannelPromotionPage_UseChannelWebPos"/>
  <testcase name="test025_promotionDetails_003" time="0.000" classname="EasyPromo.OfflineCoupon_DistributeChannelPromotionPage_UseChannelWebPos"/>
  <testcase name="TC002_queryStockID" time="15.362" classname="EasyPromo.OfflineCoupon_DistributeChannelPromotionPage_UseChannelWebPos"/>
  <testcase name="test020_webPosPlans" time="0.727" classname="EasyPromo.OfflineCoupon_DistributeChannelPromotionPage_UseChannelWebPos"/>
  <testcase name="test025_promotionDetails_003" time="0.000" classname="EasyPromo.OfflineCoupon_DistributeChannelPromotionPage_UseChannelWebPos"/>
  <testcase name="TC010_userAvailableCoupon" time="0.744" classname="EasyPromo.OfflineCoupon_DistributeChannelPromotionPage_UseChannelWebPos"/>
  <testcase name="TC008_BUAuditTask" time="0.457" classname="EasyPromo.OfflineCoupon_DistributeChannelPromotionPage_UseChannelWebPos"/>
  <testcase name="TC005_queryApproveStatus" time="8.505" classname="EasyPromo.OfflineCoupon_DistributeChannelPromotionPage_UseChannelWebPos"/>
  <testcase name="test018_queryUserCoupon" time="0.811" classname="EasyPromo.OfflineCoupon_DistributeChannelPromotionPage_UseChannelWebPos"/>
</testsuite> <!-- EasyPromo.OfflineCoupon_DistributeChannelPromotionPage_UseChannelWebPos -->
