<?xml version="1.0" encoding="UTF-8"?>
<!-- Generated by org.testng.reporters.JUnitReportReporter -->
<testsuite skipped="0" hostname="CNL-4JVB6J3" name="EasyPromo.OnlineCoupon_DistributeChannelPromotionPage_UseChannelMPM" tests="63" failures="0" timestamp="28 五月 2024 03:58:54 GMT" time="465.890" errors="0">
  <testcase name="TC008_BUAuditTask" time="0.463" classname="EasyPromo.OnlineCoupon_DistributeChannelPromotionPage_UseChannelMPM"/>
  <testcase name="test025_promotionDetails_002" time="0.000" classname="EasyPromo.OnlineCoupon_DistributeChannelPromotionPage_UseChannelMPM"/>
  <testcase name="TC009_queryUserCoupon" time="1.280" classname="EasyPromo.OnlineCoupon_DistributeChannelPromotionPage_UseChannelMPM"/>
  <testcase name="test025_promotionDetails_004" time="0.000" classname="EasyPromo.OnlineCoupon_DistributeChannelPromotionPage_UseChannelMPM"/>
  <testcase name="TC011_loggedUserReceiveCoupon" time="0.761" classname="EasyPromo.OnlineCoupon_DistributeChannelPromotionPage_UseChannelMPM"/>
  <testcase name="test025_promotionDetails_001" time="0.409" classname="EasyPromo.OnlineCoupon_DistributeChannelPromotionPage_UseChannelMPM"/>
  <testcase name="test015_queryUserCoupon" time="1.690" classname="EasyPromo.OnlineCoupon_DistributeChannelPromotionPage_UseChannelMPM"/>
  <testcase name="TC014_getStockActiveStatus" time="180.416" classname="EasyPromo.OnlineCoupon_DistributeChannelPromotionPage_UseChannelMPM"/>
  <testcase name="TC012_getStockApproveStatus" time="60.409" classname="EasyPromo.OnlineCoupon_DistributeChannelPromotionPage_UseChannelMPM"/>
  <testcase name="test021_repricing" time="0.362" classname="EasyPromo.OnlineCoupon_DistributeChannelPromotionPage_UseChannelMPM"/>
  <testcase name="test018_queryUserCoupon" time="0.900" classname="EasyPromo.OnlineCoupon_DistributeChannelPromotionPage_UseChannelMPM"/>
  <testcase name="test025_promotionDetails_002" time="0.000" classname="EasyPromo.OnlineCoupon_DistributeChannelPromotionPage_UseChannelMPM"/>
  <testcase name="test025_promotionDetails_002" time="0.000" classname="EasyPromo.OnlineCoupon_DistributeChannelPromotionPage_UseChannelMPM"/>
  <testcase name="test032_userAvailableCoupon" time="0.746" classname="EasyPromo.OnlineCoupon_DistributeChannelPromotionPage_UseChannelMPM"/>
  <testcase name="TC035_H5DistributeChannel" time="0.743" classname="EasyPromo.OnlineCoupon_DistributeChannelPromotionPage_UseChannelMPM"/>
  <testcase name="test025_promotionDetails_004" time="0.000" classname="EasyPromo.OnlineCoupon_DistributeChannelPromotionPage_UseChannelMPM"/>
  <testcase name="test025_promotionDetails_003" time="0.000" classname="EasyPromo.OnlineCoupon_DistributeChannelPromotionPage_UseChannelMPM"/>
  <testcase name="TC010_userAvailableCoupon" time="0.713" classname="EasyPromo.OnlineCoupon_DistributeChannelPromotionPage_UseChannelMPM"/>
  <testcase name="TC039_createPromotionPage" time="0.445" classname="EasyPromo.OnlineCoupon_DistributeChannelPromotionPage_UseChannelMPM"/>
  <testcase name="test025_promotionDetails_003" time="0.000" classname="EasyPromo.OnlineCoupon_DistributeChannelPromotionPage_UseChannelMPM"/>
  <testcase name="test025_promotionDetails_003" time="0.000" classname="EasyPromo.OnlineCoupon_DistributeChannelPromotionPage_UseChannelMPM"/>
  <testcase name="test028_queryUserCoupon" time="1.072" classname="EasyPromo.OnlineCoupon_DistributeChannelPromotionPage_UseChannelMPM"/>
  <testcase name="test025_promotionDetails_002" time="0.000" classname="EasyPromo.OnlineCoupon_DistributeChannelPromotionPage_UseChannelMPM"/>
  <testcase name="test019_userAvailableCoupon" time="10.715" classname="EasyPromo.OnlineCoupon_DistributeChannelPromotionPage_UseChannelMPM"/>
  <testcase name="test016_userAvailableCoupon" time="10.763" classname="EasyPromo.OnlineCoupon_DistributeChannelPromotionPage_UseChannelMPM"/>
  <testcase name="test025_promotionDetails_003" time="0.000" classname="EasyPromo.OnlineCoupon_DistributeChannelPromotionPage_UseChannelMPM"/>
  <testcase name="test029_userAvailableCoupon" time="10.736" classname="EasyPromo.OnlineCoupon_DistributeChannelPromotionPage_UseChannelMPM"/>
  <testcase name="TC033_H5DistributeChannel" time="0.706" classname="EasyPromo.OnlineCoupon_DistributeChannelPromotionPage_UseChannelMPM"/>
  <testcase name="test025_promotionDetails_002" time="0.000" classname="EasyPromo.OnlineCoupon_DistributeChannelPromotionPage_UseChannelMPM"/>
  <testcase name="test017_loggedUserReceiveCoupon" time="0.892" classname="EasyPromo.OnlineCoupon_DistributeChannelPromotionPage_UseChannelMPM"/>
  <testcase name="TC005_queryApproveStatus" time="8.972" classname="EasyPromo.OnlineCoupon_DistributeChannelPromotionPage_UseChannelMPM"/>
  <testcase name="TC038_H5DistributeChannel" time="0.890" classname="EasyPromo.OnlineCoupon_DistributeChannelPromotionPage_UseChannelMPM"/>
  <testcase name="TC007_queryManagerAuditApproveStatus" time="22.888" classname="EasyPromo.OnlineCoupon_DistributeChannelPromotionPage_UseChannelMPM"/>
  <testcase name="test025_promotionDetails_002" time="0.000" classname="EasyPromo.OnlineCoupon_DistributeChannelPromotionPage_UseChannelMPM"/>
  <testcase name="test023_queryUserCoupon" time="52.134" classname="EasyPromo.OnlineCoupon_DistributeChannelPromotionPage_UseChannelMPM"/>
  <testcase name="TC003_getStockInitialStatus" time="0.468" classname="EasyPromo.OnlineCoupon_DistributeChannelPromotionPage_UseChannelMPM"/>
  <testcase name="TC004_queryFlowID" time="9.018" classname="EasyPromo.OnlineCoupon_DistributeChannelPromotionPage_UseChannelMPM"/>
  <testcase name="test025_promotionDetails_003" time="0.000" classname="EasyPromo.OnlineCoupon_DistributeChannelPromotionPage_UseChannelMPM"/>
  <testcase name="TC041_promotionInfo" time="30.371" classname="EasyPromo.OnlineCoupon_DistributeChannelPromotionPage_UseChannelMPM"/>
  <testcase name="test025_promotionDetails_003" time="0.001" classname="EasyPromo.OnlineCoupon_DistributeChannelPromotionPage_UseChannelMPM"/>
  <testcase name="test022_applyPromotionPlans" time="7.841" classname="EasyPromo.OnlineCoupon_DistributeChannelPromotionPage_UseChannelMPM"/>
  <testcase name="test025_promotionDetails_003" time="0.000" classname="EasyPromo.OnlineCoupon_DistributeChannelPromotionPage_UseChannelMPM"/>
  <testcase name="TC034_H5DistributeChannel" time="0.604" classname="EasyPromo.OnlineCoupon_DistributeChannelPromotionPage_UseChannelMPM"/>
  <testcase name="TC001_createStock" time="0.518" classname="EasyPromo.OnlineCoupon_DistributeChannelPromotionPage_UseChannelMPM"/>
  <testcase name="test031_loggedUserReceiveCoupon" time="1.027" classname="EasyPromo.OnlineCoupon_DistributeChannelPromotionPage_UseChannelMPM"/>
  <testcase name="test025_promotionDetails_003" time="0.000" classname="EasyPromo.OnlineCoupon_DistributeChannelPromotionPage_UseChannelMPM"/>
  <testcase name="test025_promotionDetails_004" time="0.000" classname="EasyPromo.OnlineCoupon_DistributeChannelPromotionPage_UseChannelMPM"/>
  <testcase name="test025_promotionDetails_003" time="0.000" classname="EasyPromo.OnlineCoupon_DistributeChannelPromotionPage_UseChannelMPM"/>
  <testcase name="test025_promotionDetails_002" time="0.000" classname="EasyPromo.OnlineCoupon_DistributeChannelPromotionPage_UseChannelMPM"/>
  <testcase name="TC040_promotionInfo" time="0.454" classname="EasyPromo.OnlineCoupon_DistributeChannelPromotionPage_UseChannelMPM"/>
  <testcase name="init" time="0.006" classname="EasyPromo.OnlineCoupon_DistributeChannelPromotionPage_UseChannelMPM"/>
  <testcase name="TC002_queryStockID" time="8.546" classname="EasyPromo.OnlineCoupon_DistributeChannelPromotionPage_UseChannelMPM"/>
  <testcase name="TC036_H5DistributeChannel" time="0.613" classname="EasyPromo.OnlineCoupon_DistributeChannelPromotionPage_UseChannelMPM"/>
  <testcase name="test024_userAvailableCoupon" time="0.679" classname="EasyPromo.OnlineCoupon_DistributeChannelPromotionPage_UseChannelMPM"/>
  <testcase name="test025_promotionDetails_004" time="0.000" classname="EasyPromo.OnlineCoupon_DistributeChannelPromotionPage_UseChannelMPM"/>
  <testcase name="test025_promotionDetails_003" time="0.000" classname="EasyPromo.OnlineCoupon_DistributeChannelPromotionPage_UseChannelMPM"/>
  <testcase name="test026_redeemCoupon" time="8.605" classname="EasyPromo.OnlineCoupon_DistributeChannelPromotionPage_UseChannelMPM"/>
  <testcase name="TC013_queryBUAuditApproveStatus" time="8.023" classname="EasyPromo.OnlineCoupon_DistributeChannelPromotionPage_UseChannelMPM"/>
  <testcase name="test027_refundCoupon" time="8.996" classname="EasyPromo.OnlineCoupon_DistributeChannelPromotionPage_UseChannelMPM"/>
  <testcase name="TC037_H5DistributeChannel" time="0.705" classname="EasyPromo.OnlineCoupon_DistributeChannelPromotionPage_UseChannelMPM"/>
  <testcase name="test030_全场券活动关闭" time="9.058" classname="EasyPromo.OnlineCoupon_DistributeChannelPromotionPage_UseChannelMPM"/>
  <testcase name="test020_plans" time="0.676" classname="EasyPromo.OnlineCoupon_DistributeChannelPromotionPage_UseChannelMPM"/>
  <testcase name="TC006_managerAuditTask" time="0.576" classname="EasyPromo.OnlineCoupon_DistributeChannelPromotionPage_UseChannelMPM"/>
</testsuite> <!-- EasyPromo.OnlineCoupon_DistributeChannelPromotionPage_UseChannelMPM -->
