<?xml version="1.0" encoding="UTF-8"?>
<!-- Generated by org.testng.reporters.JUnitReportReporter -->
<testsuite skipped="0" hostname="CNL-4JVB6J3" name="BackOffice.DesignatedUserActivity_Test001" tests="22" failures="0" timestamp="31 八月 2023 03:55:10 GMT" time="32.554" errors="0">
  <testcase name="test002_创建活动页面" time="7.536" classname="BackOffice.DesignatedUserActivity_Test001"/>
  <testcase name="test006_校验定向券" time="0.000" classname="BackOffice.DesignatedUserActivity_Test001"/>
  <testcase name="test001_启动后台" time="10.521" classname="BackOffice.DesignatedUserActivity_Test001"/>
  <testcase name="test006_校验定向券" time="0.000" classname="BackOffice.DesignatedUserActivity_Test001"/>
  <testcase name="test006_校验定向券" time="0.001" classname="BackOffice.DesignatedUserActivity_Test001"/>
  <testcase name="test005_校验定向券" time="0.000" classname="BackOffice.DesignatedUserActivity_Test001"/>
  <testcase name="test006_校验定向券" time="0.000" classname="BackOffice.DesignatedUserActivity_Test001"/>
  <testcase name="test006_校验定向券" time="0.000" classname="BackOffice.DesignatedUserActivity_Test001"/>
  <testcase name="test004_定向券页面获取" time="2.414" classname="BackOffice.DesignatedUserActivity_Test001"/>
  <testcase name="test006_校验定向券" time="0.000" classname="BackOffice.DesignatedUserActivity_Test001"/>
  <testcase name="test003_创建定向券" time="12.082" classname="BackOffice.DesignatedUserActivity_Test001"/>
  <testcase name="test006_校验定向券" time="0.000" classname="BackOffice.DesignatedUserActivity_Test001"/>
  <testcase name="test006_校验定向券" time="0.000" classname="BackOffice.DesignatedUserActivity_Test001"/>
  <testcase name="test006_校验定向券" time="0.000" classname="BackOffice.DesignatedUserActivity_Test001"/>
  <testcase name="test006_校验定向券" time="0.000" classname="BackOffice.DesignatedUserActivity_Test001"/>
  <testcase name="test006_校验定向券" time="0.000" classname="BackOffice.DesignatedUserActivity_Test001"/>
  <testcase name="test006_校验定向券" time="0.000" classname="BackOffice.DesignatedUserActivity_Test001"/>
  <testcase name="test006_校验定向券" time="0.000" classname="BackOffice.DesignatedUserActivity_Test001"/>
  <testcase name="test006_校验定向券" time="0.000" classname="BackOffice.DesignatedUserActivity_Test001"/>
  <testcase name="test006_校验定向券" time="0.000" classname="BackOffice.DesignatedUserActivity_Test001"/>
  <testcase name="test006_校验定向券" time="0.000" classname="BackOffice.DesignatedUserActivity_Test001"/>
  <testcase name="test006_校验定向券" time="0.000" classname="BackOffice.DesignatedUserActivity_Test001"/>
</testsuite> <!-- BackOffice.DesignatedUserActivity_Test001 -->
