<?xml version="1.0" encoding="UTF-8"?>
<!-- Generated by org.testng.reporters.JUnitReportReporter -->
<testsuite skipped="0" hostname="CNL-4JVB6J3" name="E2E.TestSet_007" tests="33" failures="0" timestamp="03 十一月 2023 06:51:05 GMT" time="763.922" errors="0">
  <testcase name="test004_商品券页面获取" time="2.501" classname="E2E.TestSet_007"/>
  <testcase name="test005_商品券页面获取" time="122.404" classname="E2E.TestSet_007"/>
  <testcase name="test012_loggedUserReceiveCoupon" time="1.731" classname="E2E.TestSet_007"/>
  <testcase name="test011_cartEstimatePrices" time="0.000" classname="E2E.TestSet_007"/>
  <testcase name="test003_创建商品券" time="11.140" classname="E2E.TestSet_007"/>
  <testcase name="test002_创建活动页面" time="7.562" classname="E2E.TestSet_007"/>
  <testcase name="test024_userAvailableCoupon" time="0.484" classname="E2E.TestSet_007"/>
  <testcase name="test012_cartEstimatePrices" time="0.000" classname="E2E.TestSet_007"/>
  <testcase name="test006_cartEstimatePrices" time="0.781" classname="E2E.TestSet_007"/>
  <testcase name="test011_cartEstimatePrices" time="0.000" classname="E2E.TestSet_007"/>
  <testcase name="test019_cartEstimatePrices" time="0.000" classname="E2E.TestSet_007"/>
  <testcase name="test010_cartEstimatePrices" time="0.532" classname="E2E.TestSet_007"/>
  <testcase name="test017_loggedUserReceiveCoupon" time="0.965" classname="E2E.TestSet_007"/>
  <testcase name="test015_商品券页面获取" time="2.569" classname="E2E.TestSet_007"/>
  <testcase name="test011_cartEstimatePrices" time="0.000" classname="E2E.TestSet_007"/>
  <testcase name="test011_cartEstimatePrices" time="0.016" classname="E2E.TestSet_007"/>
  <testcase name="test018_cartEstimatePrices" time="0.453" classname="E2E.TestSet_007"/>
  <testcase name="test016_商品券页面获取" time="122.405" classname="E2E.TestSet_007"/>
  <testcase name="test022_loggedUserReceiveCoupon" time="421.052" classname="E2E.TestSet_007"/>
  <testcase name="test019_cartEstimatePrices" time="0.000" classname="E2E.TestSet_007"/>
  <testcase name="test012_cartEstimatePrices" time="0.000" classname="E2E.TestSet_007"/>
  <testcase name="test021_cartEstimatePrices" time="0.000" classname="E2E.TestSet_007"/>
  <testcase name="test012_cartEstimatePrices" time="0.000" classname="E2E.TestSet_007"/>
  <testcase name="test021_cartEstimatePrices" time="0.000" classname="E2E.TestSet_007"/>
  <testcase name="test014_创建商品券" time="11.204" classname="E2E.TestSet_007"/>
  <testcase name="test001_启动后台" time="13.489" classname="E2E.TestSet_007"/>
  <testcase name="test012_cartEstimatePrices" time="0.000" classname="E2E.TestSet_007"/>
  <testcase name="test013_创建活动页面" time="7.487" classname="E2E.TestSet_007"/>
  <testcase name="test021_cartEstimatePrices" time="0.000" classname="E2E.TestSet_007"/>
  <testcase name="test019_cartEstimatePrices" time="0.000" classname="E2E.TestSet_007"/>
  <testcase name="test023_queryUserCoupon" time="37.147" classname="E2E.TestSet_007"/>
  <testcase name="test021_cartEstimatePrices" time="0.000" classname="E2E.TestSet_007"/>
  <testcase name="test019_cartEstimatePrices" time="0.000" classname="E2E.TestSet_007"/>
</testsuite> <!-- E2E.TestSet_007 -->
