<?xml version="1.0" encoding="UTF-8"?>
<!-- Generated by org.testng.reporters.JUnitReportReporter -->
<testsuite skipped="0" hostname="CNL-4JVB6J3" name="BackOffice.NormalActivity_TestSet001" tests="22" failures="0" timestamp="20 九月 2023 02:47:51 GMT" time="31.051" errors="0">
  <testcase name="test002_创建活动页面" time="7.525" classname="BackOffice.NormalActivity_TestSet001"/>
  <testcase name="test001_启动后台" time="14.908" classname="BackOffice.NormalActivity_TestSet001"/>
  <testcase name="test006_校验全场券" time="0.000" classname="BackOffice.NormalActivity_TestSet001"/>
  <testcase name="test006_校验全场券" time="0.000" classname="BackOffice.NormalActivity_TestSet001"/>
  <testcase name="test006_校验全场券" time="0.000" classname="BackOffice.NormalActivity_TestSet001"/>
  <testcase name="test006_校验全场券" time="0.000" classname="BackOffice.NormalActivity_TestSet001"/>
  <testcase name="test006_校验全场券" time="0.000" classname="BackOffice.NormalActivity_TestSet001"/>
  <testcase name="test006_校验全场券" time="0.000" classname="BackOffice.NormalActivity_TestSet001"/>
  <testcase name="test004_全场券页面获取" time="2.513" classname="BackOffice.NormalActivity_TestSet001"/>
  <testcase name="test006_校验全场券" time="0.000" classname="BackOffice.NormalActivity_TestSet001"/>
  <testcase name="test005_校验全场券" time="0.001" classname="BackOffice.NormalActivity_TestSet001"/>
  <testcase name="test006_校验全场券" time="0.000" classname="BackOffice.NormalActivity_TestSet001"/>
  <testcase name="test006_校验全场券" time="0.000" classname="BackOffice.NormalActivity_TestSet001"/>
  <testcase name="test006_校验全场券" time="0.000" classname="BackOffice.NormalActivity_TestSet001"/>
  <testcase name="test006_校验全场券" time="0.000" classname="BackOffice.NormalActivity_TestSet001"/>
  <testcase name="test006_校验全场券" time="0.000" classname="BackOffice.NormalActivity_TestSet001"/>
  <testcase name="test006_校验全场券" time="0.000" classname="BackOffice.NormalActivity_TestSet001"/>
  <testcase name="test006_校验全场券" time="0.001" classname="BackOffice.NormalActivity_TestSet001"/>
  <testcase name="test006_校验全场券" time="0.000" classname="BackOffice.NormalActivity_TestSet001"/>
  <testcase name="test006_校验全场券" time="0.000" classname="BackOffice.NormalActivity_TestSet001"/>
  <testcase name="test003_创建全场券" time="6.102" classname="BackOffice.NormalActivity_TestSet001"/>
  <testcase name="test006_校验全场券" time="0.001" classname="BackOffice.NormalActivity_TestSet001"/>
</testsuite> <!-- BackOffice.NormalActivity_TestSet001 -->
