<?xml version="1.0" encoding="UTF-8"?>
<!-- Generated by org.testng.reporters.JUnitReportReporter -->
<testsuite skipped="30" hostname="CNL-4JVB6J3" name="EasyPromo.OnlineCoupon_DistributeChannelDCN_UseChannelMPM" tests="47" failures="1" timestamp="24 四月 2024 08:40:04 GMT" time="315.955" errors="0">
  <testcase name="TC008_BUAuditTask" time="0.414" classname="EasyPromo.OnlineCoupon_DistributeChannelDCN_UseChannelMPM"/>
  <testcase name="init" time="0.132" classname="EasyPromo.OnlineCoupon_DistributeChannelDCN_UseChannelMPM"/>
  <testcase name="test017_loggedUserReceiveCoupon" time="0.000" classname="EasyPromo.OnlineCoupon_DistributeChannelDCN_UseChannelMPM">
    <skipped/>
  </testcase> <!-- test017_loggedUserReceiveCoupon -->
  <testcase name="test022_applyPromotionPlans" time="0.000" classname="EasyPromo.OnlineCoupon_DistributeChannelDCN_UseChannelMPM">
    <skipped/>
  </testcase> <!-- test022_applyPromotionPlans -->
  <testcase name="test025_promotionDetails_002" time="0.000" classname="EasyPromo.OnlineCoupon_DistributeChannelDCN_UseChannelMPM">
    <skipped/>
  </testcase> <!-- test025_promotionDetails_002 -->
  <testcase name="test041_DCNQueryUserCoupon" time="0.000" classname="EasyPromo.OnlineCoupon_DistributeChannelDCN_UseChannelMPM">
    <skipped/>
  </testcase> <!-- test041_DCNQueryUserCoupon -->
  <testcase name="TC003_getStockInitialStatus" time="0.425" classname="EasyPromo.OnlineCoupon_DistributeChannelDCN_UseChannelMPM"/>
  <testcase name="test035_DCNQueryUserCoupon" time="0.000" classname="EasyPromo.OnlineCoupon_DistributeChannelDCN_UseChannelMPM">
    <skipped/>
  </testcase> <!-- test035_DCNQueryUserCoupon -->
  <testcase name="test024_MPMUserAvailableCoupon" time="0.000" classname="EasyPromo.OnlineCoupon_DistributeChannelDCN_UseChannelMPM">
    <skipped/>
  </testcase> <!-- test024_MPMUserAvailableCoupon -->
  <testcase name="TC007_queryManagerAuditApproveStatus" time="20.001" classname="EasyPromo.OnlineCoupon_DistributeChannelDCN_UseChannelMPM"/>
  <testcase name="TC009_queryMPMUserCoupon" time="0.827" classname="EasyPromo.OnlineCoupon_DistributeChannelDCN_UseChannelMPM"/>
  <testcase name="test015_MPMQueryUserCoupon" time="0.000" classname="EasyPromo.OnlineCoupon_DistributeChannelDCN_UseChannelMPM">
    <skipped/>
  </testcase> <!-- test015_MPMQueryUserCoupon -->
  <testcase name="test031_loggedUserReceiveCoupon" time="0.000" classname="EasyPromo.OnlineCoupon_DistributeChannelDCN_UseChannelMPM">
    <skipped/>
  </testcase> <!-- test031_loggedUserReceiveCoupon -->
  <testcase name="TC013_queryBUAuditApproveStatus" time="14.588" classname="EasyPromo.OnlineCoupon_DistributeChannelDCN_UseChannelMPM"/>
  <testcase name="TC004_queryFlowID" time="8.194" classname="EasyPromo.OnlineCoupon_DistributeChannelDCN_UseChannelMPM"/>
  <testcase name="TC005_queryApproveStatus" time="16.611" classname="EasyPromo.OnlineCoupon_DistributeChannelDCN_UseChannelMPM"/>
  <testcase name="test036_DCNUserAvailableCoupon" time="0.000" classname="EasyPromo.OnlineCoupon_DistributeChannelDCN_UseChannelMPM">
    <skipped/>
  </testcase> <!-- test036_DCNUserAvailableCoupon -->
  <testcase name="test023_MPMQueryUserCoupon" time="0.000" classname="EasyPromo.OnlineCoupon_DistributeChannelDCN_UseChannelMPM">
    <skipped/>
  </testcase> <!-- test023_MPMQueryUserCoupon -->
  <testcase name="test040_DCNUserAvailableCoupon" time="0.000" classname="EasyPromo.OnlineCoupon_DistributeChannelDCN_UseChannelMPM">
    <skipped/>
  </testcase> <!-- test040_DCNUserAvailableCoupon -->
  <testcase name="test042_DCNUserAvailableCoupon" time="0.000" classname="EasyPromo.OnlineCoupon_DistributeChannelDCN_UseChannelMPM">
    <skipped/>
  </testcase> <!-- test042_DCNUserAvailableCoupon -->
  <testcase name="TC001_createStock" time="0.766" classname="EasyPromo.OnlineCoupon_DistributeChannelDCN_UseChannelMPM"/>
  <testcase name="test030_全场券活动关闭" time="0.000" classname="EasyPromo.OnlineCoupon_DistributeChannelDCN_UseChannelMPM">
    <skipped/>
  </testcase> <!-- test030_全场券活动关闭 -->
  <testcase name="TC014_getStockActiveStatus" time="180.512" classname="EasyPromo.OnlineCoupon_DistributeChannelDCN_UseChannelMPM">
    <failure type="java.lang.AssertionError" message="线上全场券创建状态错误 expected [ACTIVE] but found [APPROVED]">
      <![CDATA[java.lang.AssertionError: 线上全场券创建状态错误 expected [ACTIVE] but found [APPROVED]
at org.testng.Assert.fail(Assert.java:96)
at org.testng.Assert.failNotEquals(Assert.java:776)
at org.testng.Assert.assertEqualsImpl(Assert.java:137)
at org.testng.Assert.assertEquals(Assert.java:118)
at org.testng.Assert.assertEquals(Assert.java:453)
at EasyPromo.OnlineCoupon_DistributeChannelDCN_UseChannelMPM.TC014_getStockActiveStatus(OnlineCoupon_DistributeChannelDCN_UseChannelMPM.java:430)
at sun.reflect.NativeMethodAccessorImpl.invoke0(Native Method)
at sun.reflect.NativeMethodAccessorImpl.invoke(NativeMethodAccessorImpl.java:62)
at sun.reflect.DelegatingMethodAccessorImpl.invoke(DelegatingMethodAccessorImpl.java:43)
at java.lang.reflect.Method.invoke(Method.java:483)
at org.testng.internal.MethodInvocationHelper.invokeMethod(MethodInvocationHelper.java:124)
at org.testng.internal.Invoker.invokeMethod(Invoker.java:583)
at org.testng.internal.Invoker.invokeTestMethod(Invoker.java:719)
at org.testng.internal.Invoker.invokeTestMethods(Invoker.java:989)
at org.testng.internal.TestMethodWorker.invokeTestMethods(TestMethodWorker.java:125)
at org.testng.internal.TestMethodWorker.run(TestMethodWorker.java:109)
at org.testng.TestRunner.privateRun(TestRunner.java:648)
at org.testng.TestRunner.run(TestRunner.java:505)
at org.testng.SuiteRunner.runTest(SuiteRunner.java:455)
at org.testng.SuiteRunner.runSequentially(SuiteRunner.java:450)
at org.testng.SuiteRunner.privateRun(SuiteRunner.java:415)
at org.testng.SuiteRunner.run(SuiteRunner.java:364)
at org.testng.SuiteRunnerWorker.runSuite(SuiteRunnerWorker.java:52)
at org.testng.SuiteRunnerWorker.run(SuiteRunnerWorker.java:84)
at org.testng.TestNG.runSuitesSequentially(TestNG.java:1208)
at org.testng.TestNG.runSuitesLocally(TestNG.java:1137)
at org.testng.TestNG.runSuites(TestNG.java:1049)
at org.testng.TestNG.run(TestNG.java:1017)
at com.intellij.rt.testng.IDEARemoteTestNG.run(IDEARemoteTestNG.java:66)
at com.intellij.rt.testng.RemoteTestNGStarter.main(RemoteTestNGStarter.java:109)
]]>
    </failure>
  </testcase> <!-- TC014_getStockActiveStatus -->
  <testcase name="test020_plans" time="0.000" classname="EasyPromo.OnlineCoupon_DistributeChannelDCN_UseChannelMPM">
    <skipped/>
  </testcase> <!-- test020_plans -->
  <testcase name="TC010_MPMUserAvailableCoupon" time="0.671" classname="EasyPromo.OnlineCoupon_DistributeChannelDCN_UseChannelMPM"/>
  <testcase name="test019_MPMUserAvailableCoupon" time="0.000" classname="EasyPromo.OnlineCoupon_DistributeChannelDCN_UseChannelMPM">
    <skipped/>
  </testcase> <!-- test019_MPMUserAvailableCoupon -->
  <testcase name="test025_promotionDetails_003" time="0.000" classname="EasyPromo.OnlineCoupon_DistributeChannelDCN_UseChannelMPM">
    <skipped/>
  </testcase> <!-- test025_promotionDetails_003 -->
  <testcase name="test032_MPMUserAvailableCoupon" time="0.000" classname="EasyPromo.OnlineCoupon_DistributeChannelDCN_UseChannelMPM">
    <skipped/>
  </testcase> <!-- test032_MPMUserAvailableCoupon -->
  <testcase name="test021_repricing" time="0.000" classname="EasyPromo.OnlineCoupon_DistributeChannelDCN_UseChannelMPM">
    <skipped/>
  </testcase> <!-- test021_repricing -->
  <testcase name="test016_MPMUserAvailableCoupon" time="0.000" classname="EasyPromo.OnlineCoupon_DistributeChannelDCN_UseChannelMPM">
    <skipped/>
  </testcase> <!-- test016_MPMUserAvailableCoupon -->
  <testcase name="test038_DCNUserAvailableCoupon" time="0.000" classname="EasyPromo.OnlineCoupon_DistributeChannelDCN_UseChannelMPM">
    <skipped/>
  </testcase> <!-- test038_DCNUserAvailableCoupon -->
  <testcase name="test027_refundCoupon" time="0.000" classname="EasyPromo.OnlineCoupon_DistributeChannelDCN_UseChannelMPM">
    <skipped/>
  </testcase> <!-- test027_refundCoupon -->
  <testcase name="test028_MPMQueryUserCoupon" time="0.000" classname="EasyPromo.OnlineCoupon_DistributeChannelDCN_UseChannelMPM">
    <skipped/>
  </testcase> <!-- test028_MPMQueryUserCoupon -->
  <testcase name="test029_MPMUserAvailableCoupon" time="0.000" classname="EasyPromo.OnlineCoupon_DistributeChannelDCN_UseChannelMPM">
    <skipped/>
  </testcase> <!-- test029_MPMUserAvailableCoupon -->
  <testcase name="TC011_loggedUserReceiveCoupon" time="0.653" classname="EasyPromo.OnlineCoupon_DistributeChannelDCN_UseChannelMPM"/>
  <testcase name="TC012_getStockApproveStatus" time="60.426" classname="EasyPromo.OnlineCoupon_DistributeChannelDCN_UseChannelMPM"/>
  <testcase name="test043_DCNUserAvailableCoupon" time="0.000" classname="EasyPromo.OnlineCoupon_DistributeChannelDCN_UseChannelMPM">
    <skipped/>
  </testcase> <!-- test043_DCNUserAvailableCoupon -->
  <testcase name="TC034_DCNUserAvailableCoupon" time="0.657" classname="EasyPromo.OnlineCoupon_DistributeChannelDCN_UseChannelMPM"/>
  <testcase name="test026_redeemCoupon" time="0.000" classname="EasyPromo.OnlineCoupon_DistributeChannelDCN_UseChannelMPM">
    <skipped/>
  </testcase> <!-- test026_redeemCoupon -->
  <testcase name="TC002_queryStockID" time="10.013" classname="EasyPromo.OnlineCoupon_DistributeChannelDCN_UseChannelMPM"/>
  <testcase name="TC033_queryDCNUserCoupon" time="0.664" classname="EasyPromo.OnlineCoupon_DistributeChannelDCN_UseChannelMPM"/>
  <testcase name="test039_DCNQueryUserCoupon" time="0.000" classname="EasyPromo.OnlineCoupon_DistributeChannelDCN_UseChannelMPM">
    <skipped/>
  </testcase> <!-- test039_DCNQueryUserCoupon -->
  <testcase name="test018_MPMQueryUserCoupon" time="0.000" classname="EasyPromo.OnlineCoupon_DistributeChannelDCN_UseChannelMPM">
    <skipped/>
  </testcase> <!-- test018_MPMQueryUserCoupon -->
  <testcase name="test037_DCNQueryUserCoupon" time="0.000" classname="EasyPromo.OnlineCoupon_DistributeChannelDCN_UseChannelMPM">
    <skipped/>
  </testcase> <!-- test037_DCNQueryUserCoupon -->
  <testcase name="test025_promotionDetails_004" time="0.000" classname="EasyPromo.OnlineCoupon_DistributeChannelDCN_UseChannelMPM">
    <skipped/>
  </testcase> <!-- test025_promotionDetails_004 -->
  <testcase name="TC006_managerAuditTask" time="0.401" classname="EasyPromo.OnlineCoupon_DistributeChannelDCN_UseChannelMPM"/>
  <testcase name="test025_promotionDetails_001" time="0.000" classname="EasyPromo.OnlineCoupon_DistributeChannelDCN_UseChannelMPM">
    <skipped/>
  </testcase> <!-- test025_promotionDetails_001 -->
</testsuite> <!-- EasyPromo.OnlineCoupon_DistributeChannelDCN_UseChannelMPM -->
