<?xml version="1.0" encoding="UTF-8"?>
<!-- Generated by org.testng.reporters.JUnitReportReporter -->
<testsuite skipped="0" hostname="CNL-4JVB6J3" name="EasyPromo.OmniCoupon_DistributeChannelOmni_UseChannelWebPos" tests="76" failures="1" timestamp="28 五月 2024 04:50:36 GMT" time="781.409" errors="0">
  <testcase name="TC034_H5DistributeChannel" time="1.307" classname="EasyPromo.OmniCoupon_DistributeChannelOmni_UseChannelWebPos"/>
  <testcase name="test039_DCNQueryUserCoupon" time="49.451" classname="EasyPromo.OmniCoupon_DistributeChannelOmni_UseChannelWebPos"/>
  <testcase name="test025_promotionDetails_003" time="0.000" classname="EasyPromo.OmniCoupon_DistributeChannelOmni_UseChannelWebPos"/>
  <testcase name="TC040_promotionInfo" time="0.382" classname="EasyPromo.OmniCoupon_DistributeChannelOmni_UseChannelWebPos"/>
  <testcase name="test016_MPMUserAvailableCoupon" time="10.781" classname="EasyPromo.OmniCoupon_DistributeChannelOmni_UseChannelWebPos">
    <failure type="java.lang.AssertionError" message="领券后优惠券状态异常，期望结果是AVAILABLE expected [true] but found [false]">
      <![CDATA[java.lang.AssertionError: 领券后优惠券状态异常，期望结果是AVAILABLE expected [true] but found [false]
at org.testng.Assert.fail(Assert.java:96)
at org.testng.Assert.failNotEquals(Assert.java:776)
at org.testng.Assert.assertEqualsImpl(Assert.java:137)
at org.testng.Assert.assertEquals(Assert.java:118)
at org.testng.Assert.assertEquals(Assert.java:453)
at EasyPromo.OmniCoupon_DistributeChannelOmni_UseChannelWebPos.test016_MPMUserAvailableCoupon(OmniCoupon_DistributeChannelOmni_UseChannelWebPos.java:583)
at sun.reflect.NativeMethodAccessorImpl.invoke0(Native Method)
at sun.reflect.NativeMethodAccessorImpl.invoke(NativeMethodAccessorImpl.java:62)
at sun.reflect.DelegatingMethodAccessorImpl.invoke(DelegatingMethodAccessorImpl.java:43)
at java.lang.reflect.Method.invoke(Method.java:483)
at org.testng.internal.MethodInvocationHelper.invokeMethod(MethodInvocationHelper.java:124)
at org.testng.internal.Invoker.invokeMethod(Invoker.java:583)
at org.testng.internal.Invoker.invokeTestMethod(Invoker.java:719)
at org.testng.internal.Invoker.invokeTestMethods(Invoker.java:989)
at org.testng.internal.TestMethodWorker.invokeTestMethods(TestMethodWorker.java:125)
at org.testng.internal.TestMethodWorker.run(TestMethodWorker.java:109)
at org.testng.TestRunner.privateRun(TestRunner.java:648)
at org.testng.TestRunner.run(TestRunner.java:505)
at org.testng.SuiteRunner.runTest(SuiteRunner.java:455)
at org.testng.SuiteRunner.runSequentially(SuiteRunner.java:450)
at org.testng.SuiteRunner.privateRun(SuiteRunner.java:415)
at org.testng.SuiteRunner.run(SuiteRunner.java:364)
at org.testng.SuiteRunnerWorker.runSuite(SuiteRunnerWorker.java:52)
at org.testng.SuiteRunnerWorker.run(SuiteRunnerWorker.java:84)
at org.testng.TestNG.runSuitesSequentially(TestNG.java:1208)
at org.testng.TestNG.runSuitesLocally(TestNG.java:1137)
at org.testng.TestNG.runSuites(TestNG.java:1049)
at org.testng.TestNG.run(TestNG.java:1017)
at com.intellij.rt.testng.IDEARemoteTestNG.run(IDEARemoteTestNG.java:66)
at com.intellij.rt.testng.RemoteTestNGStarter.main(RemoteTestNGStarter.java:109)
]]>
    </failure>
  </testcase> <!-- test016_MPMUserAvailableCoupon -->
  <testcase name="TC002_queryStockID" time="7.128" classname="EasyPromo.OmniCoupon_DistributeChannelOmni_UseChannelWebPos"/>
  <testcase name="TC042_getStockApproveStatus" time="27.639" classname="EasyPromo.OmniCoupon_DistributeChannelOmni_UseChannelWebPos"/>
  <testcase name="TC033_queryDCNUserCoupon" time="0.709" classname="EasyPromo.OmniCoupon_DistributeChannelOmni_UseChannelWebPos"/>
  <testcase name="TC004_queryFlowID" time="7.126" classname="EasyPromo.OmniCoupon_DistributeChannelOmni_UseChannelWebPos"/>
  <testcase name="test028_MPMQueryUserCoupon" time="0.901" classname="EasyPromo.OmniCoupon_DistributeChannelOmni_UseChannelWebPos"/>
  <testcase name="TC001_createStock" time="0.803" classname="EasyPromo.OmniCoupon_DistributeChannelOmni_UseChannelWebPos"/>
  <testcase name="test035_DCNQueryUserCoupon" time="0.639" classname="EasyPromo.OmniCoupon_DistributeChannelOmni_UseChannelWebPos"/>
  <testcase name="TC035_H5DistributeChannel" time="0.656" classname="EasyPromo.OmniCoupon_DistributeChannelOmni_UseChannelWebPos"/>
  <testcase name="test025_promotionDetails_002" time="0.000" classname="EasyPromo.OmniCoupon_DistributeChannelOmni_UseChannelWebPos"/>
  <testcase name="TC003_getStockInitialStatus" time="0.419" classname="EasyPromo.OmniCoupon_DistributeChannelOmni_UseChannelWebPos"/>
  <testcase name="TC009_queryMPMUserCoupon" time="1.684" classname="EasyPromo.OmniCoupon_DistributeChannelOmni_UseChannelWebPos"/>
  <testcase name="test029_MPMUserAvailableCoupon" time="10.785" classname="EasyPromo.OmniCoupon_DistributeChannelOmni_UseChannelWebPos"/>
  <testcase name="TC008_BUAuditTask" time="0.420" classname="EasyPromo.OmniCoupon_DistributeChannelOmni_UseChannelWebPos"/>
  <testcase name="TC041_getStockInitialStatus" time="7.057" classname="EasyPromo.OmniCoupon_DistributeChannelOmni_UseChannelWebPos"/>
  <testcase name="test017_loggedUserReceiveCoupon" time="0.701" classname="EasyPromo.OmniCoupon_DistributeChannelOmni_UseChannelWebPos"/>
  <testcase name="test025_promotionDetails_002" time="0.000" classname="EasyPromo.OmniCoupon_DistributeChannelOmni_UseChannelWebPos"/>
  <testcase name="TC043_getStockActiveStatus" time="187.343" classname="EasyPromo.OmniCoupon_DistributeChannelOmni_UseChannelWebPos"/>
  <testcase name="test015_MPMQueryUserCoupon" time="0.946" classname="EasyPromo.OmniCoupon_DistributeChannelOmni_UseChannelWebPos"/>
  <testcase name="test037_DCNQueryUserCoupon" time="0.821" classname="EasyPromo.OmniCoupon_DistributeChannelOmni_UseChannelWebPos"/>
  <testcase name="test030_全场券活动关闭" time="8.693" classname="EasyPromo.OmniCoupon_DistributeChannelOmni_UseChannelWebPos"/>
  <testcase name="TC011_loggedUserReceiveCoupon" time="0.653" classname="EasyPromo.OmniCoupon_DistributeChannelOmni_UseChannelWebPos"/>
  <testcase name="test025_promotionDetails_003" time="0.000" classname="EasyPromo.OmniCoupon_DistributeChannelOmni_UseChannelWebPos"/>
  <testcase name="TC038_H5DistributeChannel" time="0.711" classname="EasyPromo.OmniCoupon_DistributeChannelOmni_UseChannelWebPos"/>
  <testcase name="test025_promotionDetails_004" time="0.000" classname="EasyPromo.OmniCoupon_DistributeChannelOmni_UseChannelWebPos"/>
  <testcase name="test019_MPMUserAvailableCoupon" time="10.721" classname="EasyPromo.OmniCoupon_DistributeChannelOmni_UseChannelWebPos"/>
  <testcase name="test025_promotionDetails_003" time="0.000" classname="EasyPromo.OmniCoupon_DistributeChannelOmni_UseChannelWebPos"/>
  <testcase name="test025_promotionDetails_002" time="0.000" classname="EasyPromo.OmniCoupon_DistributeChannelOmni_UseChannelWebPos"/>
  <testcase name="test025_promotionDetails_003" time="0.000" classname="EasyPromo.OmniCoupon_DistributeChannelOmni_UseChannelWebPos"/>
  <testcase name="TC041_promotionInfo" time="30.376" classname="EasyPromo.OmniCoupon_DistributeChannelOmni_UseChannelWebPos"/>
  <testcase name="test025_promotionDetails_003" time="0.001" classname="EasyPromo.OmniCoupon_DistributeChannelOmni_UseChannelWebPos"/>
  <testcase name="test041_DCNQueryUserCoupon" time="0.691" classname="EasyPromo.OmniCoupon_DistributeChannelOmni_UseChannelWebPos"/>
  <testcase name="TC005_queryApproveStatus" time="12.415" classname="EasyPromo.OmniCoupon_DistributeChannelOmni_UseChannelWebPos"/>
  <testcase name="TC006_managerAuditTask" time="0.457" classname="EasyPromo.OmniCoupon_DistributeChannelOmni_UseChannelWebPos"/>
  <testcase name="test025_promotionDetails_004" time="0.000" classname="EasyPromo.OmniCoupon_DistributeChannelOmni_UseChannelWebPos"/>
  <testcase name="test025_promotionDetails_001" time="0.479" classname="EasyPromo.OmniCoupon_DistributeChannelOmni_UseChannelWebPos"/>
  <testcase name="test025_promotionDetails_003" time="0.001" classname="EasyPromo.OmniCoupon_DistributeChannelOmni_UseChannelWebPos"/>
  <testcase name="test031_loggedUserReceiveCoupon" time="0.818" classname="EasyPromo.OmniCoupon_DistributeChannelOmni_UseChannelWebPos"/>
  <testcase name="test040_DCNUserAvailableCoupon" time="0.708" classname="EasyPromo.OmniCoupon_DistributeChannelOmni_UseChannelWebPos"/>
  <testcase name="test043_DCNUserAvailableCoupon" time="0.671" classname="EasyPromo.OmniCoupon_DistributeChannelOmni_UseChannelWebPos"/>
  <testcase name="test025_promotionDetails_002" time="0.001" classname="EasyPromo.OmniCoupon_DistributeChannelOmni_UseChannelWebPos"/>
  <testcase name="test025_promotionDetails_004" time="0.000" classname="EasyPromo.OmniCoupon_DistributeChannelOmni_UseChannelWebPos"/>
  <testcase name="TC037_H5DistributeChannel" time="1.193" classname="EasyPromo.OmniCoupon_DistributeChannelOmni_UseChannelWebPos"/>
  <testcase name="test042_DCNUserAvailableCoupon" time="11.079" classname="EasyPromo.OmniCoupon_DistributeChannelOmni_UseChannelWebPos"/>
  <testcase name="test018_MPMQueryUserCoupon" time="0.728" classname="EasyPromo.OmniCoupon_DistributeChannelOmni_UseChannelWebPos"/>
  <testcase name="test024_MPMUserAvailableCoupon" time="0.745" classname="EasyPromo.OmniCoupon_DistributeChannelOmni_UseChannelWebPos"/>
  <testcase name="test025_promotionDetails_004" time="0.001" classname="EasyPromo.OmniCoupon_DistributeChannelOmni_UseChannelWebPos"/>
  <testcase name="test036_DCNUserAvailableCoupon" time="11.045" classname="EasyPromo.OmniCoupon_DistributeChannelOmni_UseChannelWebPos"/>
  <testcase name="TC039_createPromotionPage" time="0.404" classname="EasyPromo.OmniCoupon_DistributeChannelOmni_UseChannelWebPos"/>
  <testcase name="TC034_DCNUserAvailableCoupon" time="1.182" classname="EasyPromo.OmniCoupon_DistributeChannelOmni_UseChannelWebPos"/>
  <testcase name="test025_promotionDetails_003" time="0.001" classname="EasyPromo.OmniCoupon_DistributeChannelOmni_UseChannelWebPos"/>
  <testcase name="test025_promotionDetails_003" time="0.000" classname="EasyPromo.OmniCoupon_DistributeChannelOmni_UseChannelWebPos"/>
  <testcase name="test020_webPosPlans" time="0.688" classname="EasyPromo.OmniCoupon_DistributeChannelOmni_UseChannelWebPos"/>
  <testcase name="test032_MPMUserAvailableCoupon" time="0.696" classname="EasyPromo.OmniCoupon_DistributeChannelOmni_UseChannelWebPos"/>
  <testcase name="test027_refundCoupon" time="9.425" classname="EasyPromo.OmniCoupon_DistributeChannelOmni_UseChannelWebPos"/>
  <testcase name="TC033_H5DistributeChannel" time="0.702" classname="EasyPromo.OmniCoupon_DistributeChannelOmni_UseChannelWebPos"/>
  <testcase name="test025_promotionDetails_003" time="0.000" classname="EasyPromo.OmniCoupon_DistributeChannelOmni_UseChannelWebPos"/>
  <testcase name="TC013_queryBUAuditApproveStatus" time="9.016" classname="EasyPromo.OmniCoupon_DistributeChannelOmni_UseChannelWebPos"/>
  <testcase name="test023_MPMQueryUserCoupon" time="51.104" classname="EasyPromo.OmniCoupon_DistributeChannelOmni_UseChannelWebPos"/>
  <testcase name="test025_promotionDetails_002" time="0.000" classname="EasyPromo.OmniCoupon_DistributeChannelOmni_UseChannelWebPos"/>
  <testcase name="test025_promotionDetails_003" time="0.001" classname="EasyPromo.OmniCoupon_DistributeChannelOmni_UseChannelWebPos"/>
  <testcase name="TC014_getStockActiveStatus" time="180.387" classname="EasyPromo.OmniCoupon_DistributeChannelOmni_UseChannelWebPos"/>
  <testcase name="TC010_MPMUserAvailableCoupon" time="0.727" classname="EasyPromo.OmniCoupon_DistributeChannelOmni_UseChannelWebPos"/>
  <testcase name="init" time="0.129" classname="EasyPromo.OmniCoupon_DistributeChannelOmni_UseChannelWebPos"/>
  <testcase name="TC036_H5DistributeChannel" time="1.189" classname="EasyPromo.OmniCoupon_DistributeChannelOmni_UseChannelWebPos"/>
  <testcase name="test026_redeemCoupon" time="8.480" classname="EasyPromo.OmniCoupon_DistributeChannelOmni_UseChannelWebPos"/>
  <testcase name="TC012_getStockApproveStatus" time="70.423" classname="EasyPromo.OmniCoupon_DistributeChannelOmni_UseChannelWebPos"/>
  <testcase name="test025_promotionDetails_002" time="0.000" classname="EasyPromo.OmniCoupon_DistributeChannelOmni_UseChannelWebPos"/>
  <testcase name="TC007_queryManagerAuditApproveStatus" time="17.926" classname="EasyPromo.OmniCoupon_DistributeChannelOmni_UseChannelWebPos"/>
  <testcase name="test022_confirmPromotionPlans" time="8.233" classname="EasyPromo.OmniCoupon_DistributeChannelOmni_UseChannelWebPos"/>
  <testcase name="test038_DCNUserAvailableCoupon" time="10.811" classname="EasyPromo.OmniCoupon_DistributeChannelOmni_UseChannelWebPos"/>
  <testcase name="test025_promotionDetails_002" time="0.000" classname="EasyPromo.OmniCoupon_DistributeChannelOmni_UseChannelWebPos"/>
</testsuite> <!-- EasyPromo.OmniCoupon_DistributeChannelOmni_UseChannelWebPos -->
