<?xml version="1.0" encoding="UTF-8"?>
<!-- Generated by org.testng.reporters.JUnitReportReporter -->
<testsuite skipped="4" hostname="CNL-4JVB6J3" name="BackOffice.LiveRoomProductActivityStackingProduct_TestSet001" tests="6" failures="0" timestamp="31 八月 2023 03:47:14 GMT" time="58.800" errors="1">
  <testcase name="test001_启动后台" time="10.344" classname="BackOffice.LiveRoomProductActivityStackingProduct_TestSet001"/>
  <testcase name="test003_创建直播券" time="0.000" classname="BackOffice.LiveRoomProductActivityStackingProduct_TestSet001">
    <skipped/>
  </testcase> <!-- test003_创建直播券 -->
  <testcase name="test005_校验直播券" time="0.000" classname="BackOffice.LiveRoomProductActivityStackingProduct_TestSet001">
    <skipped/>
  </testcase> <!-- test005_校验直播券 -->
  <testcase name="test002_创建活动页面" time="48.456" classname="BackOffice.LiveRoomProductActivityStackingProduct_TestSet001">
    <error type="java.lang.NullPointerException">
      <![CDATA[java.lang.NullPointerException
at UITestCase.BackOffice.newActivity.newActivity(newActivity.java:64)
at BackOffice.LiveRoomProductActivityStackingProduct_TestSet001.test002_创建活动页面(LiveRoomProductActivityStackingProduct_TestSet001.java:45)
at sun.reflect.NativeMethodAccessorImpl.invoke0(Native Method)
at sun.reflect.NativeMethodAccessorImpl.invoke(NativeMethodAccessorImpl.java:62)
at sun.reflect.DelegatingMethodAccessorImpl.invoke(DelegatingMethodAccessorImpl.java:43)
at java.lang.reflect.Method.invoke(Method.java:483)
at org.testng.internal.MethodInvocationHelper.invokeMethod(MethodInvocationHelper.java:124)
at org.testng.internal.Invoker.invokeMethod(Invoker.java:583)
at org.testng.internal.Invoker.invokeTestMethod(Invoker.java:719)
at org.testng.internal.Invoker.invokeTestMethods(Invoker.java:989)
at org.testng.internal.TestMethodWorker.invokeTestMethods(TestMethodWorker.java:125)
at org.testng.internal.TestMethodWorker.run(TestMethodWorker.java:109)
at org.testng.TestRunner.privateRun(TestRunner.java:648)
at org.testng.TestRunner.run(TestRunner.java:505)
at org.testng.SuiteRunner.runTest(SuiteRunner.java:455)
at org.testng.SuiteRunner.runSequentially(SuiteRunner.java:450)
at org.testng.SuiteRunner.privateRun(SuiteRunner.java:415)
at org.testng.SuiteRunner.run(SuiteRunner.java:364)
at org.testng.SuiteRunnerWorker.runSuite(SuiteRunnerWorker.java:52)
at org.testng.SuiteRunnerWorker.run(SuiteRunnerWorker.java:84)
at org.testng.TestNG.runSuitesSequentially(TestNG.java:1208)
at org.testng.TestNG.runSuitesLocally(TestNG.java:1137)
at org.testng.TestNG.runSuites(TestNG.java:1049)
at org.testng.TestNG.run(TestNG.java:1017)
at com.intellij.rt.testng.IDEARemoteTestNG.run(IDEARemoteTestNG.java:66)
at com.intellij.rt.testng.RemoteTestNGStarter.main(RemoteTestNGStarter.java:109)
]]>
    </error>
  </testcase> <!-- test002_创建活动页面 -->
  <testcase name="test006_校验直播券" time="0.000" classname="BackOffice.LiveRoomProductActivityStackingProduct_TestSet001">
    <skipped/>
  </testcase> <!-- test006_校验直播券 -->
  <testcase name="test004_直播券页面获取" time="0.000" classname="BackOffice.LiveRoomProductActivityStackingProduct_TestSet001">
    <skipped/>
  </testcase> <!-- test004_直播券页面获取 -->
</testsuite> <!-- BackOffice.LiveRoomProductActivityStackingProduct_TestSet001 -->
