<?xml version="1.0" encoding="UTF-8"?>
<!-- Generated by org.testng.reporters.JUnitReportReporter -->
<testsuite skipped="0" hostname="CNL-4JVB6J3" name="NewBackOffice.test" tests="1" failures="0" timestamp="15 四月 2024 06:35:44 GMT" time="12346.638" errors="0">
  <testcase name="test" time="12346.638" classname="NewBackOffice.test"/>
</testsuite> <!-- NewBackOffice.test -->
