<?xml version="1.0" encoding="UTF-8"?>
<!-- Generated by org.testng.reporters.JUnitReportReporter -->
<testsuite skipped="0" hostname="CNL-4JVB6J3" name="E2E.TestSet_H5_003" tests="70" failures="0" timestamp="11 十二月 2023 07:02:12 GMT" time="313.852" errors="0">
  <testcase name="test017_promotionDetails_002" time="0.000" classname="E2E.TestSet_H5_003"/>
  <testcase name="test017_promotionDetails_002" time="0.000" classname="E2E.TestSet_H5_003"/>
  <testcase name="test006_活动页校验定向券" time="0.000" classname="E2E.TestSet_H5_003"/>
  <testcase name="test006_活动页校验定向券" time="0.000" classname="E2E.TestSet_H5_003"/>
  <testcase name="test017_promotionDetails_004" time="0.000" classname="E2E.TestSet_H5_003"/>
  <testcase name="test017_promotionDetails_002" time="0.000" classname="E2E.TestSet_H5_003"/>
  <testcase name="test017_promotionDetails_003" time="0.000" classname="E2E.TestSet_H5_003"/>
  <testcase name="test009_活动页定向券页面获取" time="132.420" classname="E2E.TestSet_H5_003"/>
  <testcase name="test017_promotionDetails_004" time="0.000" classname="E2E.TestSet_H5_003"/>
  <testcase name="test015_repricing" time="0.362" classname="E2E.TestSet_H5_003"/>
  <testcase name="test026_loggedUserReceiveCoupon" time="0.457" classname="E2E.TestSet_H5_003"/>
  <testcase name="test006_活动页校验定向券" time="0.000" classname="E2E.TestSet_H5_003"/>
  <testcase name="test017_promotionDetails_002" time="0.000" classname="E2E.TestSet_H5_003"/>
  <testcase name="test005_活动页校验定向券" time="0.001" classname="E2E.TestSet_H5_003"/>
  <testcase name="test029_活动页全场券活动关闭" time="6.495" classname="E2E.TestSet_H5_003"/>
  <testcase name="test028_userAvailableCoupon" time="0.456" classname="E2E.TestSet_H5_003"/>
  <testcase name="test022_redeemCoupon" time="3.549" classname="E2E.TestSet_H5_003"/>
  <testcase name="test024_queryDesignatedUserCoupon" time="4.864" classname="E2E.TestSet_H5_003"/>
  <testcase name="test006_活动页校验定向券" time="0.000" classname="E2E.TestSet_H5_003"/>
  <testcase name="test018_queryDesignatedUserCoupon" time="14.627" classname="E2E.TestSet_H5_003"/>
  <testcase name="test006_活动页校验定向券" time="0.000" classname="E2E.TestSet_H5_003"/>
  <testcase name="test011_userAvailableCoupon" time="0.440" classname="E2E.TestSet_H5_003"/>
  <testcase name="test025_userAvailableCoupon" time="0.440" classname="E2E.TestSet_H5_003"/>
  <testcase name="test017_promotionDetails_003" time="0.000" classname="E2E.TestSet_H5_003"/>
  <testcase name="test006_活动页校验定向券" time="0.000" classname="E2E.TestSet_H5_003"/>
  <testcase name="test010_queryDesignatedUserCoupon" time="54.648" classname="E2E.TestSet_H5_003"/>
  <testcase name="test006_活动页校验定向券" time="0.000" classname="E2E.TestSet_H5_003"/>
  <testcase name="test017_promotionDetails_003" time="0.000" classname="E2E.TestSet_H5_003"/>
  <testcase name="test006_活动页校验定向券" time="0.000" classname="E2E.TestSet_H5_003"/>
  <testcase name="test006_活动页校验定向券" time="0.000" classname="E2E.TestSet_H5_003"/>
  <testcase name="test017_promotionDetails_001" time="0.595" classname="E2E.TestSet_H5_003"/>
  <testcase name="test020_queryDesignatedUserCoupon" time="23.931" classname="E2E.TestSet_H5_003"/>
  <testcase name="test001_启动后台" time="12.248" classname="E2E.TestSet_H5_003"/>
  <testcase name="test003_创建活动页定向券" time="10.353" classname="E2E.TestSet_H5_003"/>
  <testcase name="test012_loggedUserReceiveCoupon" time="0.390" classname="E2E.TestSet_H5_003"/>
  <testcase name="test006_活动页校验定向券" time="0.000" classname="E2E.TestSet_H5_003"/>
  <testcase name="test014_plans" time="0.673" classname="E2E.TestSet_H5_003"/>
  <testcase name="test006_活动页校验定向券" time="0.000" classname="E2E.TestSet_H5_003"/>
  <testcase name="test006_活动页校验定向券" time="0.000" classname="E2E.TestSet_H5_003"/>
  <testcase name="test006_活动页校验定向券" time="0.000" classname="E2E.TestSet_H5_003"/>
  <testcase name="test017_promotionDetails_003" time="0.000" classname="E2E.TestSet_H5_003"/>
  <testcase name="test007_queryDesignatedUserCoupon" time="5.091" classname="E2E.TestSet_H5_003"/>
  <testcase name="test006_活动页校验定向券" time="0.000" classname="E2E.TestSet_H5_003"/>
  <testcase name="test006_活动页校验定向券" time="0.000" classname="E2E.TestSet_H5_003"/>
  <testcase name="test017_promotionDetails_004" time="0.000" classname="E2E.TestSet_H5_003"/>
  <testcase name="test006_活动页校验定向券" time="0.000" classname="E2E.TestSet_H5_003"/>
  <testcase name="test033_loggedUserNonDesignatedUserReceiveCoupon" time="0.394" classname="E2E.TestSet_H5_003"/>
  <testcase name="test017_promotionDetails_003" time="0.000" classname="E2E.TestSet_H5_003"/>
  <testcase name="test019_userAvailableCoupon" time="0.471" classname="E2E.TestSet_H5_003"/>
  <testcase name="test017_promotionDetails_003" time="0.000" classname="E2E.TestSet_H5_003"/>
  <testcase name="test016_applyPromotionPlans" time="23.930" classname="E2E.TestSet_H5_003"/>
  <testcase name="test006_活动页校验定向券" time="0.000" classname="E2E.TestSet_H5_003"/>
  <testcase name="test017_promotionDetails_003" time="0.000" classname="E2E.TestSet_H5_003"/>
  <testcase name="test004_活动页定向券页面获取" time="2.576" classname="E2E.TestSet_H5_003"/>
  <testcase name="test030_queryNonDesignatedUserCoupon" time="0.580" classname="E2E.TestSet_H5_003"/>
  <testcase name="test017_promotionDetails_003" time="0.000" classname="E2E.TestSet_H5_003"/>
  <testcase name="test021_userAvailableCoupon" time="0.456" classname="E2E.TestSet_H5_003"/>
  <testcase name="test017_promotionDetails_002" time="0.000" classname="E2E.TestSet_H5_003"/>
  <testcase name="test002_创建活动页面" time="7.570" classname="E2E.TestSet_H5_003"/>
  <testcase name="test017_promotionDetails_002" time="0.000" classname="E2E.TestSet_H5_003"/>
  <testcase name="test006_活动页校验定向券" time="0.000" classname="E2E.TestSet_H5_003"/>
  <testcase name="test017_promotionDetails_003" time="0.000" classname="E2E.TestSet_H5_003"/>
  <testcase name="test017_promotionDetails_004" time="0.000" classname="E2E.TestSet_H5_003"/>
  <testcase name="test032_queryNonDesignatedUserCoupon" time="0.517" classname="E2E.TestSet_H5_003"/>
  <testcase name="test017_promotionDetails_003" time="0.000" classname="E2E.TestSet_H5_003"/>
  <testcase name="test017_promotionDetails_002" time="0.015" classname="E2E.TestSet_H5_003"/>
  <testcase name="test013_loggedUserReceiveCoupon" time="0.424" classname="E2E.TestSet_H5_003"/>
  <testcase name="test031_loggedUserNonDesignatedUserReceiveCoupon" time="0.518" classname="E2E.TestSet_H5_003"/>
  <testcase name="test008_userAvailableCoupon" time="0.518" classname="E2E.TestSet_H5_003"/>
  <testcase name="test023_refundCoupon" time="3.843" classname="E2E.TestSet_H5_003"/>
</testsuite> <!-- E2E.TestSet_H5_003 -->
