<?xml version="1.0" encoding="UTF-8"?>
<!-- Generated by org.testng.reporters.JUnitReportReporter -->
<testsuite skipped="0" hostname="CNL-4JVB6J3" name="APITestCase.EasyPromo.plans" tests="1" failures="0" timestamp="28 十二月 2023 07:07:02 GMT" time="130.787" errors="0">
  <testcase name="test" time="130.787" classname="APITestCase.EasyPromo.plans"/>
</testsuite> <!-- APITestCase.EasyPromo.plans -->
