<?xml version="1.0" encoding="UTF-8"?>
<!-- Generated by org.testng.reporters.JUnitReportReporter -->
<testsuite skipped="0" hostname="CNL-4JVB6J3" name="E2E.TestSet_003" tests="72" failures="0" timestamp="26 十月 2023 03:07:24 GMT" time="310.868" errors="0">
  <testcase name="test020_queryDesignatedUserCoupon" time="24.577" classname="E2E.TestSet_003"/>
  <testcase name="test017_promotionDetails_003" time="0.000" classname="E2E.TestSet_003"/>
  <testcase name="test021_userAvailableCoupon" time="0.456" classname="E2E.TestSet_003"/>
  <testcase name="test006_校验定向券" time="0.000" classname="E2E.TestSet_003"/>
  <testcase name="test011_userAvailableCoupon" time="0.680" classname="E2E.TestSet_003"/>
  <testcase name="test012_loggedUserReceiveCoupon" time="0.511" classname="E2E.TestSet_003"/>
  <testcase name="test017_promotionDetails_003" time="0.000" classname="E2E.TestSet_003"/>
  <testcase name="test032_queryNonDesignatedUserCoupon" time="0.873" classname="E2E.TestSet_003"/>
  <testcase name="test017_promotionDetails_003" time="0.000" classname="E2E.TestSet_003"/>
  <testcase name="test013_loggedUserReceiveCoupon" time="0.708" classname="E2E.TestSet_003"/>
  <testcase name="test019_userAvailableCoupon" time="0.580" classname="E2E.TestSet_003"/>
  <testcase name="test006_校验定向券" time="0.000" classname="E2E.TestSet_003"/>
  <testcase name="test017_promotionDetails_002" time="0.000" classname="E2E.TestSet_003"/>
  <testcase name="test010_queryDesignatedUserCoupon" time="51.582" classname="E2E.TestSet_003"/>
  <testcase name="test028_userAvailableCoupon" time="0.470" classname="E2E.TestSet_003"/>
  <testcase name="test017_promotionDetails_002" time="0.000" classname="E2E.TestSet_003"/>
  <testcase name="test017_promotionDetails_004" time="0.000" classname="E2E.TestSet_003"/>
  <testcase name="test029_全场券活动关闭" time="6.768" classname="E2E.TestSet_003"/>
  <testcase name="test004_定向券页面获取" time="2.670" classname="E2E.TestSet_003"/>
  <testcase name="test017_promotionDetails_004" time="0.001" classname="E2E.TestSet_003"/>
  <testcase name="test006_校验定向券" time="0.000" classname="E2E.TestSet_003"/>
  <testcase name="test006_校验定向券" time="0.000" classname="E2E.TestSet_003"/>
  <testcase name="test006_校验定向券" time="0.000" classname="E2E.TestSet_003"/>
  <testcase name="test006_校验定向券" time="0.000" classname="E2E.TestSet_003"/>
  <testcase name="test026_loggedUserReceiveCoupon" time="0.585" classname="E2E.TestSet_003"/>
  <testcase name="test017_promotionDetails_002" time="0.000" classname="E2E.TestSet_003"/>
  <testcase name="test006_校验定向券" time="0.000" classname="E2E.TestSet_003"/>
  <testcase name="test009_定向券页面获取" time="132.674" classname="E2E.TestSet_003"/>
  <testcase name="test017_promotionDetails_003" time="0.000" classname="E2E.TestSet_003"/>
  <testcase name="test022_redeemCoupon" time="5.970" classname="E2E.TestSet_003"/>
  <testcase name="test016_applyPromotionPlans" time="24.369" classname="E2E.TestSet_003"/>
  <testcase name="test003_创建定向券" time="9.571" classname="E2E.TestSet_003"/>
  <testcase name="test017_promotionDetails_003" time="0.000" classname="E2E.TestSet_003"/>
  <testcase name="test006_校验定向券" time="0.000" classname="E2E.TestSet_003"/>
  <testcase name="test007_queryDesignatedUserCoupon" time="1.294" classname="E2E.TestSet_003"/>
  <testcase name="test017_promotionDetails_003" time="0.000" classname="E2E.TestSet_003"/>
  <testcase name="test006_校验定向券" time="0.000" classname="E2E.TestSet_003"/>
  <testcase name="test017_promotionDetails_002" time="0.000" classname="E2E.TestSet_003"/>
  <testcase name="test017_promotionDetails_003" time="0.001" classname="E2E.TestSet_003"/>
  <testcase name="test033_loggedUserNonDesignatedUserReceiveCoupon" time="0.691" classname="E2E.TestSet_003"/>
  <testcase name="test017_promotionDetails_002" time="0.000" classname="E2E.TestSet_003"/>
  <testcase name="test005_校验定向券" time="0.001" classname="E2E.TestSet_003"/>
  <testcase name="test014_plans" time="0.727" classname="E2E.TestSet_003"/>
  <testcase name="test006_校验定向券" time="0.000" classname="E2E.TestSet_003"/>
  <testcase name="test017_promotionDetails_003" time="0.000" classname="E2E.TestSet_003"/>
  <testcase name="test006_校验定向券" time="0.000" classname="E2E.TestSet_003"/>
  <testcase name="test017_promotionDetails_004" time="0.000" classname="E2E.TestSet_003"/>
  <testcase name="test015_repricing" time="0.465" classname="E2E.TestSet_003"/>
  <testcase name="test017_promotionDetails_003" time="0.000" classname="E2E.TestSet_003"/>
  <testcase name="test006_校验定向券" time="0.000" classname="E2E.TestSet_003"/>
  <testcase name="test030_queryNonDesignatedUserCoupon" time="0.848" classname="E2E.TestSet_003"/>
  <testcase name="test023_refundCoupon" time="7.416" classname="E2E.TestSet_003"/>
  <testcase name="test017_promotionDetails_002" time="0.000" classname="E2E.TestSet_003"/>
  <testcase name="test017_promotionDetails_002" time="0.000" classname="E2E.TestSet_003"/>
  <testcase name="test006_校验定向券" time="0.000" classname="E2E.TestSet_003"/>
  <testcase name="test017_promotionDetails_004" time="0.000" classname="E2E.TestSet_003"/>
  <testcase name="test006_校验定向券" time="0.000" classname="E2E.TestSet_003"/>
  <testcase name="test002_创建活动页面" time="7.638" classname="E2E.TestSet_003"/>
  <testcase name="test017_promotionDetails_001" time="0.524" classname="E2E.TestSet_003"/>
  <testcase name="test031_loggedUserNonDesignatedUserReceiveCoupon" time="0.447" classname="E2E.TestSet_003"/>
  <testcase name="test001_启动后台" time="12.061" classname="E2E.TestSet_003"/>
  <testcase name="test017_promotionDetails_004" time="0.000" classname="E2E.TestSet_003"/>
  <testcase name="test006_校验定向券" time="0.000" classname="E2E.TestSet_003"/>
  <testcase name="test024_queryDesignatedUserCoupon" time="1.604" classname="E2E.TestSet_003"/>
  <testcase name="test008_userAvailableCoupon" time="0.555" classname="E2E.TestSet_003"/>
  <testcase name="test017_promotionDetails_004" time="0.000" classname="E2E.TestSet_003"/>
  <testcase name="test006_校验定向券" time="0.000" classname="E2E.TestSet_003"/>
  <testcase name="test017_promotionDetails_004" time="0.000" classname="E2E.TestSet_003"/>
  <testcase name="test017_promotionDetails_003" time="0.000" classname="E2E.TestSet_003"/>
  <testcase name="test018_queryDesignatedUserCoupon" time="12.801" classname="E2E.TestSet_003"/>
  <testcase name="test025_userAvailableCoupon" time="0.750" classname="E2E.TestSet_003"/>
  <testcase name="test006_校验定向券" time="0.000" classname="E2E.TestSet_003"/>
</testsuite> <!-- E2E.TestSet_003 -->
