<?xml version="1.0" encoding="UTF-8"?>
<!-- Generated by org.testng.reporters.JUnitReportReporter -->
<testsuite skipped="0" hostname="CNL-4JVB6J3" name="E2E.TestSet_H5_001" tests="66" failures="0" timestamp="11 十二月 2023 07:09:36 GMT" time="265.629" errors="0">
  <testcase name="test023_refundCoupon" time="4.034" classname="E2E.TestSet_H5_001"/>
  <testcase name="test017_promotionDetails_003" time="0.000" classname="E2E.TestSet_H5_001"/>
  <testcase name="test025_userAvailableCoupon" time="11.047" classname="E2E.TestSet_H5_001"/>
  <testcase name="test017_promotionDetails_001" time="0.410" classname="E2E.TestSet_H5_001"/>
  <testcase name="test017_promotionDetails_003" time="0.000" classname="E2E.TestSet_H5_001"/>
  <testcase name="test017_promotionDetails_003" time="0.000" classname="E2E.TestSet_H5_001"/>
  <testcase name="test007_queryUserCoupon" time="4.907" classname="E2E.TestSet_H5_001"/>
  <testcase name="test006_校验活动页全场券" time="0.000" classname="E2E.TestSet_H5_001"/>
  <testcase name="test008_userAvailableCoupon" time="0.487" classname="E2E.TestSet_H5_001"/>
  <testcase name="test009_活动页全场券页面获取" time="122.242" classname="E2E.TestSet_H5_001"/>
  <testcase name="test017_promotionDetails_002" time="0.000" classname="E2E.TestSet_H5_001"/>
  <testcase name="test017_promotionDetails_003" time="0.000" classname="E2E.TestSet_H5_001"/>
  <testcase name="test016_applyPromotionPlans" time="22.733" classname="E2E.TestSet_H5_001"/>
  <testcase name="test006_校验活动页全场券" time="0.000" classname="E2E.TestSet_H5_001"/>
  <testcase name="test017_promotionDetails_004" time="0.000" classname="E2E.TestSet_H5_001"/>
  <testcase name="test006_校验活动页全场券" time="0.000" classname="E2E.TestSet_H5_001"/>
  <testcase name="test018_queryUserCoupon" time="4.818" classname="E2E.TestSet_H5_001"/>
  <testcase name="test006_校验活动页全场券" time="0.000" classname="E2E.TestSet_H5_001"/>
  <testcase name="test020_queryUserCoupon" time="22.492" classname="E2E.TestSet_H5_001"/>
  <testcase name="test017_promotionDetails_002" time="0.000" classname="E2E.TestSet_H5_001"/>
  <testcase name="test003_创建活动页全场券" time="6.885" classname="E2E.TestSet_H5_001"/>
  <testcase name="test017_promotionDetails_003" time="0.000" classname="E2E.TestSet_H5_001"/>
  <testcase name="test010_queryUserCoupon" time="4.817" classname="E2E.TestSet_H5_001"/>
  <testcase name="test017_promotionDetails_003" time="0.000" classname="E2E.TestSet_H5_001"/>
  <testcase name="test006_校验活动页全场券" time="0.000" classname="E2E.TestSet_H5_001"/>
  <testcase name="test017_promotionDetails_003" time="0.000" classname="E2E.TestSet_H5_001"/>
  <testcase name="test017_promotionDetails_004" time="0.000" classname="E2E.TestSet_H5_001"/>
  <testcase name="test014_plans" time="0.673" classname="E2E.TestSet_H5_001"/>
  <testcase name="test026_loggedUserReceiveCoupon" time="0.564" classname="E2E.TestSet_H5_001"/>
  <testcase name="test006_校验活动页全场券" time="0.000" classname="E2E.TestSet_H5_001"/>
  <testcase name="test006_校验活动页全场券" time="0.000" classname="E2E.TestSet_H5_001"/>
  <testcase name="test017_promotionDetails_004" time="0.000" classname="E2E.TestSet_H5_001"/>
  <testcase name="test006_校验活动页全场券" time="0.000" classname="E2E.TestSet_H5_001"/>
  <testcase name="test012_loggedUserReceiveCoupon" time="0.517" classname="E2E.TestSet_H5_001"/>
  <testcase name="test011_userAvailableCoupon" time="10.782" classname="E2E.TestSet_H5_001"/>
  <testcase name="test006_校验活动页全场券" time="0.000" classname="E2E.TestSet_H5_001"/>
  <testcase name="test028_userAvailableCoupon" time="0.502" classname="E2E.TestSet_H5_001"/>
  <testcase name="test006_校验活动页全场券" time="0.000" classname="E2E.TestSet_H5_001"/>
  <testcase name="test006_校验活动页全场券" time="0.001" classname="E2E.TestSet_H5_001"/>
  <testcase name="test006_校验活动页全场券" time="0.000" classname="E2E.TestSet_H5_001"/>
  <testcase name="test017_promotionDetails_003" time="0.000" classname="E2E.TestSet_H5_001"/>
  <testcase name="test013_loggedUserReceiveCoupon" time="0.472" classname="E2E.TestSet_H5_001"/>
  <testcase name="test017_promotionDetails_003" time="0.000" classname="E2E.TestSet_H5_001"/>
  <testcase name="test004_活动页全场券页面获取" time="2.507" classname="E2E.TestSet_H5_001"/>
  <testcase name="test017_promotionDetails_002" time="0.000" classname="E2E.TestSet_H5_001"/>
  <testcase name="test017_promotionDetails_002" time="0.000" classname="E2E.TestSet_H5_001"/>
  <testcase name="test022_redeemCoupon" time="4.674" classname="E2E.TestSet_H5_001"/>
  <testcase name="test024_queryUserCoupon" time="4.096" classname="E2E.TestSet_H5_001"/>
  <testcase name="test001_启动后台" time="10.443" classname="E2E.TestSet_H5_001"/>
  <testcase name="test006_校验活动页全场券" time="0.000" classname="E2E.TestSet_H5_001"/>
  <testcase name="test006_校验活动页全场券" time="0.000" classname="E2E.TestSet_H5_001"/>
  <testcase name="test005_校验活动页全场券" time="0.001" classname="E2E.TestSet_H5_001"/>
  <testcase name="test017_promotionDetails_004" time="0.000" classname="E2E.TestSet_H5_001"/>
  <testcase name="test017_promotionDetails_003" time="0.000" classname="E2E.TestSet_H5_001"/>
  <testcase name="test006_校验活动页全场券" time="0.000" classname="E2E.TestSet_H5_001"/>
  <testcase name="test006_校验活动页全场券" time="0.000" classname="E2E.TestSet_H5_001"/>
  <testcase name="test017_promotionDetails_002" time="0.000" classname="E2E.TestSet_H5_001"/>
  <testcase name="test021_userAvailableCoupon" time="0.454" classname="E2E.TestSet_H5_001"/>
  <testcase name="test006_校验活动页全场券" time="0.000" classname="E2E.TestSet_H5_001"/>
  <testcase name="test017_promotionDetails_002" time="0.000" classname="E2E.TestSet_H5_001"/>
  <testcase name="test029_活动页全场券活动关闭" time="6.685" classname="E2E.TestSet_H5_001"/>
  <testcase name="test006_校验活动页全场券" time="0.000" classname="E2E.TestSet_H5_001"/>
  <testcase name="test002_创建活动页面" time="7.540" classname="E2E.TestSet_H5_001"/>
  <testcase name="test017_promotionDetails_002" time="0.000" classname="E2E.TestSet_H5_001"/>
  <testcase name="test019_userAvailableCoupon" time="10.514" classname="E2E.TestSet_H5_001"/>
  <testcase name="test015_repricing" time="0.332" classname="E2E.TestSet_H5_001"/>
</testsuite> <!-- E2E.TestSet_H5_001 -->
