<?xml version="1.0" encoding="UTF-8"?>
<!-- Generated by org.testng.reporters.JUnitReportReporter -->
<testsuite skipped="0" hostname="CNL-4JVB6J3" name="EasyPromo.OnlineCoupon_DistributeChannelMPM_UseChannelMPM" tests="57" failures="0" timestamp="28 五月 2024 03:58:54 GMT" time="486.956" errors="0">
  <testcase name="test025_promotionDetails_003" time="0.000" classname="EasyPromo.OnlineCoupon_DistributeChannelMPM_UseChannelMPM"/>
  <testcase name="test028_queryUserCoupon" time="1.590" classname="EasyPromo.OnlineCoupon_DistributeChannelMPM_UseChannelMPM"/>
  <testcase name="test029_userAvailableCoupon" time="10.948" classname="EasyPromo.OnlineCoupon_DistributeChannelMPM_UseChannelMPM"/>
  <testcase name="TC007_queryManagerAuditApproveStatus" time="43.492" classname="EasyPromo.OnlineCoupon_DistributeChannelMPM_UseChannelMPM"/>
  <testcase name="test025_promotionDetails_002" time="0.000" classname="EasyPromo.OnlineCoupon_DistributeChannelMPM_UseChannelMPM"/>
  <testcase name="test025_promotionDetails_002" time="0.000" classname="EasyPromo.OnlineCoupon_DistributeChannelMPM_UseChannelMPM"/>
  <testcase name="test017_loggedUserReceiveCoupon" time="0.771" classname="EasyPromo.OnlineCoupon_DistributeChannelMPM_UseChannelMPM"/>
  <testcase name="TC009_queryUserCoupon" time="1.205" classname="EasyPromo.OnlineCoupon_DistributeChannelMPM_UseChannelMPM"/>
  <testcase name="TC010_userAvailableCoupon" time="0.721" classname="EasyPromo.OnlineCoupon_DistributeChannelMPM_UseChannelMPM"/>
  <testcase name="test032_userAvailableCoupon" time="0.683" classname="EasyPromo.OnlineCoupon_DistributeChannelMPM_UseChannelMPM"/>
  <testcase name="test025_promotionDetails_004" time="0.001" classname="EasyPromo.OnlineCoupon_DistributeChannelMPM_UseChannelMPM"/>
  <testcase name="TC012_getStockApproveStatus" time="60.434" classname="EasyPromo.OnlineCoupon_DistributeChannelMPM_UseChannelMPM"/>
  <testcase name="test025_promotionDetails_002" time="0.000" classname="EasyPromo.OnlineCoupon_DistributeChannelMPM_UseChannelMPM"/>
  <testcase name="test025_promotionDetails_003" time="0.000" classname="EasyPromo.OnlineCoupon_DistributeChannelMPM_UseChannelMPM"/>
  <testcase name="test021_repricing" time="0.433" classname="EasyPromo.OnlineCoupon_DistributeChannelMPM_UseChannelMPM"/>
  <testcase name="init" time="0.008" classname="EasyPromo.OnlineCoupon_DistributeChannelMPM_UseChannelMPM"/>
  <testcase name="TC004_queryFlowID" time="9.623" classname="EasyPromo.OnlineCoupon_DistributeChannelMPM_UseChannelMPM"/>
  <testcase name="test025_promotionDetails_003" time="0.000" classname="EasyPromo.OnlineCoupon_DistributeChannelMPM_UseChannelMPM"/>
  <testcase name="test025_promotionDetails_003" time="0.000" classname="EasyPromo.OnlineCoupon_DistributeChannelMPM_UseChannelMPM"/>
  <testcase name="test026_redeemCoupon" time="9.119" classname="EasyPromo.OnlineCoupon_DistributeChannelMPM_UseChannelMPM"/>
  <testcase name="test020_plans" time="0.748" classname="EasyPromo.OnlineCoupon_DistributeChannelMPM_UseChannelMPM"/>
  <testcase name="TC035_getStockActiveStatus" time="8.380" classname="EasyPromo.OnlineCoupon_DistributeChannelMPM_UseChannelMPM"/>
  <testcase name="test025_promotionDetails_002" time="0.000" classname="EasyPromo.OnlineCoupon_DistributeChannelMPM_UseChannelMPM"/>
  <testcase name="TC034_getStockApproveStatus" time="8.718" classname="EasyPromo.OnlineCoupon_DistributeChannelMPM_UseChannelMPM"/>
  <testcase name="test025_promotionDetails_003" time="0.000" classname="EasyPromo.OnlineCoupon_DistributeChannelMPM_UseChannelMPM"/>
  <testcase name="test019_userAvailableCoupon" time="11.154" classname="EasyPromo.OnlineCoupon_DistributeChannelMPM_UseChannelMPM"/>
  <testcase name="TC005_queryApproveStatus" time="9.182" classname="EasyPromo.OnlineCoupon_DistributeChannelMPM_UseChannelMPM"/>
  <testcase name="TC003_getStockInitialStatus" time="0.522" classname="EasyPromo.OnlineCoupon_DistributeChannelMPM_UseChannelMPM"/>
  <testcase name="test025_promotionDetails_002" time="0.001" classname="EasyPromo.OnlineCoupon_DistributeChannelMPM_UseChannelMPM"/>
  <testcase name="TC033_getStockInitialStatus" time="8.609" classname="EasyPromo.OnlineCoupon_DistributeChannelMPM_UseChannelMPM"/>
  <testcase name="test016_userAvailableCoupon" time="10.774" classname="EasyPromo.OnlineCoupon_DistributeChannelMPM_UseChannelMPM"/>
  <testcase name="TC008_BUAuditTask" time="0.428" classname="EasyPromo.OnlineCoupon_DistributeChannelMPM_UseChannelMPM"/>
  <testcase name="test025_promotionDetails_003" time="0.001" classname="EasyPromo.OnlineCoupon_DistributeChannelMPM_UseChannelMPM"/>
  <testcase name="TC014_getStockActiveStatus" time="180.522" classname="EasyPromo.OnlineCoupon_DistributeChannelMPM_UseChannelMPM"/>
  <testcase name="test025_promotionDetails_003" time="0.000" classname="EasyPromo.OnlineCoupon_DistributeChannelMPM_UseChannelMPM"/>
  <testcase name="test023_queryUserCoupon" time="56.568" classname="EasyPromo.OnlineCoupon_DistributeChannelMPM_UseChannelMPM"/>
  <testcase name="test025_promotionDetails_004" time="0.000" classname="EasyPromo.OnlineCoupon_DistributeChannelMPM_UseChannelMPM"/>
  <testcase name="TC002_queryStockID" time="8.383" classname="EasyPromo.OnlineCoupon_DistributeChannelMPM_UseChannelMPM"/>
  <testcase name="test025_promotionDetails_003" time="0.000" classname="EasyPromo.OnlineCoupon_DistributeChannelMPM_UseChannelMPM"/>
  <testcase name="test025_promotionDetails_003" time="0.000" classname="EasyPromo.OnlineCoupon_DistributeChannelMPM_UseChannelMPM"/>
  <testcase name="TC001_createStock" time="0.472" classname="EasyPromo.OnlineCoupon_DistributeChannelMPM_UseChannelMPM"/>
  <testcase name="test025_promotionDetails_004" time="0.000" classname="EasyPromo.OnlineCoupon_DistributeChannelMPM_UseChannelMPM"/>
  <testcase name="test025_promotionDetails_003" time="0.000" classname="EasyPromo.OnlineCoupon_DistributeChannelMPM_UseChannelMPM"/>
  <testcase name="test022_applyPromotionPlans" time="8.890" classname="EasyPromo.OnlineCoupon_DistributeChannelMPM_UseChannelMPM"/>
  <testcase name="test030_全场券活动关闭" time="10.165" classname="EasyPromo.OnlineCoupon_DistributeChannelMPM_UseChannelMPM"/>
  <testcase name="test024_userAvailableCoupon" time="0.707" classname="EasyPromo.OnlineCoupon_DistributeChannelMPM_UseChannelMPM"/>
  <testcase name="test018_queryUserCoupon" time="0.934" classname="EasyPromo.OnlineCoupon_DistributeChannelMPM_UseChannelMPM"/>
  <testcase name="test025_promotionDetails_001" time="0.400" classname="EasyPromo.OnlineCoupon_DistributeChannelMPM_UseChannelMPM"/>
  <testcase name="test025_promotionDetails_002" time="0.000" classname="EasyPromo.OnlineCoupon_DistributeChannelMPM_UseChannelMPM"/>
  <testcase name="TC006_managerAuditTask" time="0.550" classname="EasyPromo.OnlineCoupon_DistributeChannelMPM_UseChannelMPM"/>
  <testcase name="test027_refundCoupon" time="10.403" classname="EasyPromo.OnlineCoupon_DistributeChannelMPM_UseChannelMPM"/>
  <testcase name="TC011_loggedUserReceiveCoupon" time="0.791" classname="EasyPromo.OnlineCoupon_DistributeChannelMPM_UseChannelMPM"/>
  <testcase name="test025_promotionDetails_002" time="0.000" classname="EasyPromo.OnlineCoupon_DistributeChannelMPM_UseChannelMPM"/>
  <testcase name="test015_queryUserCoupon" time="1.820" classname="EasyPromo.OnlineCoupon_DistributeChannelMPM_UseChannelMPM"/>
  <testcase name="test031_loggedUserReceiveCoupon" time="0.726" classname="EasyPromo.OnlineCoupon_DistributeChannelMPM_UseChannelMPM"/>
  <testcase name="TC013_queryBUAuditApproveStatus" time="8.079" classname="EasyPromo.OnlineCoupon_DistributeChannelMPM_UseChannelMPM"/>
  <testcase name="test025_promotionDetails_004" time="0.001" classname="EasyPromo.OnlineCoupon_DistributeChannelMPM_UseChannelMPM"/>
</testsuite> <!-- EasyPromo.OnlineCoupon_DistributeChannelMPM_UseChannelMPM -->
