<?xml version="1.0" encoding="UTF-8"?>
<!-- Generated by org.testng.reporters.JUnitReportReporter -->
<testsuite skipped="0" hostname="CNL-4JVB6J3" name="E2E.TestSet_MPMSTORE_006" tests="66" failures="0" timestamp="08 十二月 2023 03:22:06 GMT" time="355.990" errors="0">
  <testcase name="test017_promotionDetails_003" time="0.000" classname="E2E.TestSet_MPMSTORE_006"/>
  <testcase name="test017_promotionDetails_004" time="0.000" classname="E2E.TestSet_MPMSTORE_006"/>
  <testcase name="test017_promotionDetails_001" time="0.531" classname="E2E.TestSet_MPMSTORE_006"/>
  <testcase name="test017_promotionDetails_003" time="0.000" classname="E2E.TestSet_MPMSTORE_006"/>
  <testcase name="test011_userAvailableCoupon" time="61.405" classname="E2E.TestSet_MPMSTORE_006"/>
  <testcase name="test012_loggedUserReceiveCoupon" time="0.882" classname="E2E.TestSet_MPMSTORE_006"/>
  <testcase name="test017_promotionDetails_003" time="0.000" classname="E2E.TestSet_MPMSTORE_006"/>
  <testcase name="test006_校验商品券" time="0.000" classname="E2E.TestSet_MPMSTORE_006"/>
  <testcase name="test006_校验商品券" time="0.000" classname="E2E.TestSet_MPMSTORE_006"/>
  <testcase name="test013_loggedUserReceiveCoupon" time="0.742" classname="E2E.TestSet_MPMSTORE_006"/>
  <testcase name="test017_promotionDetails_003" time="0.000" classname="E2E.TestSet_MPMSTORE_006"/>
  <testcase name="test010_queryUserCoupon" time="4.971" classname="E2E.TestSet_MPMSTORE_006"/>
  <testcase name="test017_promotionDetails_003" time="0.000" classname="E2E.TestSet_MPMSTORE_006"/>
  <testcase name="test017_promotionDetails_003" time="0.000" classname="E2E.TestSet_MPMSTORE_006"/>
  <testcase name="test018_queryUserCoupon" time="4.876" classname="E2E.TestSet_MPMSTORE_006"/>
  <testcase name="test024_queryUserCoupon" time="6.251" classname="E2E.TestSet_MPMSTORE_006"/>
  <testcase name="test017_promotionDetails_004" time="0.000" classname="E2E.TestSet_MPMSTORE_006"/>
  <testcase name="test017_promotionDetails_002" time="0.000" classname="E2E.TestSet_MPMSTORE_006"/>
  <testcase name="test022_redeemCoupon" time="8.864" classname="E2E.TestSet_MPMSTORE_006"/>
  <testcase name="test006_校验商品券" time="0.000" classname="E2E.TestSet_MPMSTORE_006"/>
  <testcase name="test006_校验商品券" time="0.000" classname="E2E.TestSet_MPMSTORE_006"/>
  <testcase name="test017_promotionDetails_002" time="0.000" classname="E2E.TestSet_MPMSTORE_006"/>
  <testcase name="test017_promotionDetails_004" time="0.000" classname="E2E.TestSet_MPMSTORE_006"/>
  <testcase name="test023_refundCoupon" time="5.429" classname="E2E.TestSet_MPMSTORE_006"/>
  <testcase name="test017_promotionDetails_002" time="0.000" classname="E2E.TestSet_MPMSTORE_006"/>
  <testcase name="test006_校验商品券" time="0.001" classname="E2E.TestSet_MPMSTORE_006"/>
  <testcase name="test006_校验商品券" time="0.000" classname="E2E.TestSet_MPMSTORE_006"/>
  <testcase name="test029_商品券活动关闭" time="6.811" classname="E2E.TestSet_MPMSTORE_006"/>
  <testcase name="test007_queryUserCoupon" time="5.531" classname="E2E.TestSet_MPMSTORE_006"/>
  <testcase name="test017_promotionDetails_003" time="0.000" classname="E2E.TestSet_MPMSTORE_006"/>
  <testcase name="test006_校验商品券" time="0.000" classname="E2E.TestSet_MPMSTORE_006"/>
  <testcase name="test017_promotionDetails_003" time="0.000" classname="E2E.TestSet_MPMSTORE_006"/>
  <testcase name="test006_校验商品券" time="0.000" classname="E2E.TestSet_MPMSTORE_006"/>
  <testcase name="test003_创建商品券" time="12.227" classname="E2E.TestSet_MPMSTORE_006"/>
  <testcase name="test017_promotionDetails_003" time="0.000" classname="E2E.TestSet_MPMSTORE_006"/>
  <testcase name="test016_applyPromotionPlans" time="26.674" classname="E2E.TestSet_MPMSTORE_006"/>
  <testcase name="test029_plans_NonAssignedProducts" time="0.846" classname="E2E.TestSet_MPMSTORE_006"/>
  <testcase name="test006_校验商品券" time="0.000" classname="E2E.TestSet_MPMSTORE_006"/>
  <testcase name="test019_userAvailableCoupon" time="11.206" classname="E2E.TestSet_MPMSTORE_006"/>
  <testcase name="test017_promotionDetails_004" time="0.000" classname="E2E.TestSet_MPMSTORE_006"/>
  <testcase name="test026_loggedUserReceiveCoupon" time="0.834" classname="E2E.TestSet_MPMSTORE_006"/>
  <testcase name="test017_promotionDetails_002" time="0.000" classname="E2E.TestSet_MPMSTORE_006"/>
  <testcase name="test006_校验商品券" time="0.000" classname="E2E.TestSet_MPMSTORE_006"/>
  <testcase name="test021_userAvailableCoupon" time="0.668" classname="E2E.TestSet_MPMSTORE_006"/>
  <testcase name="test006_校验商品券" time="0.000" classname="E2E.TestSet_MPMSTORE_006"/>
  <testcase name="test006_校验商品券" time="0.001" classname="E2E.TestSet_MPMSTORE_006"/>
  <testcase name="test017_promotionDetails_002" time="0.000" classname="E2E.TestSet_MPMSTORE_006"/>
  <testcase name="test028_userAvailableCoupon" time="0.635" classname="E2E.TestSet_MPMSTORE_006"/>
  <testcase name="test004_商品券页面获取" time="2.682" classname="E2E.TestSet_MPMSTORE_006"/>
  <testcase name="test006_校验商品券" time="0.000" classname="E2E.TestSet_MPMSTORE_006"/>
  <testcase name="test009_商品券页面获取" time="122.486" classname="E2E.TestSet_MPMSTORE_006"/>
  <testcase name="test017_promotionDetails_002" time="0.000" classname="E2E.TestSet_MPMSTORE_006"/>
  <testcase name="test017_promotionDetails_003" time="0.000" classname="E2E.TestSet_MPMSTORE_006"/>
  <testcase name="test008_userAvailableCoupon" time="0.817" classname="E2E.TestSet_MPMSTORE_006"/>
  <testcase name="test015_plans_AssignedProducts" time="0.883" classname="E2E.TestSet_MPMSTORE_006"/>
  <testcase name="test006_校验商品券" time="0.000" classname="E2E.TestSet_MPMSTORE_006"/>
  <testcase name="test017_promotionDetails_002" time="0.000" classname="E2E.TestSet_MPMSTORE_006"/>
  <testcase name="test006_校验商品券" time="0.000" classname="E2E.TestSet_MPMSTORE_006"/>
  <testcase name="test006_校验商品券" time="0.000" classname="E2E.TestSet_MPMSTORE_006"/>
  <testcase name="test020_queryUserCoupon" time="39.021" classname="E2E.TestSet_MPMSTORE_006"/>
  <testcase name="test001_启动后台" time="11.903" classname="E2E.TestSet_MPMSTORE_006"/>
  <testcase name="test005_校验商品券" time="0.001" classname="E2E.TestSet_MPMSTORE_006"/>
  <testcase name="test006_校验商品券" time="0.000" classname="E2E.TestSet_MPMSTORE_006"/>
  <testcase name="test015_repricing" time="0.433" classname="E2E.TestSet_MPMSTORE_006"/>
  <testcase name="test002_创建活动页面" time="7.646" classname="E2E.TestSet_MPMSTORE_006"/>
  <testcase name="test025_userAvailableCoupon" time="10.733" classname="E2E.TestSet_MPMSTORE_006"/>
</testsuite> <!-- E2E.TestSet_MPMSTORE_006 -->
