<?xml version="1.0" encoding="UTF-8"?>
<!-- Generated by org.testng.reporters.JUnitReportReporter -->
<testsuite skipped="1" hostname="CNL-4JVB6J3" name="E2E.TestSet_008" tests="75" failures="1" timestamp="17 十一月 2023 09:12:34 GMT" time="273.302" errors="0">
  <testcase name="test015_repricing" time="0.538" classname="E2E.TestSet_008"/>
  <testcase name="test004_黑名单全场券页面获取" time="2.803" classname="E2E.TestSet_008"/>
  <testcase name="test009_全场券页面获取" time="122.558" classname="E2E.TestSet_008"/>
  <testcase name="test006_校验黑名单全场券" time="0.000" classname="E2E.TestSet_008"/>
  <testcase name="test017_promotionDetails_004" time="0.000" classname="E2E.TestSet_008"/>
  <testcase name="test006_校验黑名单全场券" time="0.001" classname="E2E.TestSet_008"/>
  <testcase name="test021_userAvailableCoupon" time="0.565" classname="E2E.TestSet_008"/>
  <testcase name="test017_promotionDetails_002" time="0.000" classname="E2E.TestSet_008"/>
  <testcase name="test026_loggedUserReceiveCoupon" time="0.902" classname="E2E.TestSet_008">
    <failure type="java.lang.AssertionError" message="会员领券失败返回的code信息不对 expected [400] but found [201]">
      <![CDATA[java.lang.AssertionError: 会员领券失败返回的code信息不对 expected [400] but found [201]
at org.testng.Assert.fail(Assert.java:96)
at org.testng.Assert.failNotEquals(Assert.java:776)
at org.testng.Assert.assertEqualsImpl(Assert.java:137)
at org.testng.Assert.assertEquals(Assert.java:118)
at org.testng.Assert.assertEquals(Assert.java:652)
at E2E.TestSet_008.test026_loggedUserReceiveCoupon(TestSet_008.java:604)
at sun.reflect.NativeMethodAccessorImpl.invoke0(Native Method)
at sun.reflect.NativeMethodAccessorImpl.invoke(NativeMethodAccessorImpl.java:62)
at sun.reflect.DelegatingMethodAccessorImpl.invoke(DelegatingMethodAccessorImpl.java:43)
at java.lang.reflect.Method.invoke(Method.java:483)
at org.testng.internal.MethodInvocationHelper.invokeMethod(MethodInvocationHelper.java:124)
at org.testng.internal.Invoker.invokeMethod(Invoker.java:583)
at org.testng.internal.Invoker.invokeTestMethod(Invoker.java:719)
at org.testng.internal.Invoker.invokeTestMethods(Invoker.java:989)
at org.testng.internal.TestMethodWorker.invokeTestMethods(TestMethodWorker.java:125)
at org.testng.internal.TestMethodWorker.run(TestMethodWorker.java:109)
at org.testng.TestRunner.privateRun(TestRunner.java:648)
at org.testng.TestRunner.run(TestRunner.java:505)
at org.testng.SuiteRunner.runTest(SuiteRunner.java:455)
at org.testng.SuiteRunner.runSequentially(SuiteRunner.java:450)
at org.testng.SuiteRunner.privateRun(SuiteRunner.java:415)
at org.testng.SuiteRunner.run(SuiteRunner.java:364)
at org.testng.SuiteRunnerWorker.runSuite(SuiteRunnerWorker.java:52)
at org.testng.SuiteRunnerWorker.run(SuiteRunnerWorker.java:84)
at org.testng.TestNG.runSuitesSequentially(TestNG.java:1208)
at org.testng.TestNG.runSuitesLocally(TestNG.java:1137)
at org.testng.TestNG.runSuites(TestNG.java:1049)
at org.testng.TestNG.run(TestNG.java:1017)
at com.intellij.rt.testng.IDEARemoteTestNG.run(IDEARemoteTestNG.java:66)
at com.intellij.rt.testng.RemoteTestNGStarter.main(RemoteTestNGStarter.java:109)
]]>
    </failure>
  </testcase> <!-- test026_loggedUserReceiveCoupon -->
  <testcase name="test016_applyPromotionPlans" time="10.886" classname="E2E.TestSet_008"/>
  <testcase name="test006_校验黑名单全场券" time="0.000" classname="E2E.TestSet_008"/>
  <testcase name="test034_userAvailableCoupon" time="10.838" classname="E2E.TestSet_008"/>
  <testcase name="test028_userAvailableCoupon" time="0.000" classname="E2E.TestSet_008">
    <skipped/>
  </testcase> <!-- test028_userAvailableCoupon -->
  <testcase name="test017_promotionDetails_002" time="0.000" classname="E2E.TestSet_008"/>
  <testcase name="test017_promotionDetails_003" time="0.000" classname="E2E.TestSet_008"/>
  <testcase name="test011_userAvailableCoupon" time="10.653" classname="E2E.TestSet_008"/>
  <testcase name="test017_promotionDetails_004" time="0.000" classname="E2E.TestSet_008"/>
  <testcase name="test017_promotionDetails_003" time="0.000" classname="E2E.TestSet_008"/>
  <testcase name="test017_promotionDetails_002" time="0.000" classname="E2E.TestSet_008"/>
  <testcase name="test024_queryUserCoupon" time="0.996" classname="E2E.TestSet_008"/>
  <testcase name="test006_校验黑名单全场券" time="0.000" classname="E2E.TestSet_008"/>
  <testcase name="test006_校验黑名单全场券" time="0.000" classname="E2E.TestSet_008"/>
  <testcase name="test017_promotionDetails_003" time="0.000" classname="E2E.TestSet_008"/>
  <testcase name="test033_plans" time="0.850" classname="E2E.TestSet_008"/>
  <testcase name="test006_校验黑名单全场券" time="0.001" classname="E2E.TestSet_008"/>
  <testcase name="test006_校验黑名单全场券" time="0.000" classname="E2E.TestSet_008"/>
  <testcase name="test023_refundCoupon" time="6.341" classname="E2E.TestSet_008"/>
  <testcase name="test018_queryUserCoupon" time="0.753" classname="E2E.TestSet_008"/>
  <testcase name="test029_黑名单券活动关闭" time="7.602" classname="E2E.TestSet_008"/>
  <testcase name="test017_promotionDetails_003" time="0.001" classname="E2E.TestSet_008"/>
  <testcase name="test006_校验黑名单全场券" time="0.000" classname="E2E.TestSet_008"/>
  <testcase name="test006_校验黑名单全场券" time="0.000" classname="E2E.TestSet_008"/>
  <testcase name="test029_userAvailableCoupon" time="10.943" classname="E2E.TestSet_008"/>
  <testcase name="test017_promotionDetails_003" time="0.000" classname="E2E.TestSet_008"/>
  <testcase name="test022_redeemCoupon" time="5.469" classname="E2E.TestSet_008"/>
  <testcase name="test017_promotionDetails_003" time="0.000" classname="E2E.TestSet_008"/>
  <testcase name="test017_promotionDetails_002" time="0.000" classname="E2E.TestSet_008"/>
  <testcase name="test006_校验黑名单全场券" time="0.000" classname="E2E.TestSet_008"/>
  <testcase name="test017_promotionDetails_002" time="0.000" classname="E2E.TestSet_008"/>
  <testcase name="test017_promotionDetails_003" time="0.000" classname="E2E.TestSet_008"/>
  <testcase name="test010_queryUserCoupon" time="1.625" classname="E2E.TestSet_008"/>
  <testcase name="test020_queryUserCoupon" time="25.887" classname="E2E.TestSet_008"/>
  <testcase name="test003_创建黑名单全场券" time="14.906" classname="E2E.TestSet_008"/>
  <testcase name="test014_plans" time="0.762" classname="E2E.TestSet_008"/>
  <testcase name="test017_promotionDetails_004" time="0.000" classname="E2E.TestSet_008"/>
  <testcase name="test006_校验黑名单全场券" time="0.000" classname="E2E.TestSet_008"/>
  <testcase name="test006_校验黑名单全场券" time="0.000" classname="E2E.TestSet_008"/>
  <testcase name="test017_promotionDetails_001" time="0.633" classname="E2E.TestSet_008"/>
  <testcase name="test017_promotionDetails_002" time="0.001" classname="E2E.TestSet_008"/>
  <testcase name="test017_promotionDetails_002" time="0.000" classname="E2E.TestSet_008"/>
  <testcase name="test006_校验黑名单全场券" time="0.000" classname="E2E.TestSet_008"/>
  <testcase name="test017_promotionDetails_003" time="0.000" classname="E2E.TestSet_008"/>
  <testcase name="test006_校验黑名单全场券" time="0.000" classname="E2E.TestSet_008"/>
  <testcase name="test006_校验黑名单全场券" time="0.000" classname="E2E.TestSet_008"/>
  <testcase name="test019_userAvailableCoupon" time="10.825" classname="E2E.TestSet_008"/>
  <testcase name="test006_校验黑名单全场券" time="0.000" classname="E2E.TestSet_008"/>
  <testcase name="test013_loggedUserReceiveCoupon" time="0.650" classname="E2E.TestSet_008"/>
  <testcase name="test008_userAvailableCoupon" time="0.835" classname="E2E.TestSet_008"/>
  <testcase name="test017_promotionDetails_003" time="0.000" classname="E2E.TestSet_008"/>
  <testcase name="test006_校验黑名单全场券" time="0.000" classname="E2E.TestSet_008"/>
  <testcase name="test007_queryUserCoupon" time="1.578" classname="E2E.TestSet_008"/>
  <testcase name="test006_校验黑名单全场券" time="0.000" classname="E2E.TestSet_008"/>
  <testcase name="test025_userAvailableCoupon" time="0.539" classname="E2E.TestSet_008"/>
  <testcase name="test030_userAvailableCoupon" time="0.750" classname="E2E.TestSet_008"/>
  <testcase name="test012_loggedUserReceiveCoupon" time="0.655" classname="E2E.TestSet_008"/>
  <testcase name="test006_校验黑名单全场券" time="0.000" classname="E2E.TestSet_008"/>
  <testcase name="test005_校验黑名单全场券" time="0.002" classname="E2E.TestSet_008"/>
  <testcase name="test017_promotionDetails_003" time="0.000" classname="E2E.TestSet_008"/>
  <testcase name="test006_校验黑名单全场券" time="0.000" classname="E2E.TestSet_008"/>
  <testcase name="test006_校验黑名单全场券" time="0.000" classname="E2E.TestSet_008"/>
  <testcase name="test001_启动后台" time="11.585" classname="E2E.TestSet_008"/>
  <testcase name="test002_创建活动页面" time="7.731" classname="E2E.TestSet_008"/>
  <testcase name="test031_userAvailableCoupon" time="0.612" classname="E2E.TestSet_008"/>
  <testcase name="test032_plans" time="1.026" classname="E2E.TestSet_008"/>
  <testcase name="test017_promotionDetails_004" time="0.000" classname="E2E.TestSet_008"/>
</testsuite> <!-- E2E.TestSet_008 -->
