<?xml version="1.0" encoding="UTF-8"?>
<!-- Generated by org.testng.reporters.JUnitReportReporter -->
<testsuite skipped="0" hostname="CNL-4JVB6J3" name="E2E.TestSet_MPMSTORE_OMNISTORE_001_QuanChang" tests="22" failures="0" timestamp="27 十二月 2023 08:04:40 GMT" time="26.912" errors="0">
  <testcase name="test006_校验全场券" time="0.000" classname="E2E.TestSet_MPMSTORE_OMNISTORE_001_QuanChang"/>
  <testcase name="test006_校验全场券" time="0.000" classname="E2E.TestSet_MPMSTORE_OMNISTORE_001_QuanChang"/>
  <testcase name="test006_校验全场券" time="0.001" classname="E2E.TestSet_MPMSTORE_OMNISTORE_001_QuanChang"/>
  <testcase name="test006_校验全场券" time="0.000" classname="E2E.TestSet_MPMSTORE_OMNISTORE_001_QuanChang"/>
  <testcase name="test004_全场券页面获取" time="2.452" classname="E2E.TestSet_MPMSTORE_OMNISTORE_001_QuanChang"/>
  <testcase name="test006_校验全场券" time="0.000" classname="E2E.TestSet_MPMSTORE_OMNISTORE_001_QuanChang"/>
  <testcase name="test006_校验全场券" time="0.000" classname="E2E.TestSet_MPMSTORE_OMNISTORE_001_QuanChang"/>
  <testcase name="test002_创建活动页面" time="7.555" classname="E2E.TestSet_MPMSTORE_OMNISTORE_001_QuanChang"/>
  <testcase name="test006_校验全场券" time="0.000" classname="E2E.TestSet_MPMSTORE_OMNISTORE_001_QuanChang"/>
  <testcase name="test001_启动后台" time="10.173" classname="E2E.TestSet_MPMSTORE_OMNISTORE_001_QuanChang"/>
  <testcase name="test006_校验全场券" time="0.000" classname="E2E.TestSet_MPMSTORE_OMNISTORE_001_QuanChang"/>
  <testcase name="test006_校验全场券" time="0.015" classname="E2E.TestSet_MPMSTORE_OMNISTORE_001_QuanChang"/>
  <testcase name="test005_校验全场券" time="0.001" classname="E2E.TestSet_MPMSTORE_OMNISTORE_001_QuanChang"/>
  <testcase name="test006_校验全场券" time="0.000" classname="E2E.TestSet_MPMSTORE_OMNISTORE_001_QuanChang"/>
  <testcase name="test006_校验全场券" time="0.000" classname="E2E.TestSet_MPMSTORE_OMNISTORE_001_QuanChang"/>
  <testcase name="test006_校验全场券" time="0.000" classname="E2E.TestSet_MPMSTORE_OMNISTORE_001_QuanChang"/>
  <testcase name="test006_校验全场券" time="0.000" classname="E2E.TestSet_MPMSTORE_OMNISTORE_001_QuanChang"/>
  <testcase name="test006_校验全场券" time="0.000" classname="E2E.TestSet_MPMSTORE_OMNISTORE_001_QuanChang"/>
  <testcase name="test006_校验全场券" time="0.000" classname="E2E.TestSet_MPMSTORE_OMNISTORE_001_QuanChang"/>
  <testcase name="test003_创建全场券" time="6.715" classname="E2E.TestSet_MPMSTORE_OMNISTORE_001_QuanChang"/>
  <testcase name="test006_校验全场券" time="0.000" classname="E2E.TestSet_MPMSTORE_OMNISTORE_001_QuanChang"/>
  <testcase name="test006_校验全场券" time="0.000" classname="E2E.TestSet_MPMSTORE_OMNISTORE_001_QuanChang"/>
</testsuite> <!-- E2E.TestSet_MPMSTORE_OMNISTORE_001_QuanChang -->
