<?xml version="1.0" encoding="UTF-8"?>
<!-- Generated by org.testng.reporters.JUnitReportReporter -->
<testsuite skipped="0" hostname="CNL-4JVB6J3" name="E2E.TestSet_H5_006" tests="67" failures="0" timestamp="11 十二月 2023 02:40:42 GMT" time="328.372" errors="0">
  <testcase name="test004_H5商品券页面获取" time="2.465" classname="E2E.TestSet_H5_006"/>
  <testcase name="test006_校验H5商品券" time="0.000" classname="E2E.TestSet_H5_006"/>
  <testcase name="test013_loggedUserReceiveCoupon" time="0.440" classname="E2E.TestSet_H5_006"/>
  <testcase name="test017_promotionDetails_003" time="0.000" classname="E2E.TestSet_H5_006"/>
  <testcase name="test017_promotionDetails_004" time="0.000" classname="E2E.TestSet_H5_006"/>
  <testcase name="test017_promotionDetails_002" time="0.000" classname="E2E.TestSet_H5_006"/>
  <testcase name="test007_queryUserCoupon" time="4.327" classname="E2E.TestSet_H5_006"/>
  <testcase name="test017_promotionDetails_002" time="0.000" classname="E2E.TestSet_H5_006"/>
  <testcase name="test023_refundCoupon" time="4.238" classname="E2E.TestSet_H5_006"/>
  <testcase name="test017_promotionDetails_001" time="0.447" classname="E2E.TestSet_H5_006"/>
  <testcase name="test020_queryUserCoupon" time="25.719" classname="E2E.TestSet_H5_006"/>
  <testcase name="test017_promotionDetails_004" time="0.000" classname="E2E.TestSet_H5_006"/>
  <testcase name="test017_promotionDetails_003" time="0.000" classname="E2E.TestSet_H5_006"/>
  <testcase name="test006_校验H5商品券" time="0.000" classname="E2E.TestSet_H5_006"/>
  <testcase name="test018_queryUserCoupon" time="4.628" classname="E2E.TestSet_H5_006"/>
  <testcase name="test025_userAvailableCoupon" time="10.452" classname="E2E.TestSet_H5_006"/>
  <testcase name="test006_校验H5商品券" time="0.000" classname="E2E.TestSet_H5_006"/>
  <testcase name="test015_plans_AssignedProducts" time="0.642" classname="E2E.TestSet_H5_006"/>
  <testcase name="test021_userAvailableCoupon" time="0.503" classname="E2E.TestSet_H5_006"/>
  <testcase name="test006_校验H5商品券" time="0.000" classname="E2E.TestSet_H5_006"/>
  <testcase name="test017_promotionDetails_002" time="0.000" classname="E2E.TestSet_H5_006"/>
  <testcase name="test006_校验H5商品券" time="0.000" classname="E2E.TestSet_H5_006"/>
  <testcase name="test006_校验H5商品券" time="0.000" classname="E2E.TestSet_H5_006"/>
  <testcase name="test006_校验H5商品券" time="0.000" classname="E2E.TestSet_H5_006"/>
  <testcase name="test006_校验H5商品券" time="0.000" classname="E2E.TestSet_H5_006"/>
  <testcase name="test017_promotionDetails_004" time="0.000" classname="E2E.TestSet_H5_006"/>
  <testcase name="test006_校验H5商品券" time="0.000" classname="E2E.TestSet_H5_006"/>
  <testcase name="test011_userAvailableCoupon" time="60.903" classname="E2E.TestSet_H5_006"/>
  <testcase name="test002_创建活动页面" time="7.567" classname="E2E.TestSet_H5_006"/>
  <testcase name="test006_校验H5商品券" time="0.000" classname="E2E.TestSet_H5_006"/>
  <testcase name="test001_启动后台" time="11.418" classname="E2E.TestSet_H5_006"/>
  <testcase name="test017_promotionDetails_002" time="0.000" classname="E2E.TestSet_H5_006"/>
  <testcase name="test017_promotionDetails_003" time="0.000" classname="E2E.TestSet_H5_006"/>
  <testcase name="test009_H5商品券页面获取" time="122.366" classname="E2E.TestSet_H5_006"/>
  <testcase name="test028_userAvailableCoupon" time="0.549" classname="E2E.TestSet_H5_006"/>
  <testcase name="test006_校验H5商品券" time="0.000" classname="E2E.TestSet_H5_006"/>
  <testcase name="test029_商品券活动关闭" time="6.526" classname="E2E.TestSet_H5_006"/>
  <testcase name="test017_promotionDetails_003" time="0.000" classname="E2E.TestSet_H5_006"/>
  <testcase name="test006_校验H5商品券" time="0.000" classname="E2E.TestSet_H5_006"/>
  <testcase name="test017_promotionDetails_004" time="0.000" classname="E2E.TestSet_H5_006"/>
  <testcase name="test017_promotionDetails_003" time="0.000" classname="E2E.TestSet_H5_006"/>
  <testcase name="test006_校验H5商品券" time="0.000" classname="E2E.TestSet_H5_006"/>
  <testcase name="test008_userAvailableCoupon" time="0.393" classname="E2E.TestSet_H5_006"/>
  <testcase name="test015_repricing" time="0.378" classname="E2E.TestSet_H5_006"/>
  <testcase name="test006_校验H5商品券" time="0.000" classname="E2E.TestSet_H5_006"/>
  <testcase name="test026_loggedUserReceiveCoupon" time="0.487" classname="E2E.TestSet_H5_006"/>
  <testcase name="test017_promotionDetails_003" time="0.000" classname="E2E.TestSet_H5_006"/>
  <testcase name="test016_applyPromotionPlans" time="23.554" classname="E2E.TestSet_H5_006"/>
  <testcase name="test017_promotionDetails_002" time="0.000" classname="E2E.TestSet_H5_006"/>
  <testcase name="test006_校验H5商品券" time="0.000" classname="E2E.TestSet_H5_006"/>
  <testcase name="test003_创建H5商品券" time="12.112" classname="E2E.TestSet_H5_006"/>
  <testcase name="test006_校验H5商品券" time="0.000" classname="E2E.TestSet_H5_006"/>
  <testcase name="test017_promotionDetails_003" time="0.000" classname="E2E.TestSet_H5_006"/>
  <testcase name="test006_校验H5商品券" time="0.000" classname="E2E.TestSet_H5_006"/>
  <testcase name="test010_queryUserCoupon" time="5.147" classname="E2E.TestSet_H5_006"/>
  <testcase name="test005_校验H5商品券" time="0.000" classname="E2E.TestSet_H5_006"/>
  <testcase name="test024_queryUserCoupon" time="4.708" classname="E2E.TestSet_H5_006"/>
  <testcase name="test019_userAvailableCoupon" time="10.499" classname="E2E.TestSet_H5_006"/>
  <testcase name="test012_loggedUserReceiveCoupon" time="0.691" classname="E2E.TestSet_H5_006"/>
  <testcase name="test022_redeemCoupon" time="6.334" classname="E2E.TestSet_H5_006"/>
  <testcase name="test029_plans_NonAssignedProducts" time="0.879" classname="E2E.TestSet_H5_006"/>
  <testcase name="test006_校验H5商品券" time="0.000" classname="E2E.TestSet_H5_006"/>
  <testcase name="test017_promotionDetails_002" time="0.000" classname="E2E.TestSet_H5_006"/>
  <testcase name="test017_promotionDetails_002" time="0.000" classname="E2E.TestSet_H5_006"/>
  <testcase name="test017_promotionDetails_003" time="0.000" classname="E2E.TestSet_H5_006"/>
  <testcase name="test017_promotionDetails_003" time="0.000" classname="E2E.TestSet_H5_006"/>
  <testcase name="test017_promotionDetails_003" time="0.000" classname="E2E.TestSet_H5_006"/>
</testsuite> <!-- E2E.TestSet_H5_006 -->
