<?xml version="1.0" encoding="UTF-8"?>
<!-- Generated by org.testng.reporters.JUnitReportReporter -->
<testsuite skipped="0" hostname="CNL-4JVB6J3" name="E2E.TestSet_MPMSTORE_001" tests="65" failures="0" timestamp="06 十二月 2023 03:24:23 GMT" time="264.305" errors="0">
  <testcase name="test006_校验全场券" time="0.001" classname="E2E.TestSet_MPMSTORE_001"/>
  <testcase name="test017_promotionDetails_004" time="0.000" classname="E2E.TestSet_MPMSTORE_001"/>
  <testcase name="test017_promotionDetails_004" time="0.000" classname="E2E.TestSet_MPMSTORE_001"/>
  <testcase name="test006_校验全场券" time="0.000" classname="E2E.TestSet_MPMSTORE_001"/>
  <testcase name="test023_refundCoupon" time="6.013" classname="E2E.TestSet_MPMSTORE_001"/>
  <testcase name="test002_创建活动页面" time="7.570" classname="E2E.TestSet_MPMSTORE_001"/>
  <testcase name="test020_queryUserCoupon" time="26.002" classname="E2E.TestSet_MPMSTORE_001"/>
  <testcase name="test017_promotionDetails_003" time="0.000" classname="E2E.TestSet_MPMSTORE_001"/>
  <testcase name="test022_redeemCoupon" time="5.206" classname="E2E.TestSet_MPMSTORE_001"/>
  <testcase name="test017_promotionDetails_002" time="0.000" classname="E2E.TestSet_MPMSTORE_001"/>
  <testcase name="test014_plans" time="0.900" classname="E2E.TestSet_MPMSTORE_001"/>
  <testcase name="test017_promotionDetails_002" time="0.000" classname="E2E.TestSet_MPMSTORE_001"/>
  <testcase name="test018_queryUserCoupon" time="0.648" classname="E2E.TestSet_MPMSTORE_001"/>
  <testcase name="test008_userAvailableCoupon" time="0.487" classname="E2E.TestSet_MPMSTORE_001"/>
  <testcase name="test017_promotionDetails_003" time="0.000" classname="E2E.TestSet_MPMSTORE_001"/>
  <testcase name="test017_promotionDetails_003" time="0.000" classname="E2E.TestSet_MPMSTORE_001"/>
  <testcase name="test006_校验全场券" time="0.000" classname="E2E.TestSet_MPMSTORE_001"/>
  <testcase name="test017_promotionDetails_002" time="0.000" classname="E2E.TestSet_MPMSTORE_001"/>
  <testcase name="test001_启动后台" time="15.487" classname="E2E.TestSet_MPMSTORE_001"/>
  <testcase name="test006_校验全场券" time="0.000" classname="E2E.TestSet_MPMSTORE_001"/>
  <testcase name="test007_queryUserCoupon" time="1.281" classname="E2E.TestSet_MPMSTORE_001"/>
  <testcase name="test006_校验全场券" time="0.000" classname="E2E.TestSet_MPMSTORE_001"/>
  <testcase name="test028_userAvailableCoupon" time="0.521" classname="E2E.TestSet_MPMSTORE_001"/>
  <testcase name="test009_全场券页面获取" time="122.347" classname="E2E.TestSet_MPMSTORE_001"/>
  <testcase name="test012_loggedUserReceiveCoupon" time="0.641" classname="E2E.TestSet_MPMSTORE_001"/>
  <testcase name="test024_queryUserCoupon" time="0.814" classname="E2E.TestSet_MPMSTORE_001"/>
  <testcase name="test025_userAvailableCoupon" time="10.773" classname="E2E.TestSet_MPMSTORE_001"/>
  <testcase name="test004_全场券页面获取" time="2.484" classname="E2E.TestSet_MPMSTORE_001"/>
  <testcase name="test017_promotionDetails_002" time="0.000" classname="E2E.TestSet_MPMSTORE_001"/>
  <testcase name="test013_loggedUserReceiveCoupon" time="0.497" classname="E2E.TestSet_MPMSTORE_001"/>
  <testcase name="test006_校验全场券" time="0.000" classname="E2E.TestSet_MPMSTORE_001"/>
  <testcase name="test017_promotionDetails_003" time="0.000" classname="E2E.TestSet_MPMSTORE_001"/>
  <testcase name="test017_promotionDetails_002" time="0.000" classname="E2E.TestSet_MPMSTORE_001"/>
  <testcase name="test005_校验全场券" time="0.000" classname="E2E.TestSet_MPMSTORE_001"/>
  <testcase name="test021_userAvailableCoupon" time="0.552" classname="E2E.TestSet_MPMSTORE_001"/>
  <testcase name="test019_userAvailableCoupon" time="10.498" classname="E2E.TestSet_MPMSTORE_001"/>
  <testcase name="test017_promotionDetails_002" time="0.000" classname="E2E.TestSet_MPMSTORE_001"/>
  <testcase name="test011_userAvailableCoupon" time="10.860" classname="E2E.TestSet_MPMSTORE_001"/>
  <testcase name="test003_创建全场券" time="6.219" classname="E2E.TestSet_MPMSTORE_001"/>
  <testcase name="test017_promotionDetails_001" time="0.542" classname="E2E.TestSet_MPMSTORE_001"/>
  <testcase name="test017_promotionDetails_003" time="0.000" classname="E2E.TestSet_MPMSTORE_001"/>
  <testcase name="test016_applyPromotionPlans" time="24.972" classname="E2E.TestSet_MPMSTORE_001"/>
  <testcase name="test017_promotionDetails_004" time="0.000" classname="E2E.TestSet_MPMSTORE_001"/>
  <testcase name="test006_校验全场券" time="0.000" classname="E2E.TestSet_MPMSTORE_001"/>
  <testcase name="test017_promotionDetails_003" time="0.000" classname="E2E.TestSet_MPMSTORE_001"/>
  <testcase name="test017_promotionDetails_003" time="0.000" classname="E2E.TestSet_MPMSTORE_001"/>
  <testcase name="test017_promotionDetails_003" time="0.000" classname="E2E.TestSet_MPMSTORE_001"/>
  <testcase name="test006_校验全场券" time="0.000" classname="E2E.TestSet_MPMSTORE_001"/>
  <testcase name="test017_promotionDetails_003" time="0.000" classname="E2E.TestSet_MPMSTORE_001"/>
  <testcase name="test017_promotionDetails_004" time="0.000" classname="E2E.TestSet_MPMSTORE_001"/>
  <testcase name="test006_校验全场券" time="0.000" classname="E2E.TestSet_MPMSTORE_001"/>
  <testcase name="test017_promotionDetails_003" time="0.001" classname="E2E.TestSet_MPMSTORE_001"/>
  <testcase name="test006_校验全场券" time="0.000" classname="E2E.TestSet_MPMSTORE_001"/>
  <testcase name="test006_校验全场券" time="0.000" classname="E2E.TestSet_MPMSTORE_001"/>
  <testcase name="test006_校验全场券" time="0.000" classname="E2E.TestSet_MPMSTORE_001"/>
  <testcase name="test006_校验全场券" time="0.000" classname="E2E.TestSet_MPMSTORE_001"/>
  <testcase name="test010_queryUserCoupon" time="1.118" classname="E2E.TestSet_MPMSTORE_001"/>
  <testcase name="test006_校验全场券" time="0.000" classname="E2E.TestSet_MPMSTORE_001"/>
  <testcase name="test006_校验全场券" time="0.000" classname="E2E.TestSet_MPMSTORE_001"/>
  <testcase name="test006_校验全场券" time="0.000" classname="E2E.TestSet_MPMSTORE_001"/>
  <testcase name="test015_repricing" time="0.642" classname="E2E.TestSet_MPMSTORE_001"/>
  <testcase name="test017_promotionDetails_002" time="0.000" classname="E2E.TestSet_MPMSTORE_001"/>
  <testcase name="test026_loggedUserReceiveCoupon" time="0.519" classname="E2E.TestSet_MPMSTORE_001"/>
  <testcase name="test006_校验全场券" time="0.000" classname="E2E.TestSet_MPMSTORE_001"/>
  <testcase name="test029_全场券活动关闭" time="6.710" classname="E2E.TestSet_MPMSTORE_001"/>
</testsuite> <!-- E2E.TestSet_MPMSTORE_001 -->
