<?xml version="1.0" encoding="UTF-8"?>
<!-- Generated by org.testng.reporters.JUnitReportReporter -->
<testsuite skipped="0" hostname="CNL-4JVB6J3" name="BackOffice.BlackModelListActivity_TestSet001" tests="26" failures="0" timestamp="06 十一月 2023 02:56:36 GMT" time="34.792" errors="0">
  <testcase name="test006_校验黑名单全场券" time="0.000" classname="BackOffice.BlackModelListActivity_TestSet001"/>
  <testcase name="test006_校验黑名单全场券" time="0.000" classname="BackOffice.BlackModelListActivity_TestSet001"/>
  <testcase name="test006_校验黑名单全场券" time="0.000" classname="BackOffice.BlackModelListActivity_TestSet001"/>
  <testcase name="test003_创建黑名单全场券" time="11.406" classname="BackOffice.BlackModelListActivity_TestSet001"/>
  <testcase name="test006_校验黑名单全场券" time="0.000" classname="BackOffice.BlackModelListActivity_TestSet001"/>
  <testcase name="test004_黑名单全场券页面获取" time="2.499" classname="BackOffice.BlackModelListActivity_TestSet001"/>
  <testcase name="test006_校验黑名单全场券" time="0.001" classname="BackOffice.BlackModelListActivity_TestSet001"/>
  <testcase name="test005_校验黑名单全场券" time="0.001" classname="BackOffice.BlackModelListActivity_TestSet001"/>
  <testcase name="test006_校验黑名单全场券" time="0.000" classname="BackOffice.BlackModelListActivity_TestSet001"/>
  <testcase name="test006_校验黑名单全场券" time="0.000" classname="BackOffice.BlackModelListActivity_TestSet001"/>
  <testcase name="test006_校验黑名单全场券" time="0.000" classname="BackOffice.BlackModelListActivity_TestSet001"/>
  <testcase name="test006_校验黑名单全场券" time="0.000" classname="BackOffice.BlackModelListActivity_TestSet001"/>
  <testcase name="test006_校验黑名单全场券" time="0.000" classname="BackOffice.BlackModelListActivity_TestSet001"/>
  <testcase name="test006_校验黑名单全场券" time="0.000" classname="BackOffice.BlackModelListActivity_TestSet001"/>
  <testcase name="test006_校验黑名单全场券" time="0.001" classname="BackOffice.BlackModelListActivity_TestSet001"/>
  <testcase name="test006_校验黑名单全场券" time="0.000" classname="BackOffice.BlackModelListActivity_TestSet001"/>
  <testcase name="test002_创建活动页面" time="7.532" classname="BackOffice.BlackModelListActivity_TestSet001"/>
  <testcase name="test006_校验黑名单全场券" time="0.000" classname="BackOffice.BlackModelListActivity_TestSet001"/>
  <testcase name="test006_校验黑名单全场券" time="0.000" classname="BackOffice.BlackModelListActivity_TestSet001"/>
  <testcase name="test006_校验黑名单全场券" time="0.000" classname="BackOffice.BlackModelListActivity_TestSet001"/>
  <testcase name="test001_启动后台" time="13.352" classname="BackOffice.BlackModelListActivity_TestSet001"/>
  <testcase name="test006_校验黑名单全场券" time="0.000" classname="BackOffice.BlackModelListActivity_TestSet001"/>
  <testcase name="test006_校验黑名单全场券" time="0.000" classname="BackOffice.BlackModelListActivity_TestSet001"/>
  <testcase name="test006_校验黑名单全场券" time="0.000" classname="BackOffice.BlackModelListActivity_TestSet001"/>
  <testcase name="test006_校验黑名单全场券" time="0.000" classname="BackOffice.BlackModelListActivity_TestSet001"/>
  <testcase name="test006_校验黑名单全场券" time="0.000" classname="BackOffice.BlackModelListActivity_TestSet001"/>
</testsuite> <!-- BackOffice.BlackModelListActivity_TestSet001 -->
