<?xml version="1.0" encoding="UTF-8"?>
<!-- Generated by org.testng.reporters.JUnitReportReporter -->
<testsuite skipped="0" hostname="CNL-4JVB6J3" name="E2E.TestSet_002" tests="32" failures="0" timestamp="03 十一月 2023 06:36:24 GMT" time="750.638" errors="0">
  <testcase name="test001_启动后台" time="11.195" classname="E2E.TestSet_002"/>
  <testcase name="test019_cartEstimatePrices" time="0.000" classname="E2E.TestSet_002"/>
  <testcase name="test011_cartEstimatePrices" time="0.000" classname="E2E.TestSet_002"/>
  <testcase name="test019_cartEstimatePrices" time="0.000" classname="E2E.TestSet_002"/>
  <testcase name="test014_创建全场券" time="5.883" classname="E2E.TestSet_002"/>
  <testcase name="test010_cartEstimatePrices" time="0.594" classname="E2E.TestSet_002"/>
  <testcase name="test013_创建活动页面" time="7.526" classname="E2E.TestSet_002"/>
  <testcase name="test012_cartEstimatePrices" time="0.000" classname="E2E.TestSet_002"/>
  <testcase name="test005_全场券页面获取" time="122.215" classname="E2E.TestSet_002"/>
  <testcase name="test020_cartEstimatePrices" time="0.000" classname="E2E.TestSet_002"/>
  <testcase name="test023_userAvailableCoupon" time="0.651" classname="E2E.TestSet_002"/>
  <testcase name="test020_cartEstimatePrices" time="0.000" classname="E2E.TestSet_002"/>
  <testcase name="test016_全场券页面获取" time="122.538" classname="E2E.TestSet_002"/>
  <testcase name="test021_loggedUserReceiveCoupon" time="421.903" classname="E2E.TestSet_002"/>
  <testcase name="test022_queryUserCoupon" time="36.414" classname="E2E.TestSet_002"/>
  <testcase name="test012_cartEstimatePrices" time="0.000" classname="E2E.TestSet_002"/>
  <testcase name="test020_cartEstimatePrices" time="0.000" classname="E2E.TestSet_002"/>
  <testcase name="test003_创建全场券" time="6.338" classname="E2E.TestSet_002"/>
  <testcase name="test017_loggedUserReceiveCoupon" time="1.068" classname="E2E.TestSet_002"/>
  <testcase name="test018_cartEstimatePrices" time="0.438" classname="E2E.TestSet_002"/>
  <testcase name="test011_cartEstimatePrices" time="0.000" classname="E2E.TestSet_002"/>
  <testcase name="test019_cartEstimatePrices" time="0.015" classname="E2E.TestSet_002"/>
  <testcase name="test020_cartEstimatePrices" time="0.000" classname="E2E.TestSet_002"/>
  <testcase name="test012_cartEstimatePrices" time="0.000" classname="E2E.TestSet_002"/>
  <testcase name="test004_全场券页面获取" time="2.542" classname="E2E.TestSet_002"/>
  <testcase name="test012_cartEstimatePrices" time="0.000" classname="E2E.TestSet_002"/>
  <testcase name="test015_全场券页面获取" time="2.419" classname="E2E.TestSet_002"/>
  <testcase name="test011_cartEstimatePrices" time="0.000" classname="E2E.TestSet_002"/>
  <testcase name="test002_创建活动页面" time="7.522" classname="E2E.TestSet_002"/>
  <testcase name="test009_loggedUserReceiveCoupon" time="1.377" classname="E2E.TestSet_002"/>
  <testcase name="test019_cartEstimatePrices" time="0.000" classname="E2E.TestSet_002"/>
  <testcase name="test011_cartEstimatePrices" time="0.000" classname="E2E.TestSet_002"/>
</testsuite> <!-- E2E.TestSet_002 -->
