<?xml version="1.0" encoding="UTF-8"?>
<!-- Generated by org.testng.reporters.JUnitReportReporter -->
<testsuite skipped="0" hostname="CNL-4JVB6J3" name="APITestCase.BackOffice.closeActivity" tests="1" failures="0" timestamp="28 七月 2023 03:45:26 GMT" time="0.701" errors="0">
  <testcase name="closeActivity_FunctionTest_1" time="0.701" classname="APITestCase.BackOffice.closeActivity"/>
</testsuite> <!-- APITestCase.BackOffice.closeActivity -->
