<?xml version="1.0" encoding="UTF-8"?>
<!-- Generated by org.testng.reporters.JUnitReportReporter -->
<testsuite skipped="1" hostname="CNL-4JVB6J3" name="E2E.TestSet_H5_004" tests="32" failures="1" timestamp="07 十二月 2023 07:56:49 GMT" time="780.812" errors="0">
  <testcase name="test012_cartEstimatePrices" time="0.001" classname="E2E.TestSet_H5_004"/>
  <testcase name="test020_cartEstimatePrices" time="0.001" classname="E2E.TestSet_H5_004"/>
  <testcase name="test011_cartEstimatePrices" time="0.001" classname="E2E.TestSet_H5_004"/>
  <testcase name="test016_H5定向券页面获取" time="132.243" classname="E2E.TestSet_H5_004"/>
  <testcase name="test001_启动后台" time="9.724" classname="E2E.TestSet_H5_004"/>
  <testcase name="test012_cartEstimatePrices" time="0.001" classname="E2E.TestSet_H5_004"/>
  <testcase name="test015_H5定向券页面获取" time="2.424" classname="E2E.TestSet_H5_004"/>
  <testcase name="test020_cartEstimatePrices" time="0.001" classname="E2E.TestSet_H5_004"/>
  <testcase name="test022_queryDesignatedUserCoupon" time="42.714" classname="E2E.TestSet_H5_004">
    <failure type="java.lang.AssertionError" message="活动关闭后优惠券状态异常，期望结果是EXPIRED expected [true] but found [false]">
      <![CDATA[java.lang.AssertionError: 活动关闭后优惠券状态异常，期望结果是EXPIRED expected [true] but found [false]
at org.testng.Assert.fail(Assert.java:96)
at org.testng.Assert.failNotEquals(Assert.java:776)
at org.testng.Assert.assertEqualsImpl(Assert.java:137)
at org.testng.Assert.assertEquals(Assert.java:118)
at org.testng.Assert.assertEquals(Assert.java:568)
at E2E.TestSet_H5_004.test022_queryDesignatedUserCoupon(TestSet_H5_004.java:344)
at sun.reflect.NativeMethodAccessorImpl.invoke0(Native Method)
at sun.reflect.NativeMethodAccessorImpl.invoke(NativeMethodAccessorImpl.java:62)
at sun.reflect.DelegatingMethodAccessorImpl.invoke(DelegatingMethodAccessorImpl.java:43)
at java.lang.reflect.Method.invoke(Method.java:483)
at org.testng.internal.MethodInvocationHelper.invokeMethod(MethodInvocationHelper.java:124)
at org.testng.internal.Invoker.invokeMethod(Invoker.java:583)
at org.testng.internal.Invoker.invokeTestMethod(Invoker.java:719)
at org.testng.internal.Invoker.invokeTestMethods(Invoker.java:989)
at org.testng.internal.TestMethodWorker.invokeTestMethods(TestMethodWorker.java:125)
at org.testng.internal.TestMethodWorker.run(TestMethodWorker.java:109)
at org.testng.TestRunner.privateRun(TestRunner.java:648)
at org.testng.TestRunner.run(TestRunner.java:505)
at org.testng.SuiteRunner.runTest(SuiteRunner.java:455)
at org.testng.SuiteRunner.runSequentially(SuiteRunner.java:450)
at org.testng.SuiteRunner.privateRun(SuiteRunner.java:415)
at org.testng.SuiteRunner.run(SuiteRunner.java:364)
at org.testng.SuiteRunnerWorker.runSuite(SuiteRunnerWorker.java:52)
at org.testng.SuiteRunnerWorker.run(SuiteRunnerWorker.java:84)
at org.testng.TestNG.runSuitesSequentially(TestNG.java:1208)
at org.testng.TestNG.runSuitesLocally(TestNG.java:1137)
at org.testng.TestNG.runSuites(TestNG.java:1049)
at org.testng.TestNG.run(TestNG.java:1017)
at com.intellij.rt.testng.IDEARemoteTestNG.run(IDEARemoteTestNG.java:66)
at com.intellij.rt.testng.RemoteTestNGStarter.main(RemoteTestNGStarter.java:109)
]]>
    </failure>
  </testcase> <!-- test022_queryDesignatedUserCoupon -->
  <testcase name="test019_cartEstimatePrices" time="0.002" classname="E2E.TestSet_H5_004"/>
  <testcase name="test002_创建活动页面" time="7.542" classname="E2E.TestSet_H5_004"/>
  <testcase name="test012_cartEstimatePrices" time="0.001" classname="E2E.TestSet_H5_004"/>
  <testcase name="test009_loggedUserReceiveCoupon" time="1.274" classname="E2E.TestSet_H5_004"/>
  <testcase name="test011_cartEstimatePrices" time="0.002" classname="E2E.TestSet_H5_004"/>
  <testcase name="test021_loggedUserReceiveCoupon" time="420.706" classname="E2E.TestSet_H5_004"/>
  <testcase name="test005_H5定向券页面获取" time="132.239" classname="E2E.TestSet_H5_004"/>
  <testcase name="test017_loggedUserReceiveCoupon" time="0.838" classname="E2E.TestSet_H5_004"/>
  <testcase name="test014_创建H5定向券" time="10.072" classname="E2E.TestSet_H5_004"/>
  <testcase name="test019_cartEstimatePrices" time="0.001" classname="E2E.TestSet_H5_004"/>
  <testcase name="test003_创建H5定向券" time="10.231" classname="E2E.TestSet_H5_004"/>
  <testcase name="test011_cartEstimatePrices" time="0.003" classname="E2E.TestSet_H5_004"/>
  <testcase name="test020_cartEstimatePrices" time="0.001" classname="E2E.TestSet_H5_004"/>
  <testcase name="test018_cartEstimatePrices" time="0.408" classname="E2E.TestSet_H5_004"/>
  <testcase name="test010_cartEstimatePrices" time="0.402" classname="E2E.TestSet_H5_004"/>
  <testcase name="test004_H5定向券页面获取" time="2.453" classname="E2E.TestSet_H5_004"/>
  <testcase name="test023_userAvailableCoupon" time="0.000" classname="E2E.TestSet_H5_004">
    <skipped/>
  </testcase> <!-- test023_userAvailableCoupon -->
  <testcase name="test019_cartEstimatePrices" time="0.001" classname="E2E.TestSet_H5_004"/>
  <testcase name="test012_cartEstimatePrices" time="0.001" classname="E2E.TestSet_H5_004"/>
  <testcase name="test013_创建活动页面" time="7.521" classname="E2E.TestSet_H5_004"/>
  <testcase name="test011_cartEstimatePrices" time="0.002" classname="E2E.TestSet_H5_004"/>
  <testcase name="test020_cartEstimatePrices" time="0.001" classname="E2E.TestSet_H5_004"/>
  <testcase name="test019_cartEstimatePrices" time="0.001" classname="E2E.TestSet_H5_004"/>
</testsuite> <!-- E2E.TestSet_H5_004 -->
