<?xml version="1.0" encoding="UTF-8"?>
<!-- Generated by org.testng.reporters.JUnitReportReporter -->
<testsuite skipped="0" hostname="CNL-4JVB6J3" name="BackOffice.temp.ProductActivityStackingCouponProduct_TestSet001" tests="21" failures="0" timestamp="22 八月 2023 09:37:41 GMT" time="32.878" errors="0">
  <testcase name="test006_校验单品券叠加全场单品券" time="0.000" classname="BackOffice.temp.ProductActivityStackingCouponProduct_TestSet001"/>
  <testcase name="test006_校验单品券叠加全场单品券" time="0.000" classname="BackOffice.temp.ProductActivityStackingCouponProduct_TestSet001"/>
  <testcase name="test006_校验单品券叠加全场单品券" time="0.000" classname="BackOffice.temp.ProductActivityStackingCouponProduct_TestSet001"/>
  <testcase name="test006_校验单品券叠加全场单品券" time="0.000" classname="BackOffice.temp.ProductActivityStackingCouponProduct_TestSet001"/>
  <testcase name="test002_创建活动页面" time="7.561" classname="BackOffice.temp.ProductActivityStackingCouponProduct_TestSet001"/>
  <testcase name="test004_单品券叠加全场单品券页面获取" time="2.585" classname="BackOffice.temp.ProductActivityStackingCouponProduct_TestSet001"/>
  <testcase name="test006_校验单品券叠加全场单品券" time="0.000" classname="BackOffice.temp.ProductActivityStackingCouponProduct_TestSet001"/>
  <testcase name="test006_校验单品券叠加全场单品券" time="0.000" classname="BackOffice.temp.ProductActivityStackingCouponProduct_TestSet001"/>
  <testcase name="test001_启动后台" time="11.008" classname="BackOffice.temp.ProductActivityStackingCouponProduct_TestSet001"/>
  <testcase name="test006_校验单品券叠加全场单品券" time="0.000" classname="BackOffice.temp.ProductActivityStackingCouponProduct_TestSet001"/>
  <testcase name="test006_校验单品券叠加全场单品券" time="0.000" classname="BackOffice.temp.ProductActivityStackingCouponProduct_TestSet001"/>
  <testcase name="test006_校验单品券叠加全场单品券" time="0.000" classname="BackOffice.temp.ProductActivityStackingCouponProduct_TestSet001"/>
  <testcase name="test006_校验单品券叠加全场单品券" time="0.000" classname="BackOffice.temp.ProductActivityStackingCouponProduct_TestSet001"/>
  <testcase name="test006_校验单品券叠加全场单品券" time="0.000" classname="BackOffice.temp.ProductActivityStackingCouponProduct_TestSet001"/>
  <testcase name="test006_校验单品券叠加全场单品券" time="0.000" classname="BackOffice.temp.ProductActivityStackingCouponProduct_TestSet001"/>
  <testcase name="test005_校验单品券叠加全场单品券" time="0.001" classname="BackOffice.temp.ProductActivityStackingCouponProduct_TestSet001"/>
  <testcase name="test003_创建单品券叠加全场单品券" time="11.722" classname="BackOffice.temp.ProductActivityStackingCouponProduct_TestSet001"/>
  <testcase name="test006_校验单品券叠加全场单品券" time="0.001" classname="BackOffice.temp.ProductActivityStackingCouponProduct_TestSet001"/>
  <testcase name="test006_校验单品券叠加全场单品券" time="0.000" classname="BackOffice.temp.ProductActivityStackingCouponProduct_TestSet001"/>
  <testcase name="test006_校验单品券叠加全场单品券" time="0.000" classname="BackOffice.temp.ProductActivityStackingCouponProduct_TestSet001"/>
  <testcase name="test006_校验单品券叠加全场单品券" time="0.000" classname="BackOffice.temp.ProductActivityStackingCouponProduct_TestSet001"/>
</testsuite> <!-- BackOffice.temp.ProductActivityStackingCouponProduct_TestSet001 -->
