<?xml version="1.0" encoding="UTF-8"?>
<!-- Generated by org.testng.reporters.JUnitReportReporter -->
<testsuite skipped="0" hostname="CNL-4JVB6J3" name="E2E.TestSet_004" tests="32" failures="0" timestamp="26 十月 2023 03:34:23 GMT" time="780.223" errors="0">
  <testcase name="test011_cartEstimatePrices" time="0.001" classname="E2E.TestSet_004"/>
  <testcase name="test013_创建活动页面" time="7.617" classname="E2E.TestSet_004"/>
  <testcase name="test019_cartEstimatePrices" time="0.003" classname="E2E.TestSet_004"/>
  <testcase name="test017_loggedUserReceiveCoupon" time="1.181" classname="E2E.TestSet_004"/>
  <testcase name="test012_cartEstimatePrices" time="0.002" classname="E2E.TestSet_004"/>
  <testcase name="test001_启动后台" time="12.277" classname="E2E.TestSet_004"/>
  <testcase name="test019_cartEstimatePrices" time="0.002" classname="E2E.TestSet_004"/>
  <testcase name="test016_定向券页面获取" time="132.202" classname="E2E.TestSet_004"/>
  <testcase name="test002_创建活动页面" time="7.671" classname="E2E.TestSet_004"/>
  <testcase name="test015_定向券页面获取" time="2.673" classname="E2E.TestSet_004"/>
  <testcase name="test020_cartEstimatePrices" time="0.001" classname="E2E.TestSet_004"/>
  <testcase name="test023_userAvailableCoupon" time="0.621" classname="E2E.TestSet_004"/>
  <testcase name="test005_定向券页面获取" time="132.828" classname="E2E.TestSet_004"/>
  <testcase name="test020_cartEstimatePrices" time="0.002" classname="E2E.TestSet_004"/>
  <testcase name="test020_cartEstimatePrices" time="0.002" classname="E2E.TestSet_004"/>
  <testcase name="test003_创建定向券" time="10.200" classname="E2E.TestSet_004"/>
  <testcase name="test011_cartEstimatePrices" time="0.002" classname="E2E.TestSet_004"/>
  <testcase name="test014_创建定向券" time="10.085" classname="E2E.TestSet_004"/>
  <testcase name="test019_cartEstimatePrices" time="0.001" classname="E2E.TestSet_004"/>
  <testcase name="test009_loggedUserReceiveCoupon" time="1.208" classname="E2E.TestSet_004"/>
  <testcase name="test022_queryDesignatedUserCoupon" time="36.726" classname="E2E.TestSet_004"/>
  <testcase name="test011_cartEstimatePrices" time="0.002" classname="E2E.TestSet_004"/>
  <testcase name="test012_cartEstimatePrices" time="0.001" classname="E2E.TestSet_004"/>
  <testcase name="test011_cartEstimatePrices" time="0.003" classname="E2E.TestSet_004"/>
  <testcase name="test019_cartEstimatePrices" time="0.002" classname="E2E.TestSet_004"/>
  <testcase name="test018_cartEstimatePrices" time="0.344" classname="E2E.TestSet_004"/>
  <testcase name="test021_loggedUserReceiveCoupon" time="421.425" classname="E2E.TestSet_004"/>
  <testcase name="test020_cartEstimatePrices" time="0.001" classname="E2E.TestSet_004"/>
  <testcase name="test010_cartEstimatePrices" time="0.458" classname="E2E.TestSet_004"/>
  <testcase name="test004_定向券页面获取" time="2.679" classname="E2E.TestSet_004"/>
  <testcase name="test012_cartEstimatePrices" time="0.002" classname="E2E.TestSet_004"/>
  <testcase name="test012_cartEstimatePrices" time="0.001" classname="E2E.TestSet_004"/>
</testsuite> <!-- E2E.TestSet_004 -->
