<?xml version="1.0" encoding="UTF-8"?>
<!-- Generated by org.testng.reporters.JUnitReportReporter -->
<testsuite skipped="0" hostname="CNL-4JVB6J3" name="FacadePromo.receiveCoupon" tests="1" failures="0" timestamp="09 八月 2023 09:57:30 GMT" time="37.358" errors="0">
  <testcase name="receiveCoupon_Test" time="37.358" classname="FacadePromo.receiveCoupon"/>
</testsuite> <!-- FacadePromo.receiveCoupon -->
