<?xml version="1.0" encoding="UTF-8"?>
<!-- Generated by org.testng.reporters.JUnitReportReporter -->
<testsuite skipped="0" hostname="CNL-4JVB6J3" name="BackOffice.test1" tests="3" failures="0" timestamp="03 八月 2023 04:00:19 GMT" time="28.096" errors="0">
  <testcase name="test003_创建全场券" time="6.814" classname="BackOffice.test1"/>
  <testcase name="test001_启动后台" time="13.508" classname="BackOffice.test1"/>
  <testcase name="test002_创建活动页面" time="7.774" classname="BackOffice.test1"/>
</testsuite> <!-- BackOffice.test1 -->
