<?xml version="1.0" encoding="UTF-8"?>
<!-- Generated by org.testng.reporters.JUnitReportReporter -->
<testsuite skipped="8" hostname="CNL-4JVB6J3" name="E2E.TestSet_005" tests="37" failures="1" timestamp="26 十月 2023 08:29:22 GMT" time="206.059" errors="0">
  <testcase name="test006_校验定向单品券" time="0.000" classname="E2E.TestSet_005"/>
  <testcase name="test006_校验定向单品券" time="0.001" classname="E2E.TestSet_005"/>
  <testcase name="test011_userAvailableCoupon" time="0.000" classname="E2E.TestSet_005">
    <skipped/>
  </testcase> <!-- test011_userAvailableCoupon -->
  <testcase name="test019_userAvailableCoupon" time="0.000" classname="E2E.TestSet_005">
    <skipped/>
  </testcase> <!-- test019_userAvailableCoupon -->
  <testcase name="test006_校验定向单品券" time="0.000" classname="E2E.TestSet_005"/>
  <testcase name="test005_校验定向单品券" time="0.000" classname="E2E.TestSet_005"/>
  <testcase name="test009_定向券页面获取" time="142.541" classname="E2E.TestSet_005"/>
  <testcase name="test006_校验定向单品券" time="0.000" classname="E2E.TestSet_005"/>
  <testcase name="test030_queryNonDesignatedUserCoupon" time="0.602" classname="E2E.TestSet_005"/>
  <testcase name="test008_userAvailableCoupon" time="0.487" classname="E2E.TestSet_005"/>
  <testcase name="test006_校验定向单品券" time="0.000" classname="E2E.TestSet_005"/>
  <testcase name="test007_queryDesignatedUserCoupon" time="1.911" classname="E2E.TestSet_005"/>
  <testcase name="test006_校验定向单品券" time="0.000" classname="E2E.TestSet_005"/>
  <testcase name="test006_校验定向单品券" time="0.000" classname="E2E.TestSet_005"/>
  <testcase name="test014_plans" time="0.000" classname="E2E.TestSet_005">
    <skipped/>
  </testcase> <!-- test014_plans -->
  <testcase name="test006_校验定向单品券" time="0.000" classname="E2E.TestSet_005"/>
  <testcase name="test031_loggedUserNonDesignatedUserReceiveCoupon" time="0.474" classname="E2E.TestSet_005"/>
  <testcase name="test032_queryNonDesignatedUserCoupon" time="0.000" classname="E2E.TestSet_005">
    <skipped/>
  </testcase> <!-- test032_queryNonDesignatedUserCoupon -->
  <testcase name="test006_校验定向单品券" time="0.000" classname="E2E.TestSet_005"/>
  <testcase name="test012_loggedUserReceiveCoupon" time="0.000" classname="E2E.TestSet_005">
    <skipped/>
  </testcase> <!-- test012_loggedUserReceiveCoupon -->
  <testcase name="test018_queryDesignatedUserCoupon" time="0.000" classname="E2E.TestSet_005">
    <skipped/>
  </testcase> <!-- test018_queryDesignatedUserCoupon -->
  <testcase name="test006_校验定向单品券" time="0.000" classname="E2E.TestSet_005"/>
  <testcase name="test010_queryDesignatedUserCoupon" time="21.711" classname="E2E.TestSet_005">
    <failure type="java.lang.AssertionError" message="生效活动，在指定用户的优惠券接口不展示活动数据，期望结果展示 expected [true] but found [false]">
      <![CDATA[java.lang.AssertionError: 生效活动，在指定用户的优惠券接口不展示活动数据，期望结果展示 expected [true] but found [false]
at org.testng.Assert.fail(Assert.java:96)
at org.testng.Assert.failNotEquals(Assert.java:776)
at org.testng.Assert.assertEqualsImpl(Assert.java:137)
at org.testng.Assert.assertEquals(Assert.java:118)
at org.testng.Assert.assertEquals(Assert.java:568)
at E2E.TestSet_005.test010_queryDesignatedUserCoupon(TestSet_005.java:257)
at sun.reflect.NativeMethodAccessorImpl.invoke0(Native Method)
at sun.reflect.NativeMethodAccessorImpl.invoke(NativeMethodAccessorImpl.java:62)
at sun.reflect.DelegatingMethodAccessorImpl.invoke(DelegatingMethodAccessorImpl.java:43)
at java.lang.reflect.Method.invoke(Method.java:483)
at org.testng.internal.MethodInvocationHelper.invokeMethod(MethodInvocationHelper.java:124)
at org.testng.internal.Invoker.invokeMethod(Invoker.java:583)
at org.testng.internal.Invoker.invokeTestMethod(Invoker.java:719)
at org.testng.internal.Invoker.invokeTestMethods(Invoker.java:989)
at org.testng.internal.TestMethodWorker.invokeTestMethods(TestMethodWorker.java:125)
at org.testng.internal.TestMethodWorker.run(TestMethodWorker.java:109)
at org.testng.TestRunner.privateRun(TestRunner.java:648)
at org.testng.TestRunner.run(TestRunner.java:505)
at org.testng.SuiteRunner.runTest(SuiteRunner.java:455)
at org.testng.SuiteRunner.runSequentially(SuiteRunner.java:450)
at org.testng.SuiteRunner.privateRun(SuiteRunner.java:415)
at org.testng.SuiteRunner.run(SuiteRunner.java:364)
at org.testng.SuiteRunnerWorker.runSuite(SuiteRunnerWorker.java:52)
at org.testng.SuiteRunnerWorker.run(SuiteRunnerWorker.java:84)
at org.testng.TestNG.runSuitesSequentially(TestNG.java:1208)
at org.testng.TestNG.runSuitesLocally(TestNG.java:1137)
at org.testng.TestNG.runSuites(TestNG.java:1049)
at org.testng.TestNG.run(TestNG.java:1017)
at com.intellij.rt.testng.IDEARemoteTestNG.run(IDEARemoteTestNG.java:66)
at com.intellij.rt.testng.RemoteTestNGStarter.main(RemoteTestNGStarter.java:109)
]]>
    </failure>
  </testcase> <!-- test010_queryDesignatedUserCoupon -->
  <testcase name="test006_校验定向单品券" time="0.000" classname="E2E.TestSet_005"/>
  <testcase name="test006_校验定向单品券" time="0.000" classname="E2E.TestSet_005"/>
  <testcase name="test006_校验定向单品券" time="0.000" classname="E2E.TestSet_005"/>
  <testcase name="test006_校验定向单品券" time="0.000" classname="E2E.TestSet_005"/>
  <testcase name="test002_创建活动页面" time="7.547" classname="E2E.TestSet_005"/>
  <testcase name="test006_校验定向单品券" time="0.000" classname="E2E.TestSet_005"/>
  <testcase name="test004_定向券页面获取" time="2.533" classname="E2E.TestSet_005"/>
  <testcase name="test006_校验定向单品券" time="0.000" classname="E2E.TestSet_005"/>
  <testcase name="test003_创建定向券" time="14.190" classname="E2E.TestSet_005"/>
  <testcase name="test006_校验定向单品券" time="0.000" classname="E2E.TestSet_005"/>
  <testcase name="test013_loggedUserReceiveCoupon" time="0.573" classname="E2E.TestSet_005"/>
  <testcase name="test029_queryNonDesignatedUserCoupon" time="0.000" classname="E2E.TestSet_005">
    <skipped/>
  </testcase> <!-- test029_queryNonDesignatedUserCoupon -->
  <testcase name="test001_启动后台" time="13.489" classname="E2E.TestSet_005"/>
  <testcase name="test033_loggedUserNonDesignatedUserReceiveCoupon" time="0.000" classname="E2E.TestSet_005">
    <skipped/>
  </testcase> <!-- test033_loggedUserNonDesignatedUserReceiveCoupon -->
</testsuite> <!-- E2E.TestSet_005 -->
