<?xml version="1.0" encoding="UTF-8"?>
<!-- Generated by org.testng.reporters.JUnitReportReporter -->
<testsuite skipped="0" hostname="CNL-4JVB6J3" name="E2E.TestSet_006" tests="66" failures="0" timestamp="01 十一月 2023 07:08:36 GMT" time="314.711" errors="0">
  <testcase name="test006_校验商品券" time="0.000" classname="E2E.TestSet_006"/>
  <testcase name="test017_promotionDetails_004" time="0.001" classname="E2E.TestSet_006"/>
  <testcase name="test007_queryUserCoupon" time="2.191" classname="E2E.TestSet_006"/>
  <testcase name="test017_promotionDetails_003" time="0.000" classname="E2E.TestSet_006"/>
  <testcase name="test017_promotionDetails_002" time="0.000" classname="E2E.TestSet_006"/>
  <testcase name="test015_repricing" time="0.444" classname="E2E.TestSet_006"/>
  <testcase name="test022_redeemCoupon" time="5.667" classname="E2E.TestSet_006"/>
  <testcase name="test012_loggedUserReceiveCoupon" time="0.477" classname="E2E.TestSet_006"/>
  <testcase name="test006_校验商品券" time="0.000" classname="E2E.TestSet_006"/>
  <testcase name="test006_校验商品券" time="0.000" classname="E2E.TestSet_006"/>
  <testcase name="test019_userAvailableCoupon" time="10.692" classname="E2E.TestSet_006"/>
  <testcase name="test017_promotionDetails_002" time="0.000" classname="E2E.TestSet_006"/>
  <testcase name="test017_promotionDetails_003" time="0.000" classname="E2E.TestSet_006"/>
  <testcase name="test017_promotionDetails_003" time="0.000" classname="E2E.TestSet_006"/>
  <testcase name="test029_plans_NonAssignedProducts" time="0.827" classname="E2E.TestSet_006"/>
  <testcase name="test006_校验商品券" time="0.000" classname="E2E.TestSet_006"/>
  <testcase name="test016_applyPromotionPlans" time="25.475" classname="E2E.TestSet_006"/>
  <testcase name="test017_promotionDetails_002" time="0.000" classname="E2E.TestSet_006"/>
  <testcase name="test017_promotionDetails_004" time="0.000" classname="E2E.TestSet_006"/>
  <testcase name="test009_商品券页面获取" time="122.725" classname="E2E.TestSet_006"/>
  <testcase name="test017_promotionDetails_002" time="0.000" classname="E2E.TestSet_006"/>
  <testcase name="test017_promotionDetails_002" time="0.001" classname="E2E.TestSet_006"/>
  <testcase name="test017_promotionDetails_003" time="0.000" classname="E2E.TestSet_006"/>
  <testcase name="test018_queryUserCoupon" time="0.662" classname="E2E.TestSet_006"/>
  <testcase name="test017_promotionDetails_003" time="0.000" classname="E2E.TestSet_006"/>
  <testcase name="test006_校验商品券" time="0.001" classname="E2E.TestSet_006"/>
  <testcase name="test006_校验商品券" time="0.001" classname="E2E.TestSet_006"/>
  <testcase name="test017_promotionDetails_003" time="0.001" classname="E2E.TestSet_006"/>
  <testcase name="test026_loggedUserReceiveCoupon" time="0.698" classname="E2E.TestSet_006"/>
  <testcase name="test006_校验商品券" time="0.000" classname="E2E.TestSet_006"/>
  <testcase name="test008_userAvailableCoupon" time="0.564" classname="E2E.TestSet_006"/>
  <testcase name="test002_创建活动页面" time="7.565" classname="E2E.TestSet_006"/>
  <testcase name="test006_校验商品券" time="0.000" classname="E2E.TestSet_006"/>
  <testcase name="test013_loggedUserReceiveCoupon" time="0.517" classname="E2E.TestSet_006"/>
  <testcase name="test017_promotionDetails_004" time="0.000" classname="E2E.TestSet_006"/>
  <testcase name="test025_userAvailableCoupon" time="10.742" classname="E2E.TestSet_006"/>
  <testcase name="test005_校验商品券" time="0.001" classname="E2E.TestSet_006"/>
  <testcase name="test001_启动后台" time="12.392" classname="E2E.TestSet_006"/>
  <testcase name="test017_promotionDetails_002" time="0.000" classname="E2E.TestSet_006"/>
  <testcase name="test029_商品券活动关闭" time="6.673" classname="E2E.TestSet_006"/>
  <testcase name="test028_userAvailableCoupon" time="0.502" classname="E2E.TestSet_006"/>
  <testcase name="test015_plans_AssignedProducts" time="0.693" classname="E2E.TestSet_006"/>
  <testcase name="test006_校验商品券" time="0.000" classname="E2E.TestSet_006"/>
  <testcase name="test017_promotionDetails_003" time="0.000" classname="E2E.TestSet_006"/>
  <testcase name="test006_校验商品券" time="0.000" classname="E2E.TestSet_006"/>
  <testcase name="test006_校验商品券" time="0.000" classname="E2E.TestSet_006"/>
  <testcase name="test004_商品券页面获取" time="2.593" classname="E2E.TestSet_006"/>
  <testcase name="test017_promotionDetails_004" time="0.000" classname="E2E.TestSet_006"/>
  <testcase name="test006_校验商品券" time="0.000" classname="E2E.TestSet_006"/>
  <testcase name="test006_校验商品券" time="0.000" classname="E2E.TestSet_006"/>
  <testcase name="test003_创建商品券" time="11.399" classname="E2E.TestSet_006"/>
  <testcase name="test020_queryUserCoupon" time="21.731" classname="E2E.TestSet_006"/>
  <testcase name="test017_promotionDetails_003" time="0.000" classname="E2E.TestSet_006"/>
  <testcase name="test024_queryUserCoupon" time="0.808" classname="E2E.TestSet_006"/>
  <testcase name="test021_userAvailableCoupon" time="0.605" classname="E2E.TestSet_006"/>
  <testcase name="test017_promotionDetails_003" time="0.000" classname="E2E.TestSet_006"/>
  <testcase name="test017_promotionDetails_001" time="0.487" classname="E2E.TestSet_006"/>
  <testcase name="test006_校验商品券" time="0.000" classname="E2E.TestSet_006"/>
  <testcase name="test011_userAvailableCoupon" time="60.962" classname="E2E.TestSet_006"/>
  <testcase name="test006_校验商品券" time="0.000" classname="E2E.TestSet_006"/>
  <testcase name="test017_promotionDetails_003" time="0.000" classname="E2E.TestSet_006"/>
  <testcase name="test006_校验商品券" time="0.000" classname="E2E.TestSet_006"/>
  <testcase name="test006_校验商品券" time="0.000" classname="E2E.TestSet_006"/>
  <testcase name="test010_queryUserCoupon" time="0.973" classname="E2E.TestSet_006"/>
  <testcase name="test023_refundCoupon" time="5.641" classname="E2E.TestSet_006"/>
  <testcase name="test017_promotionDetails_002" time="0.000" classname="E2E.TestSet_006"/>
</testsuite> <!-- E2E.TestSet_006 -->
