<?xml version="1.0" encoding="UTF-8"?>
<!-- Generated by org.testng.reporters.JUnitReportReporter -->
<testsuite skipped="35" hostname="CNL-4JVB6J3" name="E2E.TestSet_H5_008" tests="37" failures="0" timestamp="13 十二月 2023 01:49:39 GMT" time="59.948" errors="1">
  <testcase name="test022_redeemCoupon" time="0.000" classname="E2E.TestSet_H5_008">
    <skipped/>
  </testcase> <!-- test022_redeemCoupon -->
  <testcase name="test018_queryUserCoupon" time="0.000" classname="E2E.TestSet_H5_008">
    <skipped/>
  </testcase> <!-- test018_queryUserCoupon -->
  <testcase name="test015_repricing" time="0.000" classname="E2E.TestSet_H5_008">
    <skipped/>
  </testcase> <!-- test015_repricing -->
  <testcase name="test003_创建活动页黑名单全场券" time="0.000" classname="E2E.TestSet_H5_008">
    <skipped/>
  </testcase> <!-- test003_创建活动页黑名单全场券 -->
  <testcase name="test032_plans" time="0.000" classname="E2E.TestSet_H5_008">
    <skipped/>
  </testcase> <!-- test032_plans -->
  <testcase name="test023_refundCoupon" time="0.000" classname="E2E.TestSet_H5_008">
    <skipped/>
  </testcase> <!-- test023_refundCoupon -->
  <testcase name="test004_活动页黑名单全场券页面获取" time="0.000" classname="E2E.TestSet_H5_008">
    <skipped/>
  </testcase> <!-- test004_活动页黑名单全场券页面获取 -->
  <testcase name="test025_userAvailableCoupon" time="0.000" classname="E2E.TestSet_H5_008">
    <skipped/>
  </testcase> <!-- test025_userAvailableCoupon -->
  <testcase name="test013_loggedUserReceiveCoupon" time="0.000" classname="E2E.TestSet_H5_008">
    <skipped/>
  </testcase> <!-- test013_loggedUserReceiveCoupon -->
  <testcase name="test007_queryUserCoupon" time="0.000" classname="E2E.TestSet_H5_008">
    <skipped/>
  </testcase> <!-- test007_queryUserCoupon -->
  <testcase name="test026_loggedUserReceiveCoupon" time="0.000" classname="E2E.TestSet_H5_008">
    <skipped/>
  </testcase> <!-- test026_loggedUserReceiveCoupon -->
  <testcase name="test030_userAvailableCoupon" time="0.000" classname="E2E.TestSet_H5_008">
    <skipped/>
  </testcase> <!-- test030_userAvailableCoupon -->
  <testcase name="test008_userAvailableCoupon" time="0.001" classname="E2E.TestSet_H5_008">
    <skipped/>
  </testcase> <!-- test008_userAvailableCoupon -->
  <testcase name="test012_loggedUserReceiveCoupon" time="0.000" classname="E2E.TestSet_H5_008">
    <skipped/>
  </testcase> <!-- test012_loggedUserReceiveCoupon -->
  <testcase name="test019_userAvailableCoupon" time="0.000" classname="E2E.TestSet_H5_008">
    <skipped/>
  </testcase> <!-- test019_userAvailableCoupon -->
  <testcase name="test017_promotionDetails_002" time="0.000" classname="E2E.TestSet_H5_008">
    <skipped/>
  </testcase> <!-- test017_promotionDetails_002 -->
  <testcase name="test006_校验活动页黑名单全场券" time="0.000" classname="E2E.TestSet_H5_008">
    <skipped/>
  </testcase> <!-- test006_校验活动页黑名单全场券 -->
  <testcase name="test014_plans" time="0.000" classname="E2E.TestSet_H5_008">
    <skipped/>
  </testcase> <!-- test014_plans -->
  <testcase name="test017_promotionDetails_001" time="0.000" classname="E2E.TestSet_H5_008">
    <skipped/>
  </testcase> <!-- test017_promotionDetails_001 -->
  <testcase name="test034_userAvailableCoupon" time="0.000" classname="E2E.TestSet_H5_008">
    <skipped/>
  </testcase> <!-- test034_userAvailableCoupon -->
  <testcase name="test005_校验活动页黑名单全场券" time="0.000" classname="E2E.TestSet_H5_008">
    <skipped/>
  </testcase> <!-- test005_校验活动页黑名单全场券 -->
  <testcase name="test010_queryUserCoupon" time="0.000" classname="E2E.TestSet_H5_008">
    <skipped/>
  </testcase> <!-- test010_queryUserCoupon -->
  <testcase name="test029_userAvailableCoupon" time="0.000" classname="E2E.TestSet_H5_008">
    <skipped/>
  </testcase> <!-- test029_userAvailableCoupon -->
  <testcase name="test033_plans" time="0.000" classname="E2E.TestSet_H5_008">
    <skipped/>
  </testcase> <!-- test033_plans -->
  <testcase name="test028_userAvailableCoupon" time="0.000" classname="E2E.TestSet_H5_008">
    <skipped/>
  </testcase> <!-- test028_userAvailableCoupon -->
  <testcase name="test024_queryUserCoupon" time="0.000" classname="E2E.TestSet_H5_008">
    <skipped/>
  </testcase> <!-- test024_queryUserCoupon -->
  <testcase name="test011_userAvailableCoupon" time="0.000" classname="E2E.TestSet_H5_008">
    <skipped/>
  </testcase> <!-- test011_userAvailableCoupon -->
  <testcase name="test021_userAvailableCoupon" time="0.000" classname="E2E.TestSet_H5_008">
    <skipped/>
  </testcase> <!-- test021_userAvailableCoupon -->
  <testcase name="test016_applyPromotionPlans" time="0.000" classname="E2E.TestSet_H5_008">
    <skipped/>
  </testcase> <!-- test016_applyPromotionPlans -->
  <testcase name="test017_promotionDetails_003" time="0.000" classname="E2E.TestSet_H5_008">
    <skipped/>
  </testcase> <!-- test017_promotionDetails_003 -->
  <testcase name="test002_创建活动页面" time="48.655" classname="E2E.TestSet_H5_008">
    <error type="java.lang.NullPointerException">
      <![CDATA[java.lang.NullPointerException
at UITestCase.BackOffice.newActivity.newActivity(newActivity.java:63)
at E2E.TestSet_H5_008.test002_创建活动页面(TestSet_H5_008.java:143)
at sun.reflect.NativeMethodAccessorImpl.invoke0(Native Method)
at sun.reflect.NativeMethodAccessorImpl.invoke(NativeMethodAccessorImpl.java:62)
at sun.reflect.DelegatingMethodAccessorImpl.invoke(DelegatingMethodAccessorImpl.java:43)
at java.lang.reflect.Method.invoke(Method.java:483)
at org.testng.internal.MethodInvocationHelper.invokeMethod(MethodInvocationHelper.java:124)
at org.testng.internal.Invoker.invokeMethod(Invoker.java:583)
at org.testng.internal.Invoker.invokeTestMethod(Invoker.java:719)
at org.testng.internal.Invoker.invokeTestMethods(Invoker.java:989)
at org.testng.internal.TestMethodWorker.invokeTestMethods(TestMethodWorker.java:125)
at org.testng.internal.TestMethodWorker.run(TestMethodWorker.java:109)
at org.testng.TestRunner.privateRun(TestRunner.java:648)
at org.testng.TestRunner.run(TestRunner.java:505)
at org.testng.SuiteRunner.runTest(SuiteRunner.java:455)
at org.testng.SuiteRunner.runSequentially(SuiteRunner.java:450)
at org.testng.SuiteRunner.privateRun(SuiteRunner.java:415)
at org.testng.SuiteRunner.run(SuiteRunner.java:364)
at org.testng.SuiteRunnerWorker.runSuite(SuiteRunnerWorker.java:52)
at org.testng.SuiteRunnerWorker.run(SuiteRunnerWorker.java:84)
at org.testng.TestNG.runSuitesSequentially(TestNG.java:1208)
at org.testng.TestNG.runSuitesLocally(TestNG.java:1137)
at org.testng.TestNG.runSuites(TestNG.java:1049)
at org.testng.TestNG.run(TestNG.java:1017)
at com.intellij.rt.testng.IDEARemoteTestNG.run(IDEARemoteTestNG.java:66)
at com.intellij.rt.testng.RemoteTestNGStarter.main(RemoteTestNGStarter.java:109)
]]>
    </error>
  </testcase> <!-- test002_创建活动页面 -->
  <testcase name="test017_promotionDetails_004" time="0.000" classname="E2E.TestSet_H5_008">
    <skipped/>
  </testcase> <!-- test017_promotionDetails_004 -->
  <testcase name="test001_启动后台" time="11.292" classname="E2E.TestSet_H5_008"/>
  <testcase name="test009_活动页全场券页面获取" time="0.000" classname="E2E.TestSet_H5_008">
    <skipped/>
  </testcase> <!-- test009_活动页全场券页面获取 -->
  <testcase name="test031_userAvailableCoupon" time="0.000" classname="E2E.TestSet_H5_008">
    <skipped/>
  </testcase> <!-- test031_userAvailableCoupon -->
  <testcase name="test029_活动页黑名单券活动关闭" time="0.000" classname="E2E.TestSet_H5_008">
    <skipped/>
  </testcase> <!-- test029_活动页黑名单券活动关闭 -->
  <testcase name="test020_queryUserCoupon" time="0.000" classname="E2E.TestSet_H5_008">
    <skipped/>
  </testcase> <!-- test020_queryUserCoupon -->
</testsuite> <!-- E2E.TestSet_H5_008 -->
